Reading GPU Configurations...
Block Scheduling Policy: ROUND_ROBIN
Warp Scheduling Policy: ROUND_ROBIN
trace type : nvbit
> trace_path: macsim_traces/cnn_half/Kernel0/trace.txt truncate_size: 0
 trace type : nvbit
# of blocks: 184, # of warps: 1472, # of Instrs: 450112
> trace_path: macsim_traces/cnn_half/Kernel1/trace.txt truncate_size: 0
 trace type : nvbit
# of blocks: 1024, # of warps: 2048, # of Instrs: 4253744
> trace_path: macsim_traces/cnn_half/Kernel2/trace.txt truncate_size: 0
 trace type : nvbit
# of blocks: 2048, # of warps: 8192, # of Instrs: 1581056
> trace_path: macsim_traces/cnn_half/Kernel3/trace.txt truncate_size: 0
 trace type : nvbit
# of blocks: 2048, # of warps: 8192, # of Instrs: 352256
> trace_path: macsim_traces/cnn_half/Kernel4/trace.txt truncate_size: 0
 trace type : nvbit
# of blocks: 1024, # of warps: 8192, # of Instrs: 2196650
> trace_path: macsim_traces/cnn_half/Kernel5/trace.txt truncate_size: 0
 trace type : nvbit
# of blocks: 256, # of warps: 2048, # of Instrs: 362560
> trace_path: macsim_traces/cnn_half/Kernel6/trace.txt truncate_size: 0
 trace type : nvbit
# of blocks: 64, # of warps: 512, # of Instrs: 77120
> trace_path: macsim_traces/cnn_half/Kernel7/trace.txt truncate_size: 0
 trace type : nvbit
# of blocks: 5, # of warps: 40, # of Instrs: 3071
> trace_path: macsim_traces/cnn_half/Kernel8/trace.txt truncate_size: 0
 trace type : nvbit
# of blocks: 32, # of warps: 256, # of Instrs: 2740160
> trace_path: macsim_traces/cnn_half/Kernel9/trace.txt truncate_size: 0
 trace type : nvbit
# of blocks: 512, # of warps: 4096, # of Instrs: 681600
> trace_path: macsim_traces/cnn_half/Kernel10/trace.txt truncate_size: 0
 trace type : nvbit
# of blocks: 1024, # of warps: 4096, # of Instrs: 790528
> trace_path: macsim_traces/cnn_half/Kernel11/trace.txt truncate_size: 0
 trace type : nvbit
# of blocks: 1024, # of warps: 4096, # of Instrs: 176128
> trace_path: macsim_traces/cnn_half/Kernel12/trace.txt truncate_size: 0
 trace type : nvbit
# of blocks: 512, # of warps: 4096, # of Instrs: 1095747
> trace_path: macsim_traces/cnn_half/Kernel13/trace.txt truncate_size: 0
 trace type : nvbit
# of blocks: 32, # of warps: 512, # of Instrs: 91648
> trace_path: macsim_traces/cnn_half/Kernel14/trace.txt truncate_size: 0
 trace type : nvbit
# of blocks: 2, # of warps: 8, # of Instrs: 5036
Macsim started @ Wed Feb 18 20:58:17 2026

**************************************************
========== starting kernel 0 ==========
RAM resp id:0 m_cycle=1264 req_time=1061 resp_time=203 total_latency=203
RAM resp id:1000 m_cycle=32991 req_time=0 resp_time=0 total_latency=155572
RAM resp id:2000 m_cycle=55752 req_time=0 resp_time=0 total_latency=259668
core 1 retired
core 0 retired
core 2 retired
core 3 retired
core 4 retired
core 5 retired
core 6 retired
core 7 retired
========== kernel 0 summary ==========
Core: 0
	CORE0_TOT_CYCLES   : 65450
	CORE0_STALL_CYCLES : 8817
	CORE0_LD_INSTR     : 0
	CORE0_ST_INSTR     : 183
	CORE0_TENSOR_INSTR : 0
	CORE0_TOT_INSTR    : 65450
Core: 1
	CORE1_TOT_CYCLES   : 65449
	CORE1_STALL_CYCLES : 8816
	CORE1_LD_INSTR     : 0
	CORE1_ST_INSTR     : 183
	CORE1_TENSOR_INSTR : 0
	CORE1_TOT_INSTR    : 65449
Core: 2
	CORE2_TOT_CYCLES   : 65503
	CORE2_STALL_CYCLES : 8870
	CORE2_LD_INSTR     : 0
	CORE2_ST_INSTR     : 183
	CORE2_TENSOR_INSTR : 0
	CORE2_TOT_INSTR    : 65503
Core: 3
	CORE3_TOT_CYCLES   : 65512
	CORE3_STALL_CYCLES : 8879
	CORE3_LD_INSTR     : 0
	CORE3_ST_INSTR     : 183
	CORE3_TENSOR_INSTR : 0
	CORE3_TOT_INSTR    : 65512
Core: 4
	CORE4_TOT_CYCLES   : 65520
	CORE4_STALL_CYCLES : 8887
	CORE4_LD_INSTR     : 0
	CORE4_ST_INSTR     : 183
	CORE4_TENSOR_INSTR : 0
	CORE4_TOT_INSTR    : 65520
Core: 5
	CORE5_TOT_CYCLES   : 65526
	CORE5_STALL_CYCLES : 8893
	CORE5_LD_INSTR     : 0
	CORE5_ST_INSTR     : 183
	CORE5_TENSOR_INSTR : 0
	CORE5_TOT_INSTR    : 65526
Core: 6
	CORE6_TOT_CYCLES   : 65532
	CORE6_STALL_CYCLES : 8899
	CORE6_LD_INSTR     : 0
	CORE6_ST_INSTR     : 183
	CORE6_TENSOR_INSTR : 0
	CORE6_TOT_INSTR    : 65532
Core: 7
	CORE7_TOT_CYCLES   : 65538
	CORE7_STALL_CYCLES : 8905
	CORE7_LD_INSTR     : 0
	CORE7_ST_INSTR     : 183
	CORE7_TENSOR_INSTR : 0
	CORE7_TOT_INSTR    : 65538
========== starting kernel 1 ==========
RAM resp id:3000 m_cycle=73128 req_time=0 resp_time=0 total_latency=377689
RAM resp id:4000 m_cycle=76714 req_time=0 resp_time=0 total_latency=480869
RAM resp id:5000 m_cycle=80135 req_time=79932 resp_time=203 total_latency=582843
RAM resp id:6000 m_cycle=83633 req_time=0 resp_time=0 total_latency=684199
RAM resp id:7000 m_cycle=92644 req_time=92441 resp_time=203 total_latency=792421
RAM resp id:8000 m_cycle=96264 req_time=0 resp_time=0 total_latency=896010
RAM resp id:9000 m_cycle=99799 req_time=0 resp_time=0 total_latency=997352
[Cycle: 100000]: mem_requests: 9119, mem_responses: 9058, avg_latency: 110
RAM resp id:10000 m_cycle=103391 req_time=103188 resp_time=203 total_latency=1099081
RAM resp id:11000 m_cycle=112698 req_time=112495 resp_time=203 total_latency=1206900
RAM resp id:12000 m_cycle=116361 req_time=116158 resp_time=203 total_latency=1310874
RAM resp id:13000 m_cycle=119902 req_time=0 resp_time=0 total_latency=1412196
RAM resp id:14000 m_cycle=123406 req_time=123203 resp_time=203 total_latency=1513925
RAM resp id:15000 m_cycle=132260 req_time=132057 resp_time=203 total_latency=1621966
RAM resp id:16000 m_cycle=135876 req_time=0 resp_time=0 total_latency=1725737
RAM resp id:17000 m_cycle=139369 req_time=0 resp_time=0 total_latency=1827306
RAM resp id:18000 m_cycle=142899 req_time=142695 resp_time=204 total_latency=1928658
RAM resp id:19000 m_cycle=152174 req_time=151971 resp_time=203 total_latency=2037090
RAM resp id:20000 m_cycle=155767 req_time=155564 resp_time=203 total_latency=2140066
RAM resp id:21000 m_cycle=159288 req_time=159085 resp_time=203 total_latency=2242025
RAM resp id:22000 m_cycle=162821 req_time=0 resp_time=0 total_latency=2343188
RAM resp id:23000 m_cycle=172675 req_time=172471 resp_time=204 total_latency=2452030
RAM resp id:24000 m_cycle=179436 req_time=179233 resp_time=203 total_latency=2554161
RAM resp id:25000 m_cycle=184149 req_time=0 resp_time=0 total_latency=2658134
RAM resp id:26000 m_cycle=190065 req_time=189862 resp_time=203 total_latency=2763722
RAM resp id:27000 m_cycle=196201 req_time=195998 resp_time=203 total_latency=2864433
[Cycle: 200000]: mem_requests: 27875, mem_responses: 27823, avg_latency: 106
RAM resp id:28000 m_cycle=200663 req_time=200460 resp_time=203 total_latency=2970859
RAM resp id:29000 m_cycle=206632 req_time=206429 resp_time=203 total_latency=3070553
RAM resp id:30000 m_cycle=211151 req_time=0 resp_time=0 total_latency=3176764
RAM resp id:31000 m_cycle=217383 req_time=0 resp_time=0 total_latency=3279100
RAM resp id:32000 m_cycle=221084 req_time=220881 resp_time=203 total_latency=3381053
RAM resp id:33000 m_cycle=227159 req_time=0 resp_time=0 total_latency=3481959
RAM resp id:34000 m_cycle=231923 req_time=0 resp_time=0 total_latency=3584312
RAM resp id:35000 m_cycle=237791 req_time=0 resp_time=0 total_latency=3689890
RAM resp id:36000 m_cycle=242207 req_time=0 resp_time=0 total_latency=3790804
RAM resp id:37000 m_cycle=248284 req_time=0 resp_time=0 total_latency=3895185
RAM resp id:38000 m_cycle=253881 req_time=0 resp_time=0 total_latency=3995709
RAM resp id:39000 m_cycle=258484 req_time=0 resp_time=0 total_latency=4099886
RAM resp id:40000 m_cycle=264160 req_time=0 resp_time=0 total_latency=4199782
RAM resp id:41000 m_cycle=268783 req_time=0 resp_time=0 total_latency=4303143
RAM resp id:42000 m_cycle=275017 req_time=274814 resp_time=203 total_latency=4404456
RAM resp id:43000 m_cycle=278950 req_time=278747 resp_time=203 total_latency=4505586
RAM resp id:44000 m_cycle=285749 req_time=285546 resp_time=203 total_latency=4608140
RAM resp id:45000 m_cycle=290096 req_time=0 resp_time=0 total_latency=4708454
RAM resp id:46000 m_cycle=295919 req_time=295716 resp_time=203 total_latency=4812011
[Cycle: 300000]: mem_requests: 46784, mem_responses: 46757, avg_latency: 104
RAM resp id:47000 m_cycle=301993 req_time=301790 resp_time=203 total_latency=4912116
RAM resp id:48000 m_cycle=306230 req_time=306027 resp_time=203 total_latency=5015086
RAM resp id:49000 m_cycle=312550 req_time=0 resp_time=0 total_latency=5115183
RAM resp id:50000 m_cycle=316672 req_time=316469 resp_time=203 total_latency=5217727
RAM resp id:51000 m_cycle=323088 req_time=0 resp_time=0 total_latency=5319861
RAM resp id:52000 m_cycle=327548 req_time=0 resp_time=0 total_latency=5420813
RAM resp id:53000 m_cycle=333439 req_time=0 resp_time=0 total_latency=5523750
RAM resp id:54000 m_cycle=338675 req_time=338472 resp_time=203 total_latency=5624052
RAM resp id:55000 m_cycle=344073 req_time=0 resp_time=0 total_latency=5726196
RAM resp id:56000 m_cycle=350704 req_time=0 resp_time=0 total_latency=5827306
RAM resp id:57000 m_cycle=354816 req_time=354613 resp_time=203 total_latency=5930081
RAM resp id:58000 m_cycle=361339 req_time=0 resp_time=0 total_latency=6031817
RAM resp id:59000 m_cycle=365566 req_time=365363 resp_time=203 total_latency=6132546
RAM resp id:60000 m_cycle=371684 req_time=0 resp_time=0 total_latency=6235699
RAM resp id:61000 m_cycle=377842 req_time=377639 resp_time=203 total_latency=6337426
RAM resp id:62000 m_cycle=381880 req_time=0 resp_time=0 total_latency=6440188
RAM resp id:63000 m_cycle=387820 req_time=387617 resp_time=203 total_latency=6543133
RAM resp id:64000 m_cycle=392933 req_time=392730 resp_time=203 total_latency=6646297
RAM resp id:65000 m_cycle=398406 req_time=398203 resp_time=203 total_latency=6750669
[Cycle: 400000]: mem_requests: 65464, mem_responses: 65419, avg_latency: 103
RAM resp id:66000 m_cycle=403483 req_time=403280 resp_time=203 total_latency=6851814
RAM resp id:67000 m_cycle=408601 req_time=408398 resp_time=203 total_latency=6955788
RAM resp id:68000 m_cycle=414313 req_time=0 resp_time=0 total_latency=7055897
RAM resp id:69000 m_cycle=418867 req_time=0 resp_time=0 total_latency=7159060
RAM resp id:70000 m_cycle=425081 req_time=0 resp_time=0 total_latency=7259369
RAM resp id:71000 m_cycle=429026 req_time=428823 resp_time=203 total_latency=7362552
RAM resp id:72000 m_cycle=435286 req_time=435083 resp_time=203 total_latency=7462248
RAM resp id:73000 m_cycle=440219 req_time=440016 resp_time=203 total_latency=7564603
RAM resp id:74000 m_cycle=446254 req_time=446051 resp_time=203 total_latency=7666338
RAM resp id:75000 m_cycle=451952 req_time=0 resp_time=0 total_latency=7768274
RAM resp id:76000 m_cycle=456637 req_time=0 resp_time=0 total_latency=7870817
RAM resp id:77000 m_cycle=464253 req_time=464050 resp_time=203 total_latency=7971117
RAM resp id:78000 m_cycle=470008 req_time=469805 resp_time=203 total_latency=8074062
RAM resp id:79000 m_cycle=474302 req_time=474098 resp_time=204 total_latency=8176628
RAM resp id:80000 m_cycle=478257 req_time=0 resp_time=0 total_latency=8276928
RAM resp id:81000 m_cycle=487924 req_time=0 resp_time=0 total_latency=8380062
RAM resp id:82000 m_cycle=492664 req_time=0 resp_time=0 total_latency=8482611
RAM resp id:83000 m_cycle=496918 req_time=0 resp_time=0 total_latency=8583532
[Cycle: 500000]: mem_requests: 83462, mem_responses: 83440, avg_latency: 103
RAM resp id:84000 m_cycle=504346 req_time=0 resp_time=0 total_latency=8685461
RAM resp id:85000 m_cycle=509166 req_time=508963 resp_time=203 total_latency=8788424
RAM resp id:86000 m_cycle=512989 req_time=0 resp_time=0 total_latency=8890167
RAM resp id:87000 m_cycle=517828 req_time=517625 resp_time=203 total_latency=8990064
RAM resp id:88000 m_cycle=524496 req_time=0 resp_time=0 total_latency=9093231
RAM resp id:89000 m_cycle=528998 req_time=0 resp_time=0 total_latency=9196997
RAM resp id:90000 m_cycle=532777 req_time=532573 resp_time=204 total_latency=9299565
RAM resp id:91000 m_cycle=538154 req_time=537951 resp_time=203 total_latency=9399880
RAM resp id:92000 m_cycle=544011 req_time=0 resp_time=0 total_latency=9503838
RAM resp id:93000 m_cycle=548707 req_time=0 resp_time=0 total_latency=9608424
RAM resp id:94000 m_cycle=552618 req_time=552415 resp_time=203 total_latency=9710774
RAM resp id:95000 m_cycle=557955 req_time=0 resp_time=0 total_latency=9810470
RAM resp id:96000 m_cycle=563789 req_time=563586 resp_time=203 total_latency=9914448
RAM resp id:97000 m_cycle=568409 req_time=568206 resp_time=203 total_latency=10018021
RAM resp id:98000 m_cycle=572317 req_time=0 resp_time=0 total_latency=10120178
RAM resp id:99000 m_cycle=576902 req_time=576699 resp_time=203 total_latency=10219673
RAM resp id:100000 m_cycle=583124 req_time=0 resp_time=0 total_latency=10323223
RAM resp id:101000 m_cycle=587896 req_time=0 resp_time=0 total_latency=10425588
RAM resp id:102000 m_cycle=591866 req_time=591663 resp_time=203 total_latency=10527947
RAM resp id:103000 m_cycle=595828 req_time=595625 resp_time=203 total_latency=10628680
[Cycle: 600000]: mem_requests: 103523, mem_responses: 103489, avg_latency: 103
RAM resp id:104000 m_cycle=602419 req_time=602216 resp_time=203 total_latency=10731406
RAM resp id:105000 m_cycle=607269 req_time=0 resp_time=0 total_latency=10833350
RAM resp id:106000 m_cycle=611316 req_time=611113 resp_time=203 total_latency=10936092
RAM resp id:107000 m_cycle=615693 req_time=615490 resp_time=203 total_latency=11036211
RAM resp id:108000 m_cycle=622169 req_time=0 resp_time=0 total_latency=11138954
RAM resp id:109000 m_cycle=627204 req_time=0 resp_time=0 total_latency=11241504
RAM resp id:110000 m_cycle=631190 req_time=630987 resp_time=203 total_latency=11343841
RAM resp id:111000 m_cycle=636400 req_time=0 resp_time=0 total_latency=11443337
RAM resp id:112000 m_cycle=642476 req_time=642273 resp_time=203 total_latency=11547095
RAM resp id:113000 m_cycle=647432 req_time=0 resp_time=0 total_latency=11649855
RAM resp id:114000 m_cycle=651360 req_time=0 resp_time=0 total_latency=11751991
RAM resp id:115000 m_cycle=655850 req_time=655647 resp_time=203 total_latency=11852094
RAM resp id:116000 m_cycle=662005 req_time=0 resp_time=0 total_latency=11955236
RAM resp id:117000 m_cycle=667069 req_time=0 resp_time=0 total_latency=12057786
RAM resp id:118000 m_cycle=670975 req_time=670771 resp_time=204 total_latency=12160151
RAM resp id:119000 m_cycle=676371 req_time=676168 resp_time=203 total_latency=12260074
RAM resp id:120000 m_cycle=681941 req_time=0 resp_time=0 total_latency=12364468
RAM resp id:121000 m_cycle=686682 req_time=686479 resp_time=203 total_latency=12468235
RAM resp id:122000 m_cycle=690726 req_time=690523 resp_time=203 total_latency=12570369
RAM resp id:123000 m_cycle=697543 req_time=697340 resp_time=203 total_latency=12674124
[Cycle: 700000]: mem_requests: 123703, mem_responses: 123654, avg_latency: 103
RAM resp id:124000 m_cycle=701556 req_time=0 resp_time=0 total_latency=12776904
RAM resp id:125000 m_cycle=706141 req_time=0 resp_time=0 total_latency=12880462
RAM resp id:126000 m_cycle=710114 req_time=0 resp_time=0 total_latency=12983425
RAM resp id:127000 m_cycle=716846 req_time=716643 resp_time=203 total_latency=13084749
RAM resp id:128000 m_cycle=721433 req_time=721230 resp_time=203 total_latency=13187706
RAM resp id:129000 m_cycle=725828 req_time=0 resp_time=0 total_latency=13290277
RAM resp id:130000 m_cycle=729756 req_time=729553 resp_time=203 total_latency=13391827
RAM resp id:131000 m_cycle=737020 req_time=736817 resp_time=203 total_latency=13493358
RAM resp id:132000 m_cycle=741572 req_time=0 resp_time=0 total_latency=13595732
RAM resp id:133000 m_cycle=745805 req_time=0 resp_time=0 total_latency=13697875
RAM resp id:134000 m_cycle=750033 req_time=0 resp_time=0 total_latency=13798602
RAM resp id:135000 m_cycle=757122 req_time=756919 resp_time=203 total_latency=13901954
RAM resp id:136000 m_cycle=761537 req_time=0 resp_time=0 total_latency=14003897
RAM resp id:137000 m_cycle=765780 req_time=0 resp_time=0 total_latency=14105869
RAM resp id:138000 m_cycle=770293 req_time=770090 resp_time=203 total_latency=14206225
RAM resp id:139000 m_cycle=777059 req_time=776856 resp_time=203 total_latency=14309797
RAM resp id:140000 m_cycle=781463 req_time=0 resp_time=0 total_latency=14411940
RAM resp id:141000 m_cycle=785768 req_time=785565 resp_time=203 total_latency=14514079
RAM resp id:142000 m_cycle=790650 req_time=790447 resp_time=203 total_latency=14614184
RAM resp id:143000 m_cycle=797010 req_time=0 resp_time=0 total_latency=14717740
[Cycle: 800000]: mem_requests: 143682, mem_responses: 143628, avg_latency: 102
RAM resp id:144000 m_cycle=801564 req_time=0 resp_time=0 total_latency=14820081
RAM resp id:145000 m_cycle=805872 req_time=0 resp_time=0 total_latency=14921824
RAM resp id:146000 m_cycle=812451 req_time=812248 resp_time=203 total_latency=15022328
RAM resp id:147000 m_cycle=817057 req_time=816854 resp_time=203 total_latency=15125896
RAM resp id:148000 m_cycle=821514 req_time=821311 resp_time=203 total_latency=15227224
RAM resp id:149000 m_cycle=825756 req_time=825553 resp_time=203 total_latency=15329369
RAM resp id:150000 m_cycle=832417 req_time=0 resp_time=0 total_latency=15429265
RAM resp id:151000 m_cycle=836973 req_time=836770 resp_time=203 total_latency=15533230
RAM resp id:152000 m_cycle=841360 req_time=841157 resp_time=203 total_latency=15636366
RAM resp id:153000 m_cycle=845705 req_time=0 resp_time=0 total_latency=15738706
RAM resp id:154000 m_cycle=852319 req_time=852116 resp_time=203 total_latency=15839818
RAM resp id:155000 m_cycle=856748 req_time=0 resp_time=0 total_latency=15943581
RAM resp id:156000 m_cycle=861153 req_time=0 resp_time=0 total_latency=16046336
RAM resp id:157000 m_cycle=865321 req_time=865118 resp_time=203 total_latency=16149501
RAM resp id:158000 m_cycle=871498 req_time=0 resp_time=0 total_latency=16249613
RAM resp id:159000 m_cycle=876120 req_time=0 resp_time=0 total_latency=16352975
RAM resp id:160000 m_cycle=880460 req_time=0 resp_time=0 total_latency=16454913
RAM resp id:161000 m_cycle=884727 req_time=884524 resp_time=203 total_latency=16557661
RAM resp id:162000 m_cycle=890482 req_time=890279 resp_time=203 total_latency=16657547
RAM resp id:163000 m_cycle=895504 req_time=0 resp_time=0 total_latency=16760897
RAM resp id:164000 m_cycle=899842 req_time=899639 resp_time=203 total_latency=16862646
[Cycle: 900000]: mem_requests: 164087, mem_responses: 164036, avg_latency: 102
RAM resp id:165000 m_cycle=904108 req_time=903905 resp_time=203 total_latency=16964986
RAM resp id:166000 m_cycle=909547 req_time=909344 resp_time=203 total_latency=17065098
RAM resp id:167000 m_cycle=914893 req_time=914690 resp_time=203 total_latency=17168649
RAM resp id:168000 m_cycle=919322 req_time=919119 resp_time=203 total_latency=17269764
RAM resp id:169000 m_cycle=923643 req_time=0 resp_time=0 total_latency=17371714
RAM resp id:170000 m_cycle=930346 req_time=0 resp_time=0 total_latency=17473230
RAM resp id:171000 m_cycle=934601 req_time=0 resp_time=0 total_latency=17576664
RAM resp id:172000 m_cycle=939041 req_time=938838 resp_time=203 total_latency=17677588
RAM resp id:173000 m_cycle=943440 req_time=0 resp_time=0 total_latency=17780140
RAM resp id:174000 m_cycle=950582 req_time=0 resp_time=0 total_latency=17880442
RAM resp id:175000 m_cycle=954643 req_time=954440 resp_time=203 total_latency=17983409
RAM resp id:176000 m_cycle=958950 req_time=0 resp_time=0 total_latency=18085548
RAM resp id:177000 m_cycle=963231 req_time=0 resp_time=0 total_latency=18187473
RAM resp id:178000 m_cycle=969377 req_time=969174 resp_time=203 total_latency=18287567
RAM resp id:179000 m_cycle=973959 req_time=0 resp_time=0 total_latency=18392337
RAM resp id:180000 m_cycle=978366 req_time=978163 resp_time=203 total_latency=18493679
RAM resp id:181000 m_cycle=982681 req_time=0 resp_time=0 total_latency=18595817
RAM resp id:182000 m_cycle=988462 req_time=988259 resp_time=203 total_latency=18696332
RAM resp id:183000 m_cycle=993442 req_time=0 resp_time=0 total_latency=18801119
RAM resp id:184000 m_cycle=997610 req_time=997407 resp_time=203 total_latency=18902247
[Cycle: 1000000]: mem_requests: 184618, mem_responses: 184574, avg_latency: 102
RAM resp id:185000 m_cycle=1002056 req_time=0 resp_time=0 total_latency=19006002
RAM resp id:186000 m_cycle=1007241 req_time=1007038 resp_time=203 total_latency=19106926
RAM resp id:187000 m_cycle=1012807 req_time=0 resp_time=0 total_latency=19210675
RAM resp id:188000 m_cycle=1016934 req_time=1016731 resp_time=203 total_latency=19313219
RAM resp id:189000 m_cycle=1021515 req_time=1021311 resp_time=204 total_latency=19416172
RAM resp id:190000 m_cycle=1026620 req_time=0 resp_time=0 total_latency=19516678
RAM resp id:191000 m_cycle=1032350 req_time=0 resp_time=0 total_latency=19621485
RAM resp id:192000 m_cycle=1036473 req_time=0 resp_time=0 total_latency=19723409
RAM resp id:193000 m_cycle=1040880 req_time=1040677 resp_time=203 total_latency=19824950
RAM resp id:194000 m_cycle=1045103 req_time=1044900 resp_time=203 total_latency=19926494
RAM resp id:195000 m_cycle=1052009 req_time=0 resp_time=0 total_latency=20029646
RAM resp id:196000 m_cycle=1056308 req_time=1056105 resp_time=203 total_latency=20132396
RAM resp id:197000 m_cycle=1060477 req_time=1060274 resp_time=203 total_latency=20234133
RAM resp id:198000 m_cycle=1064853 req_time=0 resp_time=0 total_latency=20334447
RAM resp id:199000 m_cycle=1071615 req_time=1071412 resp_time=203 total_latency=20437802
RAM resp id:200000 m_cycle=1076096 req_time=1075893 resp_time=203 total_latency=20540162
RAM resp id:201000 m_cycle=1080446 req_time=0 resp_time=0 total_latency=20641290
RAM resp id:202000 m_cycle=1084467 req_time=1084264 resp_time=203 total_latency=20742448
RAM resp id:203000 m_cycle=1091015 req_time=0 resp_time=0 total_latency=20846622
RAM resp id:204000 m_cycle=1095424 req_time=0 resp_time=0 total_latency=20948153
RAM resp id:205000 m_cycle=1099681 req_time=1099478 resp_time=203 total_latency=21050295
[Cycle: 1100000]: mem_requests: 205116, mem_responses: 205070, avg_latency: 102
RAM resp id:206000 m_cycle=1104421 req_time=1104218 resp_time=203 total_latency=21151026
RAM resp id:207000 m_cycle=1110760 req_time=0 resp_time=0 total_latency=21253773
RAM resp id:208000 m_cycle=1115220 req_time=0 resp_time=0 total_latency=21356328
RAM resp id:209000 m_cycle=1119599 req_time=0 resp_time=0 total_latency=21458080
RAM resp id:210000 m_cycle=1123852 req_time=1123649 resp_time=203 total_latency=21558407
RAM resp id:211000 m_cycle=1130047 req_time=1129844 resp_time=203 total_latency=21662365
RAM resp id:212000 m_cycle=1134999 req_time=1134796 resp_time=203 total_latency=21763900
RAM resp id:213000 m_cycle=1139896 req_time=1139692 resp_time=204 total_latency=21865836
RAM resp id:214000 m_cycle=1149706 req_time=1149503 resp_time=203 total_latency=21968983
RAM resp id:215000 m_cycle=1153986 req_time=0 resp_time=0 total_latency=22072750
RAM resp id:216000 m_cycle=1157491 req_time=1157288 resp_time=203 total_latency=22174490
RAM resp id:217000 m_cycle=1161378 req_time=0 resp_time=0 total_latency=22274606
RAM resp id:218000 m_cycle=1169299 req_time=0 resp_time=0 total_latency=22378971
RAM resp id:219000 m_cycle=1173631 req_time=0 resp_time=0 total_latency=22482961
RAM resp id:220000 m_cycle=1177127 req_time=0 resp_time=0 total_latency=22584715
RAM resp id:221000 m_cycle=1180788 req_time=0 resp_time=0 total_latency=22685679
RAM resp id:222000 m_cycle=1188892 req_time=0 resp_time=0 total_latency=22787803
RAM resp id:223000 m_cycle=1193010 req_time=0 resp_time=0 total_latency=22890778
RAM resp id:224000 m_cycle=1196533 req_time=0 resp_time=0 total_latency=22992524
[Cycle: 1200000]: mem_requests: 225047, mem_responses: 224999, avg_latency: 102
RAM resp id:225000 m_cycle=1200004 req_time=1199801 resp_time=203 total_latency=23093872
RAM resp id:226000 m_cycle=1208752 req_time=1208549 resp_time=203 total_latency=23195382
RAM resp id:227000 m_cycle=1212633 req_time=0 resp_time=0 total_latency=23298352
RAM resp id:228000 m_cycle=1216196 req_time=0 resp_time=0 total_latency=23399895
RAM resp id:229000 m_cycle=1219781 req_time=1219578 resp_time=203 total_latency=23501840
RAM resp id:230000 m_cycle=1229081 req_time=0 resp_time=0 total_latency=23602337
RAM resp id:231000 m_cycle=1232682 req_time=0 resp_time=0 total_latency=23704677
RAM resp id:232000 m_cycle=1236223 req_time=1236020 resp_time=203 total_latency=23806417
RAM resp id:233000 m_cycle=1239770 req_time=1239567 resp_time=203 total_latency=23908368
RAM resp id:234000 m_cycle=1248312 req_time=0 resp_time=0 total_latency=24009676
RAM resp id:235000 m_cycle=1252079 req_time=1251875 resp_time=204 total_latency=24112866
RAM resp id:236000 m_cycle=1255577 req_time=1255374 resp_time=203 total_latency=24214393
RAM resp id:237000 m_cycle=1259429 req_time=0 resp_time=0 total_latency=24313908
RAM resp id:238000 m_cycle=1268012 req_time=1267809 resp_time=203 total_latency=24416042
RAM resp id:239000 m_cycle=1271842 req_time=1271639 resp_time=203 total_latency=24520013
RAM resp id:240000 m_cycle=1275366 req_time=0 resp_time=0 total_latency=24621759
RAM resp id:241000 m_cycle=1278861 req_time=1278658 resp_time=203 total_latency=24722887
RAM resp id:242000 m_cycle=1287531 req_time=1287328 resp_time=203 total_latency=24824408
RAM resp id:243000 m_cycle=1291396 req_time=0 resp_time=0 total_latency=24927372
RAM resp id:244000 m_cycle=1294920 req_time=0 resp_time=0 total_latency=25028908
core 2 retired
RAM resp id:245000 m_cycle=1298462 req_time=0 resp_time=0 total_latency=25130852
core 3 retired
core 1 retired
core 7 retired
[Cycle: 1300000]: mem_requests: 245266, mem_responses: 245238, avg_latency: 102
core 0 retired
core 5 retired
core 4 retired
core 6 retired
========== kernel 1 summary ==========
Core: 0
	CORE0_TOT_CYCLES   : 1300674
	CORE0_STALL_CYCLES : 697006
	CORE0_LD_INSTR     : 203
	CORE0_ST_INSTR     : 14954
	CORE0_TENSOR_INSTR : 7489
	CORE0_TOT_INSTR    : 1300674
Core: 1
	CORE1_TOT_CYCLES   : 1298514
	CORE1_STALL_CYCLES : 694158
	CORE1_LD_INSTR     : 245
	CORE1_ST_INSTR     : 15288
	CORE1_TENSOR_INSTR : 7534
	CORE1_TOT_INSTR    : 1298514
Core: 2
	CORE2_TOT_CYCLES   : 1298373
	CORE2_STALL_CYCLES : 694298
	CORE2_LD_INSTR     : 224
	CORE2_ST_INSTR     : 15207
	CORE2_TENSOR_INSTR : 7516
	CORE2_TOT_INSTR    : 1298373
Core: 3
	CORE3_TOT_CYCLES   : 1298469
	CORE3_STALL_CYCLES : 698704
	CORE3_LD_INSTR     : 222
	CORE3_ST_INSTR     : 15131
	CORE3_TENSOR_INSTR : 7448
	CORE3_TOT_INSTR    : 1298469
Core: 4
	CORE4_TOT_CYCLES   : 1302556
	CORE4_STALL_CYCLES : 703431
	CORE4_LD_INSTR     : 195
	CORE4_ST_INSTR     : 14714
	CORE4_TENSOR_INSTR : 7421
	CORE4_TOT_INSTR    : 1302556
Core: 5
	CORE5_TOT_CYCLES   : 1302541
	CORE5_STALL_CYCLES : 690196
	CORE5_LD_INSTR     : 144
	CORE5_ST_INSTR     : 15141
	CORE5_TENSOR_INSTR : 7652
	CORE5_TOT_INSTR    : 1302541
Core: 6
	CORE6_TOT_CYCLES   : 1302623
	CORE6_STALL_CYCLES : 694277
	CORE6_LD_INSTR     : 109
	CORE6_ST_INSTR     : 15341
	CORE6_TENSOR_INSTR : 7593
	CORE6_TOT_INSTR    : 1302623
Core: 7
	CORE7_TOT_CYCLES   : 1298522
	CORE7_STALL_CYCLES : 698519
	CORE7_LD_INSTR     : 119
	CORE7_ST_INSTR     : 15308
	CORE7_TENSOR_INSTR : 7475
	CORE7_TOT_INSTR    : 1298522
========== starting kernel 2 ==========
RAM resp id:246000 m_cycle=1310282 req_time=1310079 resp_time=203 total_latency=25275404
RAM resp id:247000 m_cycle=1325572 req_time=1325367 resp_time=205 total_latency=25442466
RAM resp id:248000 m_cycle=1340294 req_time=1340091 resp_time=203 total_latency=25605275
RAM resp id:249000 m_cycle=1355022 req_time=1354817 resp_time=205 total_latency=25768091
RAM resp id:250000 m_cycle=1369744 req_time=1369541 resp_time=203 total_latency=25931061
RAM resp id:251000 m_cycle=1384467 req_time=1384264 resp_time=203 total_latency=26092944
RAM resp id:252000 m_cycle=1399185 req_time=1398982 resp_time=203 total_latency=26255874
[Cycle: 1400000]: mem_requests: 252068, mem_responses: 252054, avg_latency: 104
RAM resp id:253000 m_cycle=1413917 req_time=1413714 resp_time=203 total_latency=26418803
RAM resp id:254000 m_cycle=1428635 req_time=1428432 resp_time=203 total_latency=26581753
RAM resp id:255000 m_cycle=1443367 req_time=1443164 resp_time=203 total_latency=26744748
RAM resp id:256000 m_cycle=1458085 req_time=1457882 resp_time=203 total_latency=26907743
RAM resp id:257000 m_cycle=1472818 req_time=1472615 resp_time=203 total_latency=27070723
RAM resp id:258000 m_cycle=1487574 req_time=1487370 resp_time=204 total_latency=27233504
[Cycle: 1500000]: mem_requests: 258865, mem_responses: 258851, avg_latency: 105
RAM resp id:259000 m_cycle=1502338 req_time=1502133 resp_time=205 total_latency=27396043
RAM resp id:260000 m_cycle=1517097 req_time=1516893 resp_time=204 total_latency=27559021
RAM resp id:261000 m_cycle=1531863 req_time=1531658 resp_time=205 total_latency=27721964
RAM resp id:262000 m_cycle=1546621 req_time=1546418 resp_time=203 total_latency=27884638
RAM resp id:263000 m_cycle=1561387 req_time=1561183 resp_time=204 total_latency=28047448
RAM resp id:264000 m_cycle=1576146 req_time=1575943 resp_time=203 total_latency=28210283
RAM resp id:265000 m_cycle=1590912 req_time=1590708 resp_time=204 total_latency=28373093
[Cycle: 1600000]: mem_requests: 265628, mem_responses: 265626, avg_latency: 107
core 0 retired
core 1 retired
core 3 retired
core 4 retired
core 5 retired
core 2 retired
core 6 retired
core 7 retired
========== kernel 2 summary ==========
Core: 0
	CORE0_TOT_CYCLES   : 1604710
	CORE0_STALL_CYCLES : 798384
	CORE0_LD_INSTR     : 2052
	CORE0_ST_INSTR     : 0
	CORE0_TENSOR_INSTR : 8192
	CORE0_TOT_INSTR    : 1604710
Core: 1
	CORE1_TOT_CYCLES   : 1604712
	CORE1_STALL_CYCLES : 795538
	CORE1_LD_INSTR     : 2052
	CORE1_ST_INSTR     : 0
	CORE1_TENSOR_INSTR : 8192
	CORE1_TOT_INSTR    : 1604712
Core: 2
	CORE2_TOT_CYCLES   : 1604854
	CORE2_STALL_CYCLES : 795816
	CORE2_LD_INSTR     : 2052
	CORE2_ST_INSTR     : 4
	CORE2_TENSOR_INSTR : 8192
	CORE2_TOT_INSTR    : 1604854
Core: 3
	CORE3_TOT_CYCLES   : 1604718
	CORE3_STALL_CYCLES : 800090
	CORE3_LD_INSTR     : 2052
	CORE3_ST_INSTR     : 0
	CORE3_TENSOR_INSTR : 8192
	CORE3_TOT_INSTR    : 1604718
Core: 4
	CORE4_TOT_CYCLES   : 1604720
	CORE4_STALL_CYCLES : 804819
	CORE4_LD_INSTR     : 2052
	CORE4_ST_INSTR     : 0
	CORE4_TENSOR_INSTR : 8192
	CORE4_TOT_INSTR    : 1604720
Core: 5
	CORE5_TOT_CYCLES   : 1604850
	CORE5_STALL_CYCLES : 791714
	CORE5_LD_INSTR     : 2052
	CORE5_ST_INSTR     : 0
	CORE5_TENSOR_INSTR : 8192
	CORE5_TOT_INSTR    : 1604850
Core: 6
	CORE6_TOT_CYCLES   : 1605245
	CORE6_STALL_CYCLES : 796190
	CORE6_LD_INSTR     : 2052
	CORE6_ST_INSTR     : 0
	CORE6_TENSOR_INSTR : 8192
	CORE6_TOT_INSTR    : 1605245
Core: 7
	CORE7_TOT_CYCLES   : 1605293
	CORE7_STALL_CYCLES : 800480
	CORE7_LD_INSTR     : 2052
	CORE7_ST_INSTR     : 0
	CORE7_TENSOR_INSTR : 8192
	CORE7_TOT_INSTR    : 1605293
========== starting kernel 3 ==========
RAM resp id:266000 m_cycle=1605856 req_time=1605653 resp_time=203 total_latency=28537573
RAM resp id:267000 m_cycle=1613451 req_time=1613248 resp_time=203 total_latency=28708557
RAM resp id:268000 m_cycle=1619486 req_time=0 resp_time=0 total_latency=28841120
RAM resp id:269000 m_cycle=1625649 req_time=1625446 resp_time=203 total_latency=28978145
RAM resp id:270000 m_cycle=1631684 req_time=0 resp_time=0 total_latency=29113952
RAM resp id:271000 m_cycle=1637563 req_time=1637360 resp_time=203 total_latency=29247729
RAM resp id:272000 m_cycle=1643727 req_time=1643524 resp_time=203 total_latency=29385769
RAM resp id:273000 m_cycle=1649761 req_time=1649558 resp_time=203 total_latency=29517313
RAM resp id:274000 m_cycle=1655925 req_time=1655722 resp_time=203 total_latency=29655353
RAM resp id:275000 m_cycle=1661960 req_time=0 resp_time=0 total_latency=29789536
RAM resp id:276000 m_cycle=1667839 req_time=1667636 resp_time=203 total_latency=29924937
RAM resp id:277000 m_cycle=1674158 req_time=0 resp_time=0 total_latency=30062368
RAM resp id:278000 m_cycle=1680037 req_time=1679834 resp_time=203 total_latency=30194521
RAM resp id:279000 m_cycle=1686201 req_time=1685998 resp_time=203 total_latency=30332561
RAM resp id:280000 m_cycle=1692236 req_time=0 resp_time=0 total_latency=30465120
RAM resp id:281000 m_cycle=1698399 req_time=1698196 resp_time=203 total_latency=30602145
[Cycle: 1700000]: mem_requests: 281318, mem_responses: 281286, avg_latency: 108
RAM resp id:282000 m_cycle=1704434 req_time=0 resp_time=0 total_latency=30737952
RAM resp id:283000 m_cycle=1710313 req_time=1710110 resp_time=203 total_latency=30871729
RAM resp id:284000 m_cycle=1716477 req_time=1716274 resp_time=203 total_latency=31009769
RAM resp id:285000 m_cycle=1722511 req_time=1722308 resp_time=203 total_latency=31141313
RAM resp id:286000 m_cycle=1728675 req_time=1728472 resp_time=203 total_latency=31279353
RAM resp id:287000 m_cycle=1734710 req_time=0 resp_time=0 total_latency=31413536
RAM resp id:288000 m_cycle=1740589 req_time=1740386 resp_time=203 total_latency=31548937
RAM resp id:289000 m_cycle=1746908 req_time=0 resp_time=0 total_latency=31686368
RAM resp id:290000 m_cycle=1752787 req_time=1752584 resp_time=203 total_latency=31818521
core 0 retired
core 1 retired
core 2 retired
core 3 retired
core 4 retired
core 5 retired
core 6 retired
core 7 retired
========== kernel 3 summary ==========
Core: 0
	CORE0_TOT_CYCLES   : 1754281
	CORE0_STALL_CYCLES : 900267
	CORE0_LD_INSTR     : 1024
	CORE0_ST_INSTR     : 1024
	CORE0_TENSOR_INSTR : 4096
	CORE0_TOT_INSTR    : 1754281
Core: 1
	CORE1_TOT_CYCLES   : 1754287
	CORE1_STALL_CYCLES : 897427
	CORE1_LD_INSTR     : 1024
	CORE1_ST_INSTR     : 1024
	CORE1_TENSOR_INSTR : 4096
	CORE1_TOT_INSTR    : 1754287
Core: 2
	CORE2_TOT_CYCLES   : 1754293
	CORE2_STALL_CYCLES : 897711
	CORE2_LD_INSTR     : 1024
	CORE2_ST_INSTR     : 1024
	CORE2_TENSOR_INSTR : 4096
	CORE2_TOT_INSTR    : 1754293
Core: 3
	CORE3_TOT_CYCLES   : 1754299
	CORE3_STALL_CYCLES : 901991
	CORE3_LD_INSTR     : 1024
	CORE3_ST_INSTR     : 1024
	CORE3_TENSOR_INSTR : 4096
	CORE3_TOT_INSTR    : 1754299
Core: 4
	CORE4_TOT_CYCLES   : 1754305
	CORE4_STALL_CYCLES : 906726
	CORE4_LD_INSTR     : 1024
	CORE4_ST_INSTR     : 1024
	CORE4_TENSOR_INSTR : 4096
	CORE4_TOT_INSTR    : 1754305
Core: 5
	CORE5_TOT_CYCLES   : 1754311
	CORE5_STALL_CYCLES : 893627
	CORE5_LD_INSTR     : 1024
	CORE5_ST_INSTR     : 1024
	CORE5_TENSOR_INSTR : 4096
	CORE5_TOT_INSTR    : 1754311
Core: 6
	CORE6_TOT_CYCLES   : 1754317
	CORE6_STALL_CYCLES : 898109
	CORE6_LD_INSTR     : 1024
	CORE6_ST_INSTR     : 1024
	CORE6_TENSOR_INSTR : 4096
	CORE6_TOT_INSTR    : 1754317
Core: 7
	CORE7_TOT_CYCLES   : 1754323
	CORE7_STALL_CYCLES : 902405
	CORE7_LD_INSTR     : 1024
	CORE7_ST_INSTR     : 1024
	CORE7_TENSOR_INSTR : 4096
	CORE7_TOT_INSTR    : 1754323
========== starting kernel 4 ==========
RAM resp id:291000 m_cycle=1767789 req_time=1767586 resp_time=203 total_latency=31989212
RAM resp id:292000 m_cycle=1779689 req_time=0 resp_time=0 total_latency=32111858
RAM resp id:293000 m_cycle=1792237 req_time=0 resp_time=0 total_latency=32241784
[Cycle: 1800000]: mem_requests: 293667, mem_responses: 293631, avg_latency: 110
RAM resp id:294000 m_cycle=1804600 req_time=1804397 resp_time=203 total_latency=32366653
RAM resp id:295000 m_cycle=1817222 req_time=1817019 resp_time=203 total_latency=32495366
RAM resp id:296000 m_cycle=1829435 req_time=1829231 resp_time=204 total_latency=32620651
RAM resp id:297000 m_cycle=1841808 req_time=1841605 resp_time=203 total_latency=32745746
RAM resp id:298000 m_cycle=1853780 req_time=0 resp_time=0 total_latency=32873460
RAM resp id:299000 m_cycle=1866289 req_time=0 resp_time=0 total_latency=33001417
RAM resp id:300000 m_cycle=1878734 req_time=1878531 resp_time=203 total_latency=33127112
RAM resp id:301000 m_cycle=1891244 req_time=1891041 resp_time=203 total_latency=33253816
[Cycle: 1900000]: mem_requests: 301728, mem_responses: 301716, avg_latency: 110
RAM resp id:302000 m_cycle=1903676 req_time=0 resp_time=0 total_latency=33380089
RAM resp id:303000 m_cycle=1915813 req_time=1915610 resp_time=203 total_latency=33505202
RAM resp id:304000 m_cycle=1928362 req_time=1928159 resp_time=203 total_latency=33632927
RAM resp id:305000 m_cycle=1940376 req_time=1940173 resp_time=203 total_latency=33756972
RAM resp id:306000 m_cycle=1952864 req_time=0 resp_time=0 total_latency=33886284
RAM resp id:307000 m_cycle=1965215 req_time=1965012 resp_time=203 total_latency=34012004
RAM resp id:308000 m_cycle=1977697 req_time=1977494 resp_time=203 total_latency=34138901
RAM resp id:309000 m_cycle=1989776 req_time=1989573 resp_time=203 total_latency=34264573
[Cycle: 2000000]: mem_requests: 309839, mem_responses: 309833, avg_latency: 110
RAM resp id:310000 m_cycle=2002245 req_time=2002042 resp_time=203 total_latency=34392896
RAM resp id:311000 m_cycle=2014669 req_time=2014466 resp_time=203 total_latency=34518607
RAM resp id:312000 m_cycle=2027043 req_time=2026840 resp_time=203 total_latency=34644936
RAM resp id:313000 m_cycle=2039404 req_time=2039201 resp_time=203 total_latency=34769839
RAM resp id:314000 m_cycle=2051827 req_time=0 resp_time=0 total_latency=34896807
RAM resp id:315000 m_cycle=2064160 req_time=2063957 resp_time=203 total_latency=35024357
RAM resp id:316000 m_cycle=2076627 req_time=2076424 resp_time=203 total_latency=35149418
RAM resp id:317000 m_cycle=2089012 req_time=2088809 resp_time=203 total_latency=35275925
[Cycle: 2100000]: mem_requests: 317936, mem_responses: 317914, avg_latency: 111
RAM resp id:318000 m_cycle=2101445 req_time=2101242 resp_time=203 total_latency=35400602
RAM resp id:319000 m_cycle=2113845 req_time=0 resp_time=0 total_latency=35527692
RAM resp id:320000 m_cycle=2125707 req_time=2125504 resp_time=203 total_latency=35652964
RAM resp id:321000 m_cycle=2138279 req_time=2138076 resp_time=203 total_latency=35781694
RAM resp id:322000 m_cycle=2150510 req_time=2150306 resp_time=204 total_latency=35905946
core 2 retired
core 1 retired
core 6 retired
core 0 retired
core 5 retired
core 3 retired
core 4 retired
core 7 retired
========== kernel 4 summary ==========
Core: 0
	CORE0_TOT_CYCLES   : 2156847
	CORE0_STALL_CYCLES : 1024631
	CORE0_LD_INSTR     : 1000
	CORE0_ST_INSTR     : 1536
	CORE0_TENSOR_INSTR : 8192
	CORE0_TOT_INSTR    : 2156847
Core: 1
	CORE1_TOT_CYCLES   : 2156818
	CORE1_STALL_CYCLES : 1021784
	CORE1_LD_INSTR     : 1000
	CORE1_ST_INSTR     : 1536
	CORE1_TENSOR_INSTR : 8192
	CORE1_TOT_INSTR    : 2156818
Core: 2
	CORE2_TOT_CYCLES   : 2153972
	CORE2_STALL_CYCLES : 1021505
	CORE2_LD_INSTR     : 996
	CORE2_ST_INSTR     : 1524
	CORE2_TENSOR_INSTR : 8128
	CORE2_TOT_INSTR    : 2153972
Core: 3
	CORE3_TOT_CYCLES   : 2156963
	CORE3_STALL_CYCLES : 1024144
	CORE3_LD_INSTR     : 976
	CORE3_ST_INSTR     : 1548
	CORE3_TENSOR_INSTR : 8256
	CORE3_TOT_INSTR    : 2156963
Core: 4
	CORE4_TOT_CYCLES   : 2156986
	CORE4_STALL_CYCLES : 1031350
	CORE4_LD_INSTR     : 1002
	CORE4_ST_INSTR     : 1536
	CORE4_TENSOR_INSTR : 8192
	CORE4_TOT_INSTR    : 2156986
Core: 5
	CORE5_TOT_CYCLES   : 2156853
	CORE5_STALL_CYCLES : 1017951
	CORE5_LD_INSTR     : 1000
	CORE5_ST_INSTR     : 1536
	CORE5_TENSOR_INSTR : 8192
	CORE5_TOT_INSTR    : 2156853
Core: 6
	CORE6_TOT_CYCLES   : 2156825
	CORE6_STALL_CYCLES : 1022439
	CORE6_LD_INSTR     : 999
	CORE6_ST_INSTR     : 1536
	CORE6_TENSOR_INSTR : 8192
	CORE6_TOT_INSTR    : 2156825
Core: 7
	CORE7_TOT_CYCLES   : 2157097
	CORE7_STALL_CYCLES : 1027122
	CORE7_LD_INSTR     : 1003
	CORE7_ST_INSTR     : 1536
	CORE7_TENSOR_INSTR : 8192
	CORE7_TOT_INSTR    : 2157097
========== starting kernel 5 ==========
RAM resp id:323000 m_cycle=2161480 req_time=2161277 resp_time=203 total_latency=36064692
RAM resp id:324000 m_cycle=2169549 req_time=2169346 resp_time=203 total_latency=36234524
RAM resp id:325000 m_cycle=2176679 req_time=2176476 resp_time=203 total_latency=36382849
RAM resp id:326000 m_cycle=2183800 req_time=2183597 resp_time=203 total_latency=36529958
RAM resp id:327000 m_cycle=2190907 req_time=2190704 resp_time=203 total_latency=36676452
RAM resp id:328000 m_cycle=2197996 req_time=2197793 resp_time=203 total_latency=36823844
[Cycle: 2200000]: mem_requests: 328298, mem_responses: 328282, avg_latency: 112
RAM resp id:329000 m_cycle=2205116 req_time=2204913 resp_time=203 total_latency=36971153
RAM resp id:330000 m_cycle=2212195 req_time=2211992 resp_time=203 total_latency=37120207
RAM resp id:331000 m_cycle=2219286 req_time=2219083 resp_time=203 total_latency=37267674
RAM resp id:332000 m_cycle=2226117 req_time=2225914 resp_time=203 total_latency=37414188
RAM resp id:333000 m_cycle=2233270 req_time=2233067 resp_time=203 total_latency=37563815
RAM resp id:334000 m_cycle=2240073 req_time=0 resp_time=0 total_latency=37709609
RAM resp id:335000 m_cycle=2247170 req_time=0 resp_time=0 total_latency=37858188
RAM resp id:336000 m_cycle=2254308 req_time=2254100 resp_time=208 total_latency=38007172
RAM resp id:337000 m_cycle=2261403 req_time=0 resp_time=0 total_latency=38153967
RAM resp id:338000 m_cycle=2268501 req_time=0 resp_time=0 total_latency=38301215
core 5 retired
core 1 retired
core 0 retired
core 7 retired
core 2 retired
core 6 retired
core 3 retired
core 4 retired
========== kernel 5 summary ==========
Core: 0
	CORE0_TOT_CYCLES   : 2271241
	CORE0_STALL_CYCLES : 1092026
	CORE0_LD_INSTR     : 912
	CORE0_ST_INSTR     : 556
	CORE0_TENSOR_INSTR : 1024
	CORE0_TOT_INSTR    : 2271241
Core: 1
	CORE1_TOT_CYCLES   : 2271220
	CORE1_STALL_CYCLES : 1088857
	CORE1_LD_INSTR     : 917
	CORE1_ST_INSTR     : 556
	CORE1_TENSOR_INSTR : 1024
	CORE1_TOT_INSTR    : 2271220
Core: 2
	CORE2_TOT_CYCLES   : 2271373
	CORE2_STALL_CYCLES : 1088737
	CORE2_LD_INSTR     : 915
	CORE2_ST_INSTR     : 552
	CORE2_TENSOR_INSTR : 1024
	CORE2_TOT_INSTR    : 2271373
Core: 3
	CORE3_TOT_CYCLES   : 2271406
	CORE3_STALL_CYCLES : 1091116
	CORE3_LD_INSTR     : 911
	CORE3_ST_INSTR     : 553
	CORE3_TENSOR_INSTR : 1024
	CORE3_TOT_INSTR    : 2271406
Core: 4
	CORE4_TOT_CYCLES   : 2271419
	CORE4_STALL_CYCLES : 1098618
	CORE4_LD_INSTR     : 913
	CORE4_ST_INSTR     : 564
	CORE4_TENSOR_INSTR : 1024
	CORE4_TOT_INSTR    : 2271419
Core: 5
	CORE5_TOT_CYCLES   : 2271196
	CORE5_STALL_CYCLES : 1084998
	CORE5_LD_INSTR     : 928
	CORE5_ST_INSTR     : 547
	CORE5_TENSOR_INSTR : 1024
	CORE5_TOT_INSTR    : 2271196
Core: 6
	CORE6_TOT_CYCLES   : 2271397
	CORE6_STALL_CYCLES : 1089692
	CORE6_LD_INSTR     : 922
	CORE6_ST_INSTR     : 548
	CORE6_TENSOR_INSTR : 1024
	CORE6_TOT_INSTR    : 2271397
Core: 7
	CORE7_TOT_CYCLES   : 2271345
	CORE7_STALL_CYCLES : 1094322
	CORE7_LD_INSTR     : 916
	CORE7_ST_INSTR     : 555
	CORE7_TENSOR_INSTR : 1024
	CORE7_TOT_INSTR    : 2271345
========== starting kernel 6 ==========
core 6 retired
core 1 retired
core 5 retired
core 7 retired
core 4 retired
core 0 retired
core 2 retired
core 3 retired
========== kernel 6 summary ==========
Core: 0
	CORE0_TOT_CYCLES   : 2283837
	CORE0_STALL_CYCLES : 1094670
	CORE0_LD_INSTR     : 37
	CORE0_ST_INSTR     : 32
	CORE0_TENSOR_INSTR : 72
	CORE0_TOT_INSTR    : 2283837
Core: 1
	CORE1_TOT_CYCLES   : 2282772
	CORE1_STALL_CYCLES : 1090449
	CORE1_LD_INSTR     : 34
	CORE1_ST_INSTR     : 22
	CORE1_TENSOR_INSTR : 72
	CORE1_TOT_INSTR    : 2282772
Core: 2
	CORE2_TOT_CYCLES   : 2283915
	CORE2_STALL_CYCLES : 1091470
	CORE2_LD_INSTR     : 29
	CORE2_ST_INSTR     : 29
	CORE2_TENSOR_INSTR : 72
	CORE2_TOT_INSTR    : 2283915
Core: 3
	CORE3_TOT_CYCLES   : 2283917
	CORE3_STALL_CYCLES : 1093851
	CORE3_LD_INSTR     : 29
	CORE3_ST_INSTR     : 29
	CORE3_TENSOR_INSTR : 72
	CORE3_TOT_INSTR    : 2283917
Core: 4
	CORE4_TOT_CYCLES   : 2283751
	CORE4_STALL_CYCLES : 1101181
	CORE4_LD_INSTR     : 36
	CORE4_ST_INSTR     : 28
	CORE4_TENSOR_INSTR : 72
	CORE4_TOT_INSTR    : 2283751
Core: 5
	CORE5_TOT_CYCLES   : 2283062
	CORE5_STALL_CYCLES : 1086870
	CORE5_LD_INSTR     : 41
	CORE5_ST_INSTR     : 25
	CORE5_TENSOR_INSTR : 72
	CORE5_TOT_INSTR    : 2283062
Core: 6
	CORE6_TOT_CYCLES   : 2282539
	CORE6_STALL_CYCLES : 1091045
	CORE6_LD_INSTR     : 26
	CORE6_ST_INSTR     : 36
	CORE6_TENSOR_INSTR : 72
	CORE6_TOT_INSTR    : 2282539
Core: 7
	CORE7_TOT_CYCLES   : 2283468
	CORE7_STALL_CYCLES : 1096590
	CORE7_LD_INSTR     : 46
	CORE7_ST_INSTR     : 30
	CORE7_TENSOR_INSTR : 72
	CORE7_TOT_INSTR    : 2283468
========== starting kernel 7 ==========
core 5 retired
core 6 retired
core 7 retired
core 4 retired
core 0 retired
RAM resp id:339000 m_cycle=2285079 req_time=2284872 resp_time=207 total_latency=38478553
core 1 retired
core 2 retired
core 3 retired
========== kernel 7 summary ==========
Core: 0
	CORE0_TOT_CYCLES   : 2285066
	CORE0_STALL_CYCLES : 1095070
	CORE0_LD_INSTR     : 0
	CORE0_ST_INSTR     : 8
	CORE0_TENSOR_INSTR : 0
	CORE0_TOT_INSTR    : 2285066
Core: 1
	CORE1_TOT_CYCLES   : 2285214
	CORE1_STALL_CYCLES : 1090989
	CORE1_LD_INSTR     : 0
	CORE1_ST_INSTR     : 12
	CORE1_TENSOR_INSTR : 0
	CORE1_TOT_INSTR    : 2285214
Core: 2
	CORE2_TOT_CYCLES   : 2285216
	CORE2_STALL_CYCLES : 1092012
	CORE2_LD_INSTR     : 0
	CORE2_ST_INSTR     : 12
	CORE2_TENSOR_INSTR : 0
	CORE2_TOT_INSTR    : 2285216
Core: 3
	CORE3_TOT_CYCLES   : 2285219
	CORE3_STALL_CYCLES : 1094395
	CORE3_LD_INSTR     : 0
	CORE3_ST_INSTR     : 12
	CORE3_TENSOR_INSTR : 0
	CORE3_TOT_INSTR    : 2285219
Core: 4
	CORE4_TOT_CYCLES   : 2284428
	CORE4_STALL_CYCLES : 1101551
	CORE4_LD_INSTR     : 0
	CORE4_ST_INSTR     : 2
	CORE4_TENSOR_INSTR : 0
	CORE4_TOT_INSTR    : 2284428
Core: 5
	CORE5_TOT_CYCLES   : 2283918
	CORE5_STALL_CYCLES : 1086870
	CORE5_LD_INSTR     : 0
	CORE5_ST_INSTR     : 0
	CORE5_TENSOR_INSTR : 0
	CORE5_TOT_INSTR    : 2283918
Core: 6
	CORE6_TOT_CYCLES   : 2283918
	CORE6_STALL_CYCLES : 1091045
	CORE6_LD_INSTR     : 0
	CORE6_ST_INSTR     : 0
	CORE6_TENSOR_INSTR : 0
	CORE6_TOT_INSTR    : 2283918
Core: 7
	CORE7_TOT_CYCLES   : 2283918
	CORE7_STALL_CYCLES : 1096590
	CORE7_LD_INSTR     : 0
	CORE7_ST_INSTR     : 0
	CORE7_TENSOR_INSTR : 0
	CORE7_TOT_INSTR    : 2283918
========== starting kernel 8 ==========
RAM resp id:340000 m_cycle=2296965 req_time=2296762 resp_time=203 total_latency=38682208
[Cycle: 2300000]: mem_requests: 340186, mem_responses: 340181, avg_latency: 113
RAM resp id:341000 m_cycle=2330263 req_time=0 resp_time=0 total_latency=38866370
RAM resp id:342000 m_cycle=2372345 req_time=2372142 resp_time=203 total_latency=39012760
RAM resp id:343000 m_cycle=2383786 req_time=0 resp_time=0 total_latency=39143975
[Cycle: 2400000]: mem_requests: 343634, mem_responses: 343634, avg_latency: 114
RAM resp id:344000 m_cycle=2423149 req_time=0 resp_time=0 total_latency=39304774
RAM resp id:345000 m_cycle=2431997 req_time=0 resp_time=0 total_latency=39435743
RAM resp id:346000 m_cycle=2476043 req_time=2475839 resp_time=204 total_latency=39584987
RAM resp id:347000 m_cycle=2494192 req_time=2493989 resp_time=203 total_latency=39748061
[Cycle: 2500000]: mem_requests: 347042, mem_responses: 347042, avg_latency: 114
RAM resp id:348000 m_cycle=2523608 req_time=0 resp_time=0 total_latency=39890805
RAM resp id:349000 m_cycle=2565177 req_time=2564974 resp_time=203 total_latency=40033954
RAM resp id:350000 m_cycle=2574130 req_time=2573927 resp_time=203 total_latency=40169614
[Cycle: 2600000]: mem_requests: 350171, mem_responses: 350171, avg_latency: 114
RAM resp id:351000 m_cycle=2615440 req_time=0 resp_time=0 total_latency=40318025
RAM resp id:352000 m_cycle=2655274 req_time=2655071 resp_time=203 total_latency=40463594
core 7 retired
core 1 retired
core 4 retired
core 3 retired
core 2 retired
core 0 retired
core 6 retired
core 5 retired
========== kernel 8 summary ==========
Core: 0
	CORE0_TOT_CYCLES   : 2660544
	CORE0_STALL_CYCLES : 1126581
	CORE0_LD_INSTR     : 804
	CORE0_ST_INSTR     : 457
	CORE0_TENSOR_INSTR : 36992
	CORE0_TOT_INSTR    : 2660544
Core: 1
	CORE1_TOT_CYCLES   : 2660064
	CORE1_STALL_CYCLES : 1122122
	CORE1_LD_INSTR     : 694
	CORE1_ST_INSTR     : 465
	CORE1_TENSOR_INSTR : 36992
	CORE1_TOT_INSTR    : 2660064
Core: 2
	CORE2_TOT_CYCLES   : 2660342
	CORE2_STALL_CYCLES : 1123299
	CORE2_LD_INSTR     : 826
	CORE2_ST_INSTR     : 457
	CORE2_TENSOR_INSTR : 36992
	CORE2_TOT_INSTR    : 2660342
Core: 3
	CORE3_TOT_CYCLES   : 2660260
	CORE3_STALL_CYCLES : 1125609
	CORE3_LD_INSTR     : 814
	CORE3_ST_INSTR     : 460
	CORE3_TENSOR_INSTR : 36992
	CORE3_TOT_INSTR    : 2660260
Core: 4
	CORE4_TOT_CYCLES   : 2660212
	CORE4_STALL_CYCLES : 1132760
	CORE4_LD_INSTR     : 769
	CORE4_ST_INSTR     : 462
	CORE4_TENSOR_INSTR : 36992
	CORE4_TOT_INSTR    : 2660212
Core: 5
	CORE5_TOT_CYCLES   : 2660955
	CORE5_STALL_CYCLES : 1118790
	CORE5_LD_INSTR     : 798
	CORE5_ST_INSTR     : 465
	CORE5_TENSOR_INSTR : 36992
	CORE5_TOT_INSTR    : 2660955
Core: 6
	CORE6_TOT_CYCLES   : 2660575
	CORE6_STALL_CYCLES : 1122572
	CORE6_LD_INSTR     : 817
	CORE6_ST_INSTR     : 459
	CORE6_TENSOR_INSTR : 36992
	CORE6_TOT_INSTR    : 2660575
Core: 7
	CORE7_TOT_CYCLES   : 2660041
	CORE7_STALL_CYCLES : 1127641
	CORE7_LD_INSTR     : 763
	CORE7_ST_INSTR     : 455
	CORE7_TENSOR_INSTR : 36992
	CORE7_TOT_INSTR    : 2660041
========== starting kernel 9 ==========
RAM resp id:353000 m_cycle=2665735 req_time=2665531 resp_time=204 total_latency=40619090
RAM resp id:354000 m_cycle=2671602 req_time=0 resp_time=0 total_latency=40759658
RAM resp id:355000 m_cycle=2677361 req_time=2677158 resp_time=203 total_latency=40900081
RAM resp id:356000 m_cycle=2683643 req_time=2683440 resp_time=203 total_latency=41035577
RAM resp id:357000 m_cycle=2689365 req_time=2689162 resp_time=203 total_latency=41173198
RAM resp id:358000 m_cycle=2695768 req_time=2695565 resp_time=203 total_latency=41309686
[Cycle: 2700000]: mem_requests: 358771, mem_responses: 358711, avg_latency: 115
RAM resp id:359000 m_cycle=2701646 req_time=0 resp_time=0 total_latency=41449846
RAM resp id:360000 m_cycle=2707367 req_time=2707164 resp_time=203 total_latency=41586703
RAM resp id:361000 m_cycle=2713342 req_time=2713139 resp_time=203 total_latency=41721428
RAM resp id:362000 m_cycle=2719116 req_time=2718913 resp_time=203 total_latency=41860149
RAM resp id:363000 m_cycle=2725396 req_time=2725193 resp_time=203 total_latency=41997550
RAM resp id:364000 m_cycle=2731449 req_time=2731246 resp_time=203 total_latency=42139056
RAM resp id:365000 m_cycle=2737096 req_time=2736893 resp_time=203 total_latency=42272310
RAM resp id:366000 m_cycle=2742894 req_time=2742691 resp_time=203 total_latency=42410184
RAM resp id:367000 m_cycle=2748963 req_time=0 resp_time=0 total_latency=42547508
RAM resp id:368000 m_cycle=2755160 req_time=0 resp_time=0 total_latency=42684620
RAM resp id:369000 m_cycle=2761444 req_time=0 resp_time=0 total_latency=42827214
RAM resp id:370000 m_cycle=2766864 req_time=0 resp_time=0 total_latency=42958621
RAM resp id:371000 m_cycle=2772724 req_time=2772521 resp_time=203 total_latency=43099963
RAM resp id:372000 m_cycle=2778533 req_time=2778330 resp_time=203 total_latency=43237039
RAM resp id:373000 m_cycle=2784598 req_time=2784395 resp_time=203 total_latency=43374929
RAM resp id:374000 m_cycle=2790930 req_time=2790727 resp_time=203 total_latency=43515073
RAM resp id:375000 m_cycle=2796657 req_time=0 resp_time=0 total_latency=43649139
[Cycle: 2800000]: mem_requests: 375549, mem_responses: 375504, avg_latency: 116
RAM resp id:376000 m_cycle=2802607 req_time=2802404 resp_time=203 total_latency=43788297
RAM resp id:377000 m_cycle=2808370 req_time=0 resp_time=0 total_latency=43924739
RAM resp id:378000 m_cycle=2814157 req_time=0 resp_time=0 total_latency=44064055
RAM resp id:379000 m_cycle=2820335 req_time=2820132 resp_time=203 total_latency=44205202
RAM resp id:380000 m_cycle=2825998 req_time=0 resp_time=0 total_latency=44339693
RAM resp id:381000 m_cycle=2832212 req_time=2832009 resp_time=203 total_latency=44477204
RAM resp id:382000 m_cycle=2838026 req_time=0 resp_time=0 total_latency=44613715
RAM resp id:383000 m_cycle=2843814 req_time=2843611 resp_time=203 total_latency=44754055
RAM resp id:384000 m_cycle=2849890 req_time=2849687 resp_time=203 total_latency=44888861
RAM resp id:385000 m_cycle=2855625 req_time=2855422 resp_time=203 total_latency=45026774
RAM resp id:386000 m_cycle=2861871 req_time=2861668 resp_time=203 total_latency=45165253
RAM resp id:387000 m_cycle=2867993 req_time=2867790 resp_time=203 total_latency=45304024
RAM resp id:388000 m_cycle=2873813 req_time=2873610 resp_time=203 total_latency=45444968
RAM resp id:389000 m_cycle=2879276 req_time=2879073 resp_time=203 total_latency=45576770
RAM resp id:390000 m_cycle=2885393 req_time=2885190 resp_time=203 total_latency=45714254
RAM resp id:391000 m_cycle=2891808 req_time=2891605 resp_time=203 total_latency=45854946
RAM resp id:392000 m_cycle=2897915 req_time=2897712 resp_time=203 total_latency=45993333
[Cycle: 2900000]: mem_requests: 392382, mem_responses: 392348, avg_latency: 117
RAM resp id:393000 m_cycle=2903730 req_time=2903526 resp_time=204 total_latency=46128725
RAM resp id:394000 m_cycle=2909518 req_time=2909315 resp_time=203 total_latency=46267109
RAM resp id:395000 m_cycle=2915332 req_time=2915129 resp_time=203 total_latency=46403842
RAM resp id:396000 m_cycle=2921240 req_time=0 resp_time=0 total_latency=46541595
RAM resp id:397000 m_cycle=2927584 req_time=2927381 resp_time=203 total_latency=46681059
RAM resp id:398000 m_cycle=2933796 req_time=2933593 resp_time=203 total_latency=46817535
core 7 retired
core 4 retired
core 3 retired
core 2 retired
core 5 retired
core 0 retired
core 1 retired
core 6 retired
========== kernel 9 summary ==========
Core: 0
	CORE0_TOT_CYCLES   : 2934038
	CORE0_STALL_CYCLES : 1310052
	CORE0_LD_INSTR     : 2044
	CORE0_ST_INSTR     : 1855
	CORE0_TENSOR_INSTR : 2048
	CORE0_TOT_INSTR    : 2934038
Core: 1
	CORE1_TOT_CYCLES   : 2934043
	CORE1_STALL_CYCLES : 1305602
	CORE1_LD_INSTR     : 2042
	CORE1_ST_INSTR     : 1853
	CORE1_TENSOR_INSTR : 2048
	CORE1_TOT_INSTR    : 2934043
Core: 2
	CORE2_TOT_CYCLES   : 2933952
	CORE2_STALL_CYCLES : 1305940
	CORE2_LD_INSTR     : 2021
	CORE2_ST_INSTR     : 1838
	CORE2_TENSOR_INSTR : 2048
	CORE2_TOT_INSTR    : 2933952
Core: 3
	CORE3_TOT_CYCLES   : 2933928
	CORE3_STALL_CYCLES : 1309362
	CORE3_LD_INSTR     : 2045
	CORE3_ST_INSTR     : 1854
	CORE3_TENSOR_INSTR : 2048
	CORE3_TOT_INSTR    : 2933928
Core: 4
	CORE4_TOT_CYCLES   : 2933916
	CORE4_STALL_CYCLES : 1315755
	CORE4_LD_INSTR     : 2034
	CORE4_ST_INSTR     : 1827
	CORE4_TENSOR_INSTR : 2048
	CORE4_TOT_INSTR    : 2933916
Core: 5
	CORE5_TOT_CYCLES   : 2934009
	CORE5_STALL_CYCLES : 1302234
	CORE5_LD_INSTR     : 2043
	CORE5_ST_INSTR     : 1854
	CORE5_TENSOR_INSTR : 2048
	CORE5_TOT_INSTR    : 2934009
Core: 6
	CORE6_TOT_CYCLES   : 2934059
	CORE6_STALL_CYCLES : 1306846
	CORE6_LD_INSTR     : 2044
	CORE6_ST_INSTR     : 1857
	CORE6_TENSOR_INSTR : 2048
	CORE6_TOT_INSTR    : 2934059
Core: 7
	CORE7_TOT_CYCLES   : 2933902
	CORE7_STALL_CYCLES : 1310990
	CORE7_LD_INSTR     : 2022
	CORE7_ST_INSTR     : 1863
	CORE7_TENSOR_INSTR : 2048
	CORE7_TOT_INSTR    : 2933902
========== starting kernel 10 ==========
RAM resp id:399000 m_cycle=2949601 req_time=2949398 resp_time=203 total_latency=47004942
RAM resp id:400000 m_cycle=2964074 req_time=2963871 resp_time=203 total_latency=47168941
RAM resp id:401000 m_cycle=2978536 req_time=2978333 resp_time=203 total_latency=47333336
RAM resp id:402000 m_cycle=2992559 req_time=2992356 resp_time=203 total_latency=47498142
[Cycle: 3000000]: mem_requests: 402504, mem_responses: 402492, avg_latency: 118
RAM resp id:403000 m_cycle=3007323 req_time=3007120 resp_time=203 total_latency=47661808
RAM resp id:404000 m_cycle=3021337 req_time=3021134 resp_time=203 total_latency=47826040
RAM resp id:405000 m_cycle=3035917 req_time=0 resp_time=0 total_latency=47989220
RAM resp id:406000 m_cycle=3050265 req_time=0 resp_time=0 total_latency=48154506
RAM resp id:407000 m_cycle=3064651 req_time=3064448 resp_time=203 total_latency=48318494
RAM resp id:408000 m_cycle=3079052 req_time=3078847 resp_time=205 total_latency=48482900
core 5 retired
core 0 retired
core 3 retired
core 6 retired
core 7 retired
core 2 retired
core 1 retired
core 4 retired
========== kernel 10 summary ==========
Core: 0
	CORE0_TOT_CYCLES   : 3088117
	CORE0_STALL_CYCLES : 1363693
	CORE0_LD_INSTR     : 1088
	CORE0_ST_INSTR     : 0
	CORE0_TENSOR_INSTR : 4096
	CORE0_TOT_INSTR    : 3088117
Core: 1
	CORE1_TOT_CYCLES   : 3088304
	CORE1_STALL_CYCLES : 1359430
	CORE1_LD_INSTR     : 1088
	CORE1_ST_INSTR     : 0
	CORE1_TENSOR_INSTR : 4096
	CORE1_TOT_INSTR    : 3088304
Core: 2
	CORE2_TOT_CYCLES   : 3088233
	CORE2_STALL_CYCLES : 1359701
	CORE2_LD_INSTR     : 1084
	CORE2_ST_INSTR     : 0
	CORE2_TENSOR_INSTR : 4096
	CORE2_TOT_INSTR    : 3088233
Core: 3
	CORE3_TOT_CYCLES   : 3088123
	CORE3_STALL_CYCLES : 1363012
	CORE3_LD_INSTR     : 1085
	CORE3_ST_INSTR     : 0
	CORE3_TENSOR_INSTR : 4096
	CORE3_TOT_INSTR    : 3088123
Core: 4
	CORE4_TOT_CYCLES   : 3088314
	CORE4_STALL_CYCLES : 1369597
	CORE4_LD_INSTR     : 1084
	CORE4_ST_INSTR     : 0
	CORE4_TENSOR_INSTR : 4096
	CORE4_TOT_INSTR    : 3088314
Core: 5
	CORE5_TOT_CYCLES   : 3088030
	CORE5_STALL_CYCLES : 1355794
	CORE5_LD_INSTR     : 1082
	CORE5_ST_INSTR     : 0
	CORE5_TENSOR_INSTR : 4096
	CORE5_TOT_INSTR    : 3088030
Core: 6
	CORE6_TOT_CYCLES   : 3088132
	CORE6_STALL_CYCLES : 1360510
	CORE6_LD_INSTR     : 1080
	CORE6_ST_INSTR     : 0
	CORE6_TENSOR_INSTR : 4096
	CORE6_TOT_INSTR    : 3088132
Core: 7
	CORE7_TOT_CYCLES   : 3088148
	CORE7_STALL_CYCLES : 1364670
	CORE7_LD_INSTR     : 1080
	CORE7_ST_INSTR     : 0
	CORE7_TENSOR_INSTR : 4096
	CORE7_TOT_INSTR    : 3088148
========== starting kernel 11 ==========
RAM resp id:409000 m_cycle=3091807 req_time=3091604 resp_time=203 total_latency=48660824
RAM resp id:410000 m_cycle=3098427 req_time=0 resp_time=0 total_latency=48807261
[Cycle: 3100000]: mem_requests: 410310, mem_responses: 410266, avg_latency: 119
RAM resp id:411000 m_cycle=3104306 req_time=3104103 resp_time=203 total_latency=48943474
RAM resp id:412000 m_cycle=3110625 req_time=0 resp_time=0 total_latency=49080093
RAM resp id:413000 m_cycle=3116504 req_time=3116301 resp_time=203 total_latency=49213058
RAM resp id:414000 m_cycle=3122668 req_time=3122465 resp_time=203 total_latency=49351098
RAM resp id:415000 m_cycle=3128703 req_time=0 resp_time=0 total_latency=49482845
RAM resp id:416000 m_cycle=3134866 req_time=3134663 resp_time=203 total_latency=49620682
RAM resp id:417000 m_cycle=3140901 req_time=0 resp_time=0 total_latency=49755677
RAM resp id:418000 m_cycle=3146780 req_time=3146577 resp_time=203 total_latency=49890266
RAM resp id:419000 m_cycle=3152944 req_time=3152741 resp_time=203 total_latency=50028306
RAM resp id:420000 m_cycle=3158978 req_time=3158775 resp_time=203 total_latency=50159850
core 0 retired
core 1 retired
core 2 retired
core 3 retired
core 4 retired
core 5 retired
core 6 retired
core 7 retired
========== kernel 11 summary ==========
Core: 0
	CORE0_TOT_CYCLES   : 3162806
	CORE0_STALL_CYCLES : 1414632
	CORE0_LD_INSTR     : 512
	CORE0_ST_INSTR     : 512
	CORE0_TENSOR_INSTR : 2048
	CORE0_TOT_INSTR    : 3162806
Core: 1
	CORE1_TOT_CYCLES   : 3162812
	CORE1_STALL_CYCLES : 1410375
	CORE1_LD_INSTR     : 512
	CORE1_ST_INSTR     : 512
	CORE1_TENSOR_INSTR : 2048
	CORE1_TOT_INSTR    : 3162812
Core: 2
	CORE2_TOT_CYCLES   : 3162818
	CORE2_STALL_CYCLES : 1410652
	CORE2_LD_INSTR     : 512
	CORE2_ST_INSTR     : 512
	CORE2_TENSOR_INSTR : 2048
	CORE2_TOT_INSTR    : 3162818
Core: 3
	CORE3_TOT_CYCLES   : 3162824
	CORE3_STALL_CYCLES : 1413969
	CORE3_LD_INSTR     : 512
	CORE3_ST_INSTR     : 512
	CORE3_TENSOR_INSTR : 2048
	CORE3_TOT_INSTR    : 3162824
Core: 4
	CORE4_TOT_CYCLES   : 3162830
	CORE4_STALL_CYCLES : 1420560
	CORE4_LD_INSTR     : 512
	CORE4_ST_INSTR     : 512
	CORE4_TENSOR_INSTR : 2048
	CORE4_TOT_INSTR    : 3162830
Core: 5
	CORE5_TOT_CYCLES   : 3162836
	CORE5_STALL_CYCLES : 1406763
	CORE5_LD_INSTR     : 512
	CORE5_ST_INSTR     : 512
	CORE5_TENSOR_INSTR : 2048
	CORE5_TOT_INSTR    : 3162836
Core: 6
	CORE6_TOT_CYCLES   : 3162842
	CORE6_STALL_CYCLES : 1411485
	CORE6_LD_INSTR     : 512
	CORE6_ST_INSTR     : 512
	CORE6_TENSOR_INSTR : 2048
	CORE6_TOT_INSTR    : 3162842
Core: 7
	CORE7_TOT_CYCLES   : 3162848
	CORE7_STALL_CYCLES : 1415651
	CORE7_LD_INSTR     : 512
	CORE7_ST_INSTR     : 512
	CORE7_TENSOR_INSTR : 2048
	CORE7_TOT_INSTR    : 3162848
========== starting kernel 12 ==========
RAM resp id:421000 m_cycle=3169959 req_time=3169756 resp_time=203 total_latency=50317877
RAM resp id:422000 m_cycle=3183342 req_time=0 resp_time=0 total_latency=50458596
RAM resp id:423000 m_cycle=3195699 req_time=0 resp_time=0 total_latency=50583925
[Cycle: 3200000]: mem_requests: 423352, mem_responses: 423327, avg_latency: 119
RAM resp id:424000 m_cycle=3208037 req_time=0 resp_time=0 total_latency=50710215
RAM resp id:425000 m_cycle=3220467 req_time=3220264 resp_time=203 total_latency=50835722
RAM resp id:426000 m_cycle=3232802 req_time=0 resp_time=0 total_latency=50961000
RAM resp id:427000 m_cycle=3245248 req_time=0 resp_time=0 total_latency=51086502
RAM resp id:428000 m_cycle=3257580 req_time=3257377 resp_time=203 total_latency=51211389
RAM resp id:429000 m_cycle=3269924 req_time=3269721 resp_time=203 total_latency=51338336
RAM resp id:430000 m_cycle=3282269 req_time=3282066 resp_time=203 total_latency=51463824
RAM resp id:431000 m_cycle=3294605 req_time=0 resp_time=0 total_latency=51588289
[Cycle: 3300000]: mem_requests: 431443, mem_responses: 431426, avg_latency: 119
RAM resp id:432000 m_cycle=3307050 req_time=3306847 resp_time=203 total_latency=51715200
RAM resp id:433000 m_cycle=3319294 req_time=3319091 resp_time=203 total_latency=51839867
RAM resp id:434000 m_cycle=3331756 req_time=3331553 resp_time=203 total_latency=51967380
RAM resp id:435000 m_cycle=3344052 req_time=3343849 resp_time=203 total_latency=52090839
RAM resp id:436000 m_cycle=3356569 req_time=3356366 resp_time=203 total_latency=52217944
core 2 retired
core 6 retired
core 3 retired
core 7 retired
core 4 retired
core 1 retired
core 0 retired
core 5 retired
========== kernel 12 summary ==========
Core: 0
	CORE0_TOT_CYCLES   : 3361870
	CORE0_STALL_CYCLES : 1474841
	CORE0_LD_INSTR     : 481
	CORE0_ST_INSTR     : 768
	CORE0_TENSOR_INSTR : 4096
	CORE0_TOT_INSTR    : 3361870
Core: 1
	CORE1_TOT_CYCLES   : 3361809
	CORE1_STALL_CYCLES : 1470655
	CORE1_LD_INSTR     : 482
	CORE1_ST_INSTR     : 768
	CORE1_TENSOR_INSTR : 4096
	CORE1_TOT_INSTR    : 3361809
Core: 2
	CORE2_TOT_CYCLES   : 3360834
	CORE2_STALL_CYCLES : 1470037
	CORE2_LD_INSTR     : 472
	CORE2_ST_INSTR     : 768
	CORE2_TENSOR_INSTR : 4096
	CORE2_TOT_INSTR    : 3360834
Core: 3
	CORE3_TOT_CYCLES   : 3361342
	CORE3_STALL_CYCLES : 1473676
	CORE3_LD_INSTR     : 476
	CORE3_ST_INSTR     : 768
	CORE3_TENSOR_INSTR : 4096
	CORE3_TOT_INSTR    : 3361342
Core: 4
	CORE4_TOT_CYCLES   : 3361575
	CORE4_STALL_CYCLES : 1480409
	CORE4_LD_INSTR     : 477
	CORE4_ST_INSTR     : 768
	CORE4_TENSOR_INSTR : 4096
	CORE4_TOT_INSTR    : 3361575
Core: 5
	CORE5_TOT_CYCLES   : 3361920
	CORE5_STALL_CYCLES : 1467020
	CORE5_LD_INSTR     : 482
	CORE5_ST_INSTR     : 768
	CORE5_TENSOR_INSTR : 4096
	CORE5_TOT_INSTR    : 3361920
Core: 6
	CORE6_TOT_CYCLES   : 3361089
	CORE6_STALL_CYCLES : 1471105
	CORE6_LD_INSTR     : 474
	CORE6_ST_INSTR     : 768
	CORE6_TENSOR_INSTR : 4096
	CORE6_TOT_INSTR    : 3361089
Core: 7
	CORE7_TOT_CYCLES   : 3361402
	CORE7_STALL_CYCLES : 1475585
	CORE7_LD_INSTR     : 477
	CORE7_ST_INSTR     : 768
	CORE7_TENSOR_INSTR : 4096
	CORE7_TOT_INSTR    : 3361402
========== starting kernel 13 ==========
RAM resp id:437000 m_cycle=3374516 req_time=3374313 resp_time=203 total_latency=52374928
core 0 retired
core 1 retired
core 2 retired
core 3 retired
core 4 retired
core 5 retired
core 6 retired
core 7 retired
========== kernel 13 summary ==========
Core: 0
	CORE0_TOT_CYCLES   : 3376652
	CORE0_STALL_CYCLES : 1477983
	CORE0_LD_INSTR     : 64
	CORE0_ST_INSTR     : 5
	CORE0_TENSOR_INSTR : 512
	CORE0_TOT_INSTR    : 3376652
Core: 1
	CORE1_TOT_CYCLES   : 3376656
	CORE1_STALL_CYCLES : 1473801
	CORE1_LD_INSTR     : 64
	CORE1_ST_INSTR     : 5
	CORE1_TENSOR_INSTR : 512
	CORE1_TOT_INSTR    : 3376656
Core: 2
	CORE2_TOT_CYCLES   : 3376660
	CORE2_STALL_CYCLES : 1473187
	CORE2_LD_INSTR     : 64
	CORE2_ST_INSTR     : 5
	CORE2_TENSOR_INSTR : 512
	CORE2_TOT_INSTR    : 3376660
Core: 3
	CORE3_TOT_CYCLES   : 3376664
	CORE3_STALL_CYCLES : 1476830
	CORE3_LD_INSTR     : 64
	CORE3_ST_INSTR     : 5
	CORE3_TENSOR_INSTR : 512
	CORE3_TOT_INSTR    : 3376664
Core: 4
	CORE4_TOT_CYCLES   : 3376668
	CORE4_STALL_CYCLES : 1483567
	CORE4_LD_INSTR     : 64
	CORE4_ST_INSTR     : 5
	CORE4_TENSOR_INSTR : 512
	CORE4_TOT_INSTR    : 3376668
Core: 5
	CORE5_TOT_CYCLES   : 3376672
	CORE5_STALL_CYCLES : 1470182
	CORE5_LD_INSTR     : 64
	CORE5_ST_INSTR     : 5
	CORE5_TENSOR_INSTR : 512
	CORE5_TOT_INSTR    : 3376672
Core: 6
	CORE6_TOT_CYCLES   : 3376676
	CORE6_STALL_CYCLES : 1474271
	CORE6_LD_INSTR     : 64
	CORE6_ST_INSTR     : 5
	CORE6_TENSOR_INSTR : 512
	CORE6_TOT_INSTR    : 3376676
Core: 7
	CORE7_TOT_CYCLES   : 3376680
	CORE7_STALL_CYCLES : 1478755
	CORE7_LD_INSTR     : 64
	CORE7_ST_INSTR     : 5
	CORE7_TENSOR_INSTR : 512
	CORE7_TOT_INSTR    : 3376680
========== starting kernel 14 ==========
core 2 retired
core 3 retired
core 4 retired
core 5 retired
core 6 retired
core 7 retired
core 1 retired
core 0 retired
========== kernel 14 summary ==========
Core: 0
	CORE0_TOT_CYCLES   : 3380491
	CORE0_STALL_CYCLES : 1478244
	CORE0_LD_INSTR     : 10
	CORE0_ST_INSTR     : 0
	CORE0_TENSOR_INSTR : 36
	CORE0_TOT_INSTR    : 3380491
Core: 1
	CORE1_TOT_CYCLES   : 3379186
	CORE1_STALL_CYCLES : 1474794
	CORE1_LD_INSTR     : 6
	CORE1_ST_INSTR     : 1
	CORE1_TENSOR_INSTR : 21
	CORE1_TOT_INSTR    : 3379186
Core: 2
	CORE2_TOT_CYCLES   : 3376681
	CORE2_STALL_CYCLES : 1473187
	CORE2_LD_INSTR     : 0
	CORE2_ST_INSTR     : 0
	CORE2_TENSOR_INSTR : 0
	CORE2_TOT_INSTR    : 3376681
Core: 3
	CORE3_TOT_CYCLES   : 3376681
	CORE3_STALL_CYCLES : 1476830
	CORE3_LD_INSTR     : 0
	CORE3_ST_INSTR     : 0
	CORE3_TENSOR_INSTR : 0
	CORE3_TOT_INSTR    : 3376681
Core: 4
	CORE4_TOT_CYCLES   : 3376681
	CORE4_STALL_CYCLES : 1483567
	CORE4_LD_INSTR     : 0
	CORE4_ST_INSTR     : 0
	CORE4_TENSOR_INSTR : 0
	CORE4_TOT_INSTR    : 3376681
Core: 5
	CORE5_TOT_CYCLES   : 3376681
	CORE5_STALL_CYCLES : 1470182
	CORE5_LD_INSTR     : 0
	CORE5_ST_INSTR     : 0
	CORE5_TENSOR_INSTR : 0
	CORE5_TOT_INSTR    : 3376681
Core: 6
	CORE6_TOT_CYCLES   : 3376681
	CORE6_STALL_CYCLES : 1474271
	CORE6_LD_INSTR     : 0
	CORE6_ST_INSTR     : 0
	CORE6_TENSOR_INSTR : 0
	CORE6_TOT_INSTR    : 3376681
Core: 7
	CORE7_TOT_CYCLES   : 3376681
	CORE7_STALL_CYCLES : 1478755
	CORE7_LD_INSTR     : 0
	CORE7_ST_INSTR     : 0
	CORE7_TENSOR_INSTR : 0
	CORE7_TOT_INSTR    : 3376681
GPU Retired.
**************************************************
Simulation finished @ Wed Feb 18 20:59:14 2026

Total simulation time: 0:0:57

============= MacSim Stats =============
Macsim:
	NUM_CYCLES              : 3380490
	NUM_INSTRS_RETIRED      : 14857416
	NUM_STALL_CYCLES        : 11809830
	NUM_MEM_REQUESTS        : 437075
	NUM_MEM_RESPONSES       : 437075
	AVG_RESPONSE_LATENCY    : 119
	NUM_TTIMEDOUT_REQUESTS  : 0
	INSTR_PER_CYCLE         : 4.395048
Cache:
	CACHE_NUM_ACCESSES    : 1966978
	CACHE_NUM_HITS        : 313582
	CACHE_HIT_RATE_PERC   : 15.94
	MISSES_PER_1000_INSTR : 111.28

========================================

[END OF GPU SIMULATION]
