Reading GPU Configurations...
Block Scheduling Policy: ROUND_ROBIN
Warp Scheduling Policy: GTO
trace type : nvbit
> trace_path: macsim_traces/cnn_half/Kernel0/trace.txt truncate_size: 0
 trace type : nvbit
# of blocks: 184, # of warps: 1472, # of Instrs: 450112
> trace_path: macsim_traces/cnn_half/Kernel1/trace.txt truncate_size: 0
 trace type : nvbit
# of blocks: 1024, # of warps: 2048, # of Instrs: 4253744
> trace_path: macsim_traces/cnn_half/Kernel2/trace.txt truncate_size: 0
 trace type : nvbit
# of blocks: 2048, # of warps: 8192, # of Instrs: 1581056
> trace_path: macsim_traces/cnn_half/Kernel3/trace.txt truncate_size: 0
 trace type : nvbit
# of blocks: 2048, # of warps: 8192, # of Instrs: 352256
> trace_path: macsim_traces/cnn_half/Kernel4/trace.txt truncate_size: 0
 trace type : nvbit
# of blocks: 1024, # of warps: 8192, # of Instrs: 2196650
> trace_path: macsim_traces/cnn_half/Kernel5/trace.txt truncate_size: 0
 trace type : nvbit
# of blocks: 256, # of warps: 2048, # of Instrs: 362560
> trace_path: macsim_traces/cnn_half/Kernel6/trace.txt truncate_size: 0
 trace type : nvbit
# of blocks: 64, # of warps: 512, # of Instrs: 77120
> trace_path: macsim_traces/cnn_half/Kernel7/trace.txt truncate_size: 0
 trace type : nvbit
# of blocks: 5, # of warps: 40, # of Instrs: 3071
> trace_path: macsim_traces/cnn_half/Kernel8/trace.txt truncate_size: 0
 trace type : nvbit
# of blocks: 32, # of warps: 256, # of Instrs: 2740160
> trace_path: macsim_traces/cnn_half/Kernel9/trace.txt truncate_size: 0
 trace type : nvbit
# of blocks: 512, # of warps: 4096, # of Instrs: 681600
> trace_path: macsim_traces/cnn_half/Kernel10/trace.txt truncate_size: 0
 trace type : nvbit
# of blocks: 1024, # of warps: 4096, # of Instrs: 790528
> trace_path: macsim_traces/cnn_half/Kernel11/trace.txt truncate_size: 0
 trace type : nvbit
# of blocks: 1024, # of warps: 4096, # of Instrs: 176128
> trace_path: macsim_traces/cnn_half/Kernel12/trace.txt truncate_size: 0
 trace type : nvbit
# of blocks: 512, # of warps: 4096, # of Instrs: 1095747
> trace_path: macsim_traces/cnn_half/Kernel13/trace.txt truncate_size: 0
 trace type : nvbit
# of blocks: 32, # of warps: 512, # of Instrs: 91648
> trace_path: macsim_traces/cnn_half/Kernel14/trace.txt truncate_size: 0
 trace type : nvbit
# of blocks: 2, # of warps: 8, # of Instrs: 5036
Macsim started @ Wed Feb 18 21:05:57 2026

**************************************************
========== starting kernel 0 ==========
RAM resp id:0 m_cycle=469 req_time=266 resp_time=203 total_latency=203
core 0 retired
core 1 retired
core 2 retired
core 3 retired
core 4 retired
core 5 retired
core 6 retired
core 7 retired
========== kernel 0 summary ==========
Core: 0
	CORE0_TOT_CYCLES   : 56498
	CORE0_STALL_CYCLES : 0
	CORE0_LD_INSTR     : 0
	CORE0_ST_INSTR     : 48
	CORE0_TENSOR_INSTR : 0
	CORE0_TOT_INSTR    : 56498
Core: 1
	CORE1_TOT_CYCLES   : 56498
	CORE1_STALL_CYCLES : 0
	CORE1_LD_INSTR     : 0
	CORE1_ST_INSTR     : 48
	CORE1_TENSOR_INSTR : 0
	CORE1_TOT_INSTR    : 56498
Core: 2
	CORE2_TOT_CYCLES   : 56498
	CORE2_STALL_CYCLES : 0
	CORE2_LD_INSTR     : 0
	CORE2_ST_INSTR     : 48
	CORE2_TENSOR_INSTR : 0
	CORE2_TOT_INSTR    : 56498
Core: 3
	CORE3_TOT_CYCLES   : 56498
	CORE3_STALL_CYCLES : 0
	CORE3_LD_INSTR     : 0
	CORE3_ST_INSTR     : 48
	CORE3_TENSOR_INSTR : 0
	CORE3_TOT_INSTR    : 56498
Core: 4
	CORE4_TOT_CYCLES   : 56498
	CORE4_STALL_CYCLES : 0
	CORE4_LD_INSTR     : 0
	CORE4_ST_INSTR     : 48
	CORE4_TENSOR_INSTR : 0
	CORE4_TOT_INSTR    : 56498
Core: 5
	CORE5_TOT_CYCLES   : 56498
	CORE5_STALL_CYCLES : 0
	CORE5_LD_INSTR     : 0
	CORE5_ST_INSTR     : 48
	CORE5_TENSOR_INSTR : 0
	CORE5_TOT_INSTR    : 56498
Core: 6
	CORE6_TOT_CYCLES   : 56498
	CORE6_STALL_CYCLES : 0
	CORE6_LD_INSTR     : 0
	CORE6_ST_INSTR     : 48
	CORE6_TENSOR_INSTR : 0
	CORE6_TOT_INSTR    : 56498
Core: 7
	CORE7_TOT_CYCLES   : 56498
	CORE7_STALL_CYCLES : 0
	CORE7_LD_INSTR     : 0
	CORE7_ST_INSTR     : 48
	CORE7_TENSOR_INSTR : 0
	CORE7_TOT_INSTR    : 56498
========== starting kernel 1 ==========
RAM resp id:1000 m_cycle=70709 req_time=0 resp_time=0 total_latency=160012
RAM resp id:2000 m_cycle=74144 req_time=0 resp_time=0 total_latency=261729
RAM resp id:3000 m_cycle=77507 req_time=0 resp_time=0 total_latency=363249
RAM resp id:4000 m_cycle=81242 req_time=81039 resp_time=203 total_latency=464357
RAM resp id:5000 m_cycle=97311 req_time=97108 resp_time=203 total_latency=573802
[Cycle: 100000]: mem_requests: 5847, mem_responses: 5785, avg_latency: 112
RAM resp id:6000 m_cycle=100711 req_time=100508 resp_time=203 total_latency=674918
RAM resp id:7000 m_cycle=104118 req_time=0 resp_time=0 total_latency=776647
RAM resp id:8000 m_cycle=120216 req_time=120013 resp_time=203 total_latency=881805
RAM resp id:9000 m_cycle=123930 req_time=0 resp_time=0 total_latency=986981
RAM resp id:10000 m_cycle=127343 req_time=127140 resp_time=203 total_latency=1088500
RAM resp id:11000 m_cycle=132052 req_time=131849 resp_time=203 total_latency=1187773
RAM resp id:12000 m_cycle=150459 req_time=0 resp_time=0 total_latency=1297198
RAM resp id:13000 m_cycle=169867 req_time=0 resp_time=0 total_latency=1405804
RAM resp id:14000 m_cycle=176927 req_time=176723 resp_time=204 total_latency=1510585
RAM resp id:15000 m_cycle=185694 req_time=185491 resp_time=203 total_latency=1614120
RAM resp id:16000 m_cycle=192815 req_time=192612 resp_time=203 total_latency=1718470
RAM resp id:17000 m_cycle=198121 req_time=0 resp_time=0 total_latency=1821615
[Cycle: 200000]: mem_requests: 17374, mem_responses: 17346, avg_latency: 106
RAM resp id:18000 m_cycle=204701 req_time=0 resp_time=0 total_latency=1924545
RAM resp id:19000 m_cycle=213106 req_time=212903 resp_time=203 total_latency=2028079
RAM resp id:20000 m_cycle=219392 req_time=219189 resp_time=203 total_latency=2131834
RAM resp id:21000 m_cycle=224739 req_time=0 resp_time=0 total_latency=2233951
RAM resp id:22000 m_cycle=232268 req_time=0 resp_time=0 total_latency=2337282
RAM resp id:23000 m_cycle=240442 req_time=0 resp_time=0 total_latency=2442034
RAM resp id:24000 m_cycle=246296 req_time=246093 resp_time=203 total_latency=2544159
RAM resp id:25000 m_cycle=255517 req_time=255314 resp_time=203 total_latency=2645263
RAM resp id:26000 m_cycle=264877 req_time=264674 resp_time=203 total_latency=2749213
RAM resp id:27000 m_cycle=270148 req_time=0 resp_time=0 total_latency=2851130
RAM resp id:28000 m_cycle=277040 req_time=0 resp_time=0 total_latency=2952432
RAM resp id:29000 m_cycle=286676 req_time=286473 resp_time=203 total_latency=3055978
RAM resp id:30000 m_cycle=293047 req_time=0 resp_time=0 total_latency=3158914
RAM resp id:31000 m_cycle=298852 req_time=0 resp_time=0 total_latency=3261437
[Cycle: 300000]: mem_requests: 31245, mem_responses: 31207, avg_latency: 105
RAM resp id:32000 m_cycle=307600 req_time=0 resp_time=0 total_latency=3361721
RAM resp id:33000 m_cycle=316056 req_time=315853 resp_time=203 total_latency=3465059
RAM resp id:34000 m_cycle=321143 req_time=0 resp_time=0 total_latency=3566576
RAM resp id:35000 m_cycle=326194 req_time=0 resp_time=0 total_latency=3667680
RAM resp id:36000 m_cycle=335788 req_time=0 resp_time=0 total_latency=3768780
RAM resp id:37000 m_cycle=342744 req_time=0 resp_time=0 total_latency=3871105
RAM resp id:38000 m_cycle=347578 req_time=347375 resp_time=203 total_latency=3973426
RAM resp id:39000 m_cycle=354988 req_time=0 resp_time=0 total_latency=4073311
RAM resp id:40000 m_cycle=364608 req_time=0 resp_time=0 total_latency=4176244
RAM resp id:41000 m_cycle=369937 req_time=0 resp_time=0 total_latency=4278363
RAM resp id:42000 m_cycle=375012 req_time=374809 resp_time=203 total_latency=4380275
RAM resp id:43000 m_cycle=384149 req_time=383946 resp_time=203 total_latency=4480564
RAM resp id:44000 m_cycle=391028 req_time=390825 resp_time=203 total_latency=4583502
RAM resp id:45000 m_cycle=396121 req_time=0 resp_time=0 total_latency=4685623
[Cycle: 400000]: mem_requests: 45781, mem_responses: 45743, avg_latency: 104
RAM resp id:46000 m_cycle=401700 req_time=0 resp_time=0 total_latency=4786322
RAM resp id:47000 m_cycle=411938 req_time=0 resp_time=0 total_latency=4888231
RAM resp id:48000 m_cycle=418159 req_time=417956 resp_time=203 total_latency=4990558
RAM resp id:49000 m_cycle=422907 req_time=0 resp_time=0 total_latency=5092473
RAM resp id:50000 m_cycle=429842 req_time=429639 resp_time=203 total_latency=5193366
RAM resp id:51000 m_cycle=439454 req_time=439251 resp_time=203 total_latency=5296300
RAM resp id:52000 m_cycle=444641 req_time=0 resp_time=0 total_latency=5397604
RAM resp id:53000 m_cycle=449138 req_time=0 resp_time=0 total_latency=5499532
RAM resp id:54000 m_cycle=457578 req_time=457375 resp_time=203 total_latency=5600654
RAM resp id:55000 m_cycle=466673 req_time=0 resp_time=0 total_latency=5704607
RAM resp id:56000 m_cycle=471673 req_time=471470 resp_time=203 total_latency=5806940
RAM resp id:57000 m_cycle=477218 req_time=477015 resp_time=203 total_latency=5907633
RAM resp id:58000 m_cycle=487406 req_time=487203 resp_time=203 total_latency=6010357
RAM resp id:59000 m_cycle=494115 req_time=0 resp_time=0 total_latency=6113285
RAM resp id:60000 m_cycle=498623 req_time=498420 resp_time=203 total_latency=6215817
[Cycle: 500000]: mem_requests: 60327, mem_responses: 60285, avg_latency: 103
RAM resp id:61000 m_cycle=505719 req_time=505516 resp_time=203 total_latency=6316509
RAM resp id:62000 m_cycle=516472 req_time=516269 resp_time=203 total_latency=6418831
RAM resp id:63000 m_cycle=524130 req_time=0 resp_time=0 total_latency=6519946
RAM resp id:64000 m_cycle=532527 req_time=0 resp_time=0 total_latency=6621652
RAM resp id:65000 m_cycle=538989 req_time=538786 resp_time=203 total_latency=6723773
RAM resp id:66000 m_cycle=546303 req_time=0 resp_time=0 total_latency=6825887
RAM resp id:67000 m_cycle=553961 req_time=553758 resp_time=203 total_latency=6928000
RAM resp id:68000 m_cycle=559983 req_time=0 resp_time=0 total_latency=7029911
RAM resp id:69000 m_cycle=566164 req_time=565961 resp_time=203 total_latency=7130807
RAM resp id:70000 m_cycle=574003 req_time=0 resp_time=0 total_latency=7232927
RAM resp id:71000 m_cycle=581058 req_time=0 resp_time=0 total_latency=7334644
RAM resp id:72000 m_cycle=587966 req_time=0 resp_time=0 total_latency=7436367
RAM resp id:73000 m_cycle=595592 req_time=595389 resp_time=203 total_latency=7538478
[Cycle: 600000]: mem_requests: 73630, mem_responses: 73603, avg_latency: 103
RAM resp id:74000 m_cycle=602318 req_time=0 resp_time=0 total_latency=7640395
RAM resp id:75000 m_cycle=610134 req_time=609931 resp_time=203 total_latency=7741902
RAM resp id:76000 m_cycle=617373 req_time=617170 resp_time=203 total_latency=7843609
RAM resp id:77000 m_cycle=623336 req_time=623133 resp_time=203 total_latency=7945127
RAM resp id:78000 m_cycle=629778 req_time=0 resp_time=0 total_latency=8046845
RAM resp id:79000 m_cycle=640100 req_time=0 resp_time=0 total_latency=8148350
RAM resp id:80000 m_cycle=645689 req_time=645486 resp_time=203 total_latency=8251495
RAM resp id:81000 m_cycle=651880 req_time=651677 resp_time=203 total_latency=8352813
RAM resp id:82000 m_cycle=660931 req_time=0 resp_time=0 total_latency=8456145
RAM resp id:83000 m_cycle=667723 req_time=667520 resp_time=203 total_latency=8558673
RAM resp id:84000 m_cycle=672970 req_time=672767 resp_time=203 total_latency=8659577
RAM resp id:85000 m_cycle=679334 req_time=0 resp_time=0 total_latency=8761904
RAM resp id:86000 m_cycle=688732 req_time=0 resp_time=0 total_latency=8864422
RAM resp id:87000 m_cycle=694377 req_time=694174 resp_time=203 total_latency=8967972
RAM resp id:88000 m_cycle=699972 req_time=699769 resp_time=203 total_latency=9068670
[Cycle: 700000]: mem_requests: 88034, mem_responses: 88002, avg_latency: 103
RAM resp id:89000 m_cycle=711752 req_time=0 resp_time=0 total_latency=9169767
RAM resp id:90000 m_cycle=718881 req_time=718678 resp_time=203 total_latency=9272911
RAM resp id:91000 m_cycle=723343 req_time=0 resp_time=0 total_latency=9374217
RAM resp id:92000 m_cycle=729704 req_time=0 resp_time=0 total_latency=9474305
RAM resp id:93000 m_cycle=741813 req_time=0 resp_time=0 total_latency=9576824
RAM resp id:94000 m_cycle=746621 req_time=746418 resp_time=203 total_latency=9679358
RAM resp id:95000 m_cycle=752077 req_time=751873 resp_time=204 total_latency=9780679
RAM resp id:96000 m_cycle=763213 req_time=763010 resp_time=203 total_latency=9881780
RAM resp id:97000 m_cycle=769658 req_time=0 resp_time=0 total_latency=9984933
RAM resp id:98000 m_cycle=775120 req_time=0 resp_time=0 total_latency=10085429
RAM resp id:99000 m_cycle=785985 req_time=785782 resp_time=203 total_latency=10187541
RAM resp id:100000 m_cycle=792909 req_time=792706 resp_time=203 total_latency=10290071
RAM resp id:101000 m_cycle=797025 req_time=0 resp_time=0 total_latency=10391789
[Cycle: 800000]: mem_requests: 101548, mem_responses: 101522, avg_latency: 102
RAM resp id:102000 m_cycle=803342 req_time=0 resp_time=0 total_latency=10492281
RAM resp id:103000 m_cycle=815588 req_time=815385 resp_time=203 total_latency=10594407
RAM resp id:104000 m_cycle=820352 req_time=820149 resp_time=203 total_latency=10697144
RAM resp id:105000 m_cycle=826442 req_time=0 resp_time=0 total_latency=10797641
RAM resp id:106000 m_cycle=843161 req_time=842958 resp_time=203 total_latency=10899145
RAM resp id:107000 m_cycle=852564 req_time=852361 resp_time=203 total_latency=11003098
RAM resp id:108000 m_cycle=858570 req_time=858367 resp_time=203 total_latency=11104613
RAM resp id:109000 m_cycle=871135 req_time=0 resp_time=0 total_latency=11206532
RAM resp id:110000 m_cycle=877108 req_time=876905 resp_time=203 total_latency=11310071
RAM resp id:111000 m_cycle=882492 req_time=882289 resp_time=203 total_latency=11411175
RAM resp id:112000 m_cycle=893761 req_time=0 resp_time=0 total_latency=11513694
RAM resp id:113000 m_cycle=899599 req_time=899396 resp_time=203 total_latency=11616630
[Cycle: 900000]: mem_requests: 113128, mem_responses: 113088, avg_latency: 102
RAM resp id:114000 m_cycle=904195 req_time=0 resp_time=0 total_latency=11717736
RAM resp id:115000 m_cycle=916819 req_time=0 resp_time=0 total_latency=11818633
RAM resp id:116000 m_cycle=923280 req_time=0 resp_time=0 total_latency=11922585
RAM resp id:117000 m_cycle=927167 req_time=0 resp_time=0 total_latency=12024115
RAM resp id:118000 m_cycle=932262 req_time=932059 resp_time=203 total_latency=12124219
RAM resp id:119000 m_cycle=949668 req_time=949465 resp_time=203 total_latency=12226335
RAM resp id:120000 m_cycle=957932 req_time=0 resp_time=0 total_latency=12327848
RAM resp id:121000 m_cycle=970525 req_time=0 resp_time=0 total_latency=12429153
RAM resp id:122000 m_cycle=979256 req_time=979053 resp_time=203 total_latency=12532284
RAM resp id:123000 m_cycle=985544 req_time=0 resp_time=0 total_latency=12634211
RAM resp id:124000 m_cycle=993536 req_time=0 resp_time=0 total_latency=12734328
[Cycle: 1000000]: mem_requests: 124042, mem_responses: 124041, avg_latency: 102
RAM resp id:125000 m_cycle=1010949 req_time=0 resp_time=0 total_latency=12837669
RAM resp id:126000 m_cycle=1027699 req_time=0 resp_time=0 total_latency=12941620
RAM resp id:127000 m_cycle=1032217 req_time=1032014 resp_time=203 total_latency=13044356
RAM resp id:128000 m_cycle=1036347 req_time=1036144 resp_time=203 total_latency=13145873
RAM resp id:129000 m_cycle=1042804 req_time=0 resp_time=0 total_latency=13245969
RAM resp id:130000 m_cycle=1060676 req_time=0 resp_time=0 total_latency=13349097
RAM resp id:131000 m_cycle=1069583 req_time=1069380 resp_time=203 total_latency=13452225
RAM resp id:132000 m_cycle=1077807 req_time=1077604 resp_time=203 total_latency=13553530
RAM resp id:133000 m_cycle=1093733 req_time=0 resp_time=0 total_latency=13656253
RAM resp id:134000 m_cycle=1099196 req_time=0 resp_time=0 total_latency=13758981
[Cycle: 1100000]: mem_requests: 134222, mem_responses: 134177, avg_latency: 102
RAM resp id:135000 m_cycle=1105168 req_time=0 resp_time=0 total_latency=13859475
RAM resp id:136000 m_cycle=1114756 req_time=1114553 resp_time=203 total_latency=13960779
RAM resp id:137000 m_cycle=1121360 req_time=0 resp_time=0 total_latency=14063097
RAM resp id:138000 m_cycle=1125756 req_time=0 resp_time=0 total_latency=14165828
RAM resp id:139000 m_cycle=1131677 req_time=0 resp_time=0 total_latency=14266121
RAM resp id:140000 m_cycle=1142832 req_time=0 resp_time=0 total_latency=14368030
RAM resp id:141000 m_cycle=1148947 req_time=1148744 resp_time=203 total_latency=14470959
RAM resp id:142000 m_cycle=1153341 req_time=1153138 resp_time=203 total_latency=14571866
RAM resp id:143000 m_cycle=1167622 req_time=1167419 resp_time=203 total_latency=14673377
RAM resp id:144000 m_cycle=1172727 req_time=1172524 resp_time=203 total_latency=14776308
RAM resp id:145000 m_cycle=1177566 req_time=1177363 resp_time=203 total_latency=14876807
RAM resp id:146000 m_cycle=1190845 req_time=0 resp_time=0 total_latency=14978720
RAM resp id:147000 m_cycle=1196520 req_time=0 resp_time=0 total_latency=15081447
[Cycle: 1200000]: mem_requests: 147841, mem_responses: 147804, avg_latency: 102
RAM resp id:148000 m_cycle=1201075 req_time=1200872 resp_time=203 total_latency=15182750
RAM resp id:149000 m_cycle=1210734 req_time=0 resp_time=0 total_latency=15282633
RAM resp id:150000 m_cycle=1220233 req_time=0 resp_time=0 total_latency=15386586
RAM resp id:151000 m_cycle=1224403 req_time=1224200 resp_time=203 total_latency=15489322
RAM resp id:152000 m_cycle=1231411 req_time=0 resp_time=0 total_latency=15589409
RAM resp id:153000 m_cycle=1242388 req_time=1242185 resp_time=203 total_latency=15692743
RAM resp id:154000 m_cycle=1248474 req_time=1248271 resp_time=203 total_latency=15795675
RAM resp id:155000 m_cycle=1256558 req_time=0 resp_time=0 total_latency=15897386
RAM resp id:156000 m_cycle=1264374 req_time=0 resp_time=0 total_latency=16000112
RAM resp id:157000 m_cycle=1270240 req_time=1270037 resp_time=203 total_latency=16102230
RAM resp id:158000 m_cycle=1277527 req_time=1277324 resp_time=203 total_latency=16202926
RAM resp id:159000 m_cycle=1286607 req_time=0 resp_time=0 total_latency=16305044
RAM resp id:160000 m_cycle=1292592 req_time=0 resp_time=0 total_latency=16406770
RAM resp id:161000 m_cycle=1298239 req_time=0 resp_time=0 total_latency=16508688
[Cycle: 1300000]: mem_requests: 161312, mem_responses: 161283, avg_latency: 102
RAM resp id:162000 m_cycle=1305473 req_time=0 resp_time=0 total_latency=16609586
RAM resp id:163000 m_cycle=1314730 req_time=1314527 resp_time=203 total_latency=16711903
RAM resp id:164000 m_cycle=1321421 req_time=1321218 resp_time=203 total_latency=16814638
RAM resp id:165000 m_cycle=1327554 req_time=0 resp_time=0 total_latency=16915340
RAM resp id:166000 m_cycle=1336859 req_time=1336656 resp_time=203 total_latency=17018069
RAM resp id:167000 m_cycle=1343697 req_time=0 resp_time=0 total_latency=17118969
RAM resp id:168000 m_cycle=1360556 req_time=0 resp_time=0 total_latency=17221284
RAM resp id:169000 m_cycle=1367122 req_time=0 resp_time=0 total_latency=17323403
RAM resp id:170000 m_cycle=1385286 req_time=0 resp_time=0 total_latency=17425526
RAM resp id:171000 m_cycle=1390995 req_time=0 resp_time=0 total_latency=17526850
[Cycle: 1400000]: mem_requests: 171810, mem_responses: 171803, avg_latency: 102
RAM resp id:172000 m_cycle=1409124 req_time=0 resp_time=0 total_latency=17629167
RAM resp id:173000 m_cycle=1416352 req_time=0 resp_time=0 total_latency=17732914
RAM resp id:174000 m_cycle=1420543 req_time=0 resp_time=0 total_latency=17834641
RAM resp id:175000 m_cycle=1430849 req_time=0 resp_time=0 total_latency=17934938
RAM resp id:176000 m_cycle=1441044 req_time=0 resp_time=0 total_latency=18038885
RAM resp id:177000 m_cycle=1449242 req_time=1449039 resp_time=203 total_latency=18140604
RAM resp id:178000 m_cycle=1465930 req_time=1465727 resp_time=203 total_latency=18242512
RAM resp id:179000 m_cycle=1471456 req_time=0 resp_time=0 total_latency=18345849
RAM resp id:180000 m_cycle=1476476 req_time=0 resp_time=0 total_latency=18445950
RAM resp id:181000 m_cycle=1488353 req_time=1488150 resp_time=203 total_latency=18548268
RAM resp id:182000 m_cycle=1494193 req_time=1493990 resp_time=203 total_latency=18651007
[Cycle: 1500000]: mem_requests: 182948, mem_responses: 182929, avg_latency: 102
RAM resp id:183000 m_cycle=1500690 req_time=0 resp_time=0 total_latency=18751304
RAM resp id:184000 m_cycle=1511484 req_time=0 resp_time=0 total_latency=18854242
RAM resp id:185000 m_cycle=1517232 req_time=1517029 resp_time=203 total_latency=18956173
RAM resp id:186000 m_cycle=1525673 req_time=1525470 resp_time=203 total_latency=19056672
RAM resp id:187000 m_cycle=1533494 req_time=1533291 resp_time=203 total_latency=19159204
RAM resp id:188000 m_cycle=1539809 req_time=0 resp_time=0 total_latency=19260507
RAM resp id:189000 m_cycle=1547608 req_time=0 resp_time=0 total_latency=19362017
RAM resp id:190000 m_cycle=1556197 req_time=0 resp_time=0 total_latency=19464740
RAM resp id:191000 m_cycle=1561990 req_time=1561787 resp_time=203 total_latency=19566258
core 3 retired
core 4 retired
RAM resp id:192000 m_cycle=1568554 req_time=0 resp_time=0 total_latency=19667361
core 6 retired
RAM resp id:193000 m_cycle=1577426 req_time=0 resp_time=0 total_latency=19768876
core 1 retired
core 0 retired
core 2 retired
core 5 retired
core 7 retired
========== kernel 1 summary ==========
Core: 0
	CORE0_TOT_CYCLES   : 1578373
	CORE0_STALL_CYCLES : 973620
	CORE0_LD_INSTR     : 148
	CORE0_ST_INSTR     : 11972
	CORE0_TENSOR_INSTR : 7575
	CORE0_TOT_INSTR    : 1578373
Core: 1
	CORE1_TOT_CYCLES   : 1578309
	CORE1_STALL_CYCLES : 978127
	CORE1_LD_INSTR     : 134
	CORE1_ST_INSTR     : 11576
	CORE1_TENSOR_INSTR : 7516
	CORE1_TOT_INSTR    : 1578309
Core: 2
	CORE2_TOT_CYCLES   : 1581690
	CORE2_STALL_CYCLES : 976825
	CORE2_LD_INSTR     : 82
	CORE2_ST_INSTR     : 12090
	CORE2_TENSOR_INSTR : 7584
	CORE2_TOT_INSTR    : 1581690
Core: 3
	CORE3_TOT_CYCLES   : 1567620
	CORE3_STALL_CYCLES : 979250
	CORE3_LD_INSTR     : 92
	CORE3_ST_INSTR     : 12092
	CORE3_TENSOR_INSTR : 7366
	CORE3_TOT_INSTR    : 1567620
Core: 4
	CORE4_TOT_CYCLES   : 1567681
	CORE4_STALL_CYCLES : 966804
	CORE4_LD_INSTR     : 113
	CORE4_ST_INSTR     : 12351
	CORE4_TENSOR_INSTR : 7507
	CORE4_TOT_INSTR    : 1567681
Core: 5
	CORE5_TOT_CYCLES   : 1583801
	CORE5_STALL_CYCLES : 983033
	CORE5_LD_INSTR     : 80
	CORE5_ST_INSTR     : 12215
	CORE5_TENSOR_INSTR : 7516
	CORE5_TOT_INSTR    : 1583801
Core: 6
	CORE6_TOT_CYCLES   : 1570925
	CORE6_STALL_CYCLES : 958188
	CORE6_LD_INSTR     : 91
	CORE6_ST_INSTR     : 11699
	CORE6_TENSOR_INSTR : 7693
	CORE6_TOT_INSTR    : 1570925
Core: 7
	CORE7_TOT_CYCLES   : 1585118
	CORE7_STALL_CYCLES : 992629
	CORE7_LD_INSTR     : 91
	CORE7_ST_INSTR     : 12431
	CORE7_TENSOR_INSTR : 7371
	CORE7_TOT_INSTR    : 1585118
========== starting kernel 2 ==========
[Cycle: 1600000]: mem_requests: 193834, mem_responses: 193833, avg_latency: 102
RAM resp id:194000 m_cycle=1611398 req_time=1611195 resp_time=203 total_latency=19911906
RAM resp id:195000 m_cycle=1671310 req_time=1671107 resp_time=203 total_latency=20080802
[Cycle: 1700000]: mem_requests: 195562, mem_responses: 195554, avg_latency: 103
RAM resp id:196000 m_cycle=1722743 req_time=1722540 resp_time=203 total_latency=20228586
RAM resp id:197000 m_cycle=1774090 req_time=1773887 resp_time=203 total_latency=20373122
[Cycle: 1800000]: mem_requests: 197522, mem_responses: 197514, avg_latency: 103
RAM resp id:198000 m_cycle=1825437 req_time=1825234 resp_time=203 total_latency=20517658
RAM resp id:199000 m_cycle=1876784 req_time=1876581 resp_time=203 total_latency=20662194
[Cycle: 1900000]: mem_requests: 199482, mem_responses: 199482, avg_latency: 103
RAM resp id:200000 m_cycle=1926632 req_time=0 resp_time=0 total_latency=20806933
RAM resp id:201000 m_cycle=1977819 req_time=1977616 resp_time=203 total_latency=20952890
[Cycle: 2000000]: mem_requests: 201442, mem_responses: 201442, avg_latency: 104
RAM resp id:202000 m_cycle=2028431 req_time=0 resp_time=0 total_latency=21097629
RAM resp id:203000 m_cycle=2079618 req_time=2079415 resp_time=203 total_latency=21243586
[Cycle: 2100000]: mem_requests: 203402, mem_responses: 203402, avg_latency: 104
RAM resp id:204000 m_cycle=2130965 req_time=2130762 resp_time=203 total_latency=21388122
RAM resp id:205000 m_cycle=2182312 req_time=2182109 resp_time=203 total_latency=21532658
[Cycle: 2200000]: mem_requests: 205362, mem_responses: 205362, avg_latency: 105
RAM resp id:206000 m_cycle=2233659 req_time=2233456 resp_time=203 total_latency=21677194
RAM resp id:207000 m_cycle=2283507 req_time=0 resp_time=0 total_latency=21821933
[Cycle: 2300000]: mem_requests: 207322, mem_responses: 207322, avg_latency: 105
core 0 retired
core 1 retired
core 3 retired
core 4 retired
core 5 retired
core 6 retired
core 7 retired
core 2 retired
========== kernel 2 summary ==========
Core: 0
	CORE0_TOT_CYCLES   : 2316203
	CORE0_STALL_CYCLES : 1504764
	CORE0_LD_INSTR     : 1284
	CORE0_ST_INSTR     : 0
	CORE0_TENSOR_INSTR : 8192
	CORE0_TOT_INSTR    : 2316203
Core: 1
	CORE1_TOT_CYCLES   : 2316204
	CORE1_STALL_CYCLES : 1509272
	CORE1_LD_INSTR     : 1284
	CORE1_ST_INSTR     : 0
	CORE1_TENSOR_INSTR : 8192
	CORE1_TOT_INSTR    : 2316204
Core: 2
	CORE2_TOT_CYCLES   : 2316234
	CORE2_STALL_CYCLES : 1507996
	CORE2_LD_INSTR     : 1287
	CORE2_ST_INSTR     : 1
	CORE2_TENSOR_INSTR : 8192
	CORE2_TOT_INSTR    : 2316234
Core: 3
	CORE3_TOT_CYCLES   : 2316206
	CORE3_STALL_CYCLES : 1510397
	CORE3_LD_INSTR     : 1284
	CORE3_ST_INSTR     : 0
	CORE3_TENSOR_INSTR : 8192
	CORE3_TOT_INSTR    : 2316206
Core: 4
	CORE4_TOT_CYCLES   : 2316207
	CORE4_STALL_CYCLES : 1497952
	CORE4_LD_INSTR     : 1284
	CORE4_ST_INSTR     : 0
	CORE4_TENSOR_INSTR : 8192
	CORE4_TOT_INSTR    : 2316207
Core: 5
	CORE5_TOT_CYCLES   : 2316208
	CORE5_STALL_CYCLES : 1514182
	CORE5_LD_INSTR     : 1284
	CORE5_ST_INSTR     : 0
	CORE5_TENSOR_INSTR : 8192
	CORE5_TOT_INSTR    : 2316208
Core: 6
	CORE6_TOT_CYCLES   : 2316209
	CORE6_STALL_CYCLES : 1489338
	CORE6_LD_INSTR     : 1284
	CORE6_ST_INSTR     : 0
	CORE6_TENSOR_INSTR : 8192
	CORE6_TOT_INSTR    : 2316209
Core: 7
	CORE7_TOT_CYCLES   : 2316210
	CORE7_STALL_CYCLES : 1523780
	CORE7_LD_INSTR     : 1284
	CORE7_ST_INSTR     : 0
	CORE7_TENSOR_INSTR : 8192
	CORE7_TOT_INSTR    : 2316210
========== starting kernel 3 ==========
RAM resp id:208000 m_cycle=2325422 req_time=2325219 resp_time=203 total_latency=21989114
RAM resp id:209000 m_cycle=2342479 req_time=2342276 resp_time=203 total_latency=22133650
RAM resp id:210000 m_cycle=2359062 req_time=2358859 resp_time=203 total_latency=22271690
RAM resp id:211000 m_cycle=2374596 req_time=0 resp_time=0 total_latency=22405061
RAM resp id:212000 m_cycle=2389970 req_time=2389767 resp_time=203 total_latency=22541274
[Cycle: 2400000]: mem_requests: 212578, mem_responses: 212578, avg_latency: 106
RAM resp id:213000 m_cycle=2406705 req_time=0 resp_time=0 total_latency=22677893
RAM resp id:214000 m_cycle=2422101 req_time=2421898 resp_time=203 total_latency=22810858
RAM resp id:215000 m_cycle=2438695 req_time=2438492 resp_time=203 total_latency=22948898
RAM resp id:216000 m_cycle=2454229 req_time=0 resp_time=0 total_latency=23080645
RAM resp id:217000 m_cycle=2470804 req_time=2470601 resp_time=203 total_latency=23218482
RAM resp id:218000 m_cycle=2486338 req_time=0 resp_time=0 total_latency=23353477
[Cycle: 2500000]: mem_requests: 218914, mem_responses: 218850, avg_latency: 107
RAM resp id:219000 m_cycle=2501723 req_time=2501520 resp_time=203 total_latency=23488066
RAM resp id:220000 m_cycle=2518328 req_time=2518125 resp_time=203 total_latency=23626106
RAM resp id:221000 m_cycle=2533854 req_time=2533651 resp_time=203 total_latency=23757650
RAM resp id:222000 m_cycle=2550437 req_time=2550234 resp_time=203 total_latency=23895690
RAM resp id:223000 m_cycle=2565971 req_time=0 resp_time=0 total_latency=24029061
RAM resp id:224000 m_cycle=2581345 req_time=2581142 resp_time=203 total_latency=24165274
RAM resp id:225000 m_cycle=2598080 req_time=0 resp_time=0 total_latency=24301893
[Cycle: 2600000]: mem_requests: 225154, mem_responses: 225154, avg_latency: 108
RAM resp id:226000 m_cycle=2613476 req_time=2613273 resp_time=203 total_latency=24434858
RAM resp id:227000 m_cycle=2630070 req_time=2629867 resp_time=203 total_latency=24572898
RAM resp id:228000 m_cycle=2645604 req_time=0 resp_time=0 total_latency=24704645
RAM resp id:229000 m_cycle=2662179 req_time=2661976 resp_time=203 total_latency=24842482
RAM resp id:230000 m_cycle=2677713 req_time=0 resp_time=0 total_latency=24977477
RAM resp id:231000 m_cycle=2693098 req_time=2692895 resp_time=203 total_latency=25112066
[Cycle: 2700000]: mem_requests: 231394, mem_responses: 231394, avg_latency: 108
core 0 retired
core 1 retired
core 2 retired
core 3 retired
core 4 retired
core 5 retired
core 6 retired
core 7 retired
========== kernel 3 summary ==========
Core: 0
	CORE0_TOT_CYCLES   : 2708171
	CORE0_STALL_CYCLES : 1849596
	CORE0_LD_INSTR     : 1024
	CORE0_ST_INSTR     : 1024
	CORE0_TENSOR_INSTR : 4096
	CORE0_TOT_INSTR    : 2708171
Core: 1
	CORE1_TOT_CYCLES   : 2708172
	CORE1_STALL_CYCLES : 1854105
	CORE1_LD_INSTR     : 1024
	CORE1_ST_INSTR     : 1024
	CORE1_TENSOR_INSTR : 4096
	CORE1_TOT_INSTR    : 2708172
Core: 2
	CORE2_TOT_CYCLES   : 2708173
	CORE2_STALL_CYCLES : 1852830
	CORE2_LD_INSTR     : 1024
	CORE2_ST_INSTR     : 1024
	CORE2_TENSOR_INSTR : 4096
	CORE2_TOT_INSTR    : 2708173
Core: 3
	CORE3_TOT_CYCLES   : 2708174
	CORE3_STALL_CYCLES : 1855232
	CORE3_LD_INSTR     : 1024
	CORE3_ST_INSTR     : 1024
	CORE3_TENSOR_INSTR : 4096
	CORE3_TOT_INSTR    : 2708174
Core: 4
	CORE4_TOT_CYCLES   : 2708175
	CORE4_STALL_CYCLES : 1842788
	CORE4_LD_INSTR     : 1024
	CORE4_ST_INSTR     : 1024
	CORE4_TENSOR_INSTR : 4096
	CORE4_TOT_INSTR    : 2708175
Core: 5
	CORE5_TOT_CYCLES   : 2708176
	CORE5_STALL_CYCLES : 1859019
	CORE5_LD_INSTR     : 1024
	CORE5_ST_INSTR     : 1024
	CORE5_TENSOR_INSTR : 4096
	CORE5_TOT_INSTR    : 2708176
Core: 6
	CORE6_TOT_CYCLES   : 2708177
	CORE6_STALL_CYCLES : 1834176
	CORE6_LD_INSTR     : 1024
	CORE6_ST_INSTR     : 1024
	CORE6_TENSOR_INSTR : 4096
	CORE6_TOT_INSTR    : 2708177
Core: 7
	CORE7_TOT_CYCLES   : 2708178
	CORE7_STALL_CYCLES : 1868619
	CORE7_LD_INSTR     : 1024
	CORE7_ST_INSTR     : 1024
	CORE7_TENSOR_INSTR : 4096
	CORE7_TOT_INSTR    : 2708178
========== starting kernel 4 ==========
RAM resp id:232000 m_cycle=2711177 req_time=2710974 resp_time=203 total_latency=25250224
RAM resp id:233000 m_cycle=2744998 req_time=2744795 resp_time=203 total_latency=25412254
RAM resp id:234000 m_cycle=2771576 req_time=2771373 resp_time=203 total_latency=25538738
RAM resp id:235000 m_cycle=2798329 req_time=0 resp_time=0 total_latency=25661967
[Cycle: 2800000]: mem_requests: 235063, mem_responses: 235063, avg_latency: 109
RAM resp id:236000 m_cycle=2825383 req_time=2825180 resp_time=203 total_latency=25787843
RAM resp id:237000 m_cycle=2849927 req_time=0 resp_time=0 total_latency=25911681
RAM resp id:238000 m_cycle=2876820 req_time=0 resp_time=0 total_latency=26035722
[Cycle: 2900000]: mem_requests: 238880, mem_responses: 238880, avg_latency: 109
RAM resp id:239000 m_cycle=2903681 req_time=0 resp_time=0 total_latency=26162402
RAM resp id:240000 m_cycle=2928705 req_time=0 resp_time=0 total_latency=26285228
RAM resp id:241000 m_cycle=2957277 req_time=2957074 resp_time=203 total_latency=26410488
RAM resp id:242000 m_cycle=2982240 req_time=0 resp_time=0 total_latency=26535541
[Cycle: 3000000]: mem_requests: 242693, mem_responses: 242667, avg_latency: 109
RAM resp id:243000 m_cycle=3008857 req_time=3008654 resp_time=203 total_latency=26659586
RAM resp id:244000 m_cycle=3035918 req_time=3035715 resp_time=203 total_latency=26785052
RAM resp id:245000 m_cycle=3060656 req_time=0 resp_time=0 total_latency=26908482
RAM resp id:246000 m_cycle=3087789 req_time=3087586 resp_time=203 total_latency=27033744
[Cycle: 3100000]: mem_requests: 246456, mem_responses: 246450, avg_latency: 109
RAM resp id:247000 m_cycle=3114444 req_time=3114241 resp_time=203 total_latency=27159201
RAM resp id:248000 m_cycle=3140256 req_time=0 resp_time=0 total_latency=27281209
RAM resp id:249000 m_cycle=3168112 req_time=3167909 resp_time=203 total_latency=27408289
RAM resp id:250000 m_cycle=3192978 req_time=3192775 resp_time=203 total_latency=27532126
[Cycle: 3200000]: mem_requests: 250263, mem_responses: 250263, avg_latency: 110
RAM resp id:251000 m_cycle=3219736 req_time=0 resp_time=0 total_latency=27656166
RAM resp id:252000 m_cycle=3246657 req_time=0 resp_time=0 total_latency=27783265
RAM resp id:253000 m_cycle=3271377 req_time=3271174 resp_time=203 total_latency=27904460
RAM resp id:254000 m_cycle=3299822 req_time=0 resp_time=0 total_latency=28031745
[Cycle: 3300000]: mem_requests: 254017, mem_responses: 254009, avg_latency: 110
RAM resp id:255000 m_cycle=3325263 req_time=3325060 resp_time=203 total_latency=28156595
RAM resp id:256000 m_cycle=3351626 req_time=3351423 resp_time=203 total_latency=28279006
RAM resp id:257000 m_cycle=3378703 req_time=3378500 resp_time=203 total_latency=28405478
[Cycle: 3400000]: mem_requests: 257822, mem_responses: 257815, avg_latency: 110
RAM resp id:258000 m_cycle=3403920 req_time=3403717 resp_time=203 total_latency=28529715
RAM resp id:259000 m_cycle=3430695 req_time=0 resp_time=0 total_latency=28652943
RAM resp id:260000 m_cycle=3457428 req_time=0 resp_time=0 total_latency=28780435
core 4 retired
core 1 retired
core 7 retired
core 3 retired
core 0 retired
core 5 retired
core 6 retired
core 2 retired
========== kernel 4 summary ==========
Core: 0
	CORE0_TOT_CYCLES   : 3478223
	CORE0_STALL_CYCLES : 2341886
	CORE0_LD_INSTR     : 830
	CORE0_ST_INSTR     : 1408
	CORE0_TENSOR_INSTR : 8192
	CORE0_TOT_INSTR    : 3478223
Core: 1
	CORE1_TOT_CYCLES   : 3477157
	CORE1_STALL_CYCLES : 2345114
	CORE1_LD_INSTR     : 840
	CORE1_ST_INSTR     : 1408
	CORE1_TENSOR_INSTR : 8192
	CORE1_TOT_INSTR    : 3477157
Core: 2
	CORE2_TOT_CYCLES   : 3478735
	CORE2_STALL_CYCLES : 2345632
	CORE2_LD_INSTR     : 826
	CORE2_ST_INSTR     : 1408
	CORE2_TENSOR_INSTR : 8192
	CORE2_TOT_INSTR    : 3478735
Core: 3
	CORE3_TOT_CYCLES   : 3478191
	CORE3_STALL_CYCLES : 2347395
	CORE3_LD_INSTR     : 831
	CORE3_ST_INSTR     : 1408
	CORE3_TENSOR_INSTR : 8192
	CORE3_TOT_INSTR    : 3478191
Core: 4
	CORE4_TOT_CYCLES   : 3477151
	CORE4_STALL_CYCLES : 2333802
	CORE4_LD_INSTR     : 840
	CORE4_ST_INSTR     : 1408
	CORE4_TENSOR_INSTR : 8192
	CORE4_TOT_INSTR    : 3477151
Core: 5
	CORE5_TOT_CYCLES   : 3478249
	CORE5_STALL_CYCLES : 2351317
	CORE5_LD_INSTR     : 830
	CORE5_ST_INSTR     : 1408
	CORE5_TENSOR_INSTR : 8192
	CORE5_TOT_INSTR    : 3478249
Core: 6
	CORE6_TOT_CYCLES   : 3478454
	CORE6_STALL_CYCLES : 2326600
	CORE6_LD_INSTR     : 829
	CORE6_ST_INSTR     : 1408
	CORE6_TENSOR_INSTR : 8192
	CORE6_TOT_INSTR    : 3478454
Core: 7
	CORE7_TOT_CYCLES   : 3477572
	CORE7_STALL_CYCLES : 2360151
	CORE7_LD_INSTR     : 836
	CORE7_ST_INSTR     : 1408
	CORE7_TENSOR_INSTR : 8192
	CORE7_TOT_INSTR    : 3477572
========== starting kernel 5 ==========
RAM resp id:261000 m_cycle=3481475 req_time=3481272 resp_time=203 total_latency=28917031
RAM resp id:262000 m_cycle=3495233 req_time=3495030 resp_time=203 total_latency=29103249
[Cycle: 3500000]: mem_requests: 262411, mem_responses: 262370, avg_latency: 111
RAM resp id:263000 m_cycle=3507020 req_time=3506817 resp_time=203 total_latency=29266940
RAM resp id:264000 m_cycle=3520499 req_time=3520296 resp_time=203 total_latency=29445027
RAM resp id:265000 m_cycle=3532334 req_time=3532131 resp_time=203 total_latency=29613372
RAM resp id:266000 m_cycle=3545049 req_time=3544846 resp_time=203 total_latency=29777569
RAM resp id:267000 m_cycle=3557352 req_time=3557149 resp_time=203 total_latency=29949770
RAM resp id:268000 m_cycle=3570671 req_time=0 resp_time=0 total_latency=30123412
RAM resp id:269000 m_cycle=3582315 req_time=3582112 resp_time=203 total_latency=30288610
RAM resp id:270000 m_cycle=3595448 req_time=0 resp_time=0 total_latency=30460440
[Cycle: 3600000]: mem_requests: 270409, mem_responses: 270393, avg_latency: 112
RAM resp id:271000 m_cycle=3607597 req_time=3607394 resp_time=203 total_latency=30632827
RAM resp id:272000 m_cycle=3620525 req_time=3620322 resp_time=203 total_latency=30797109
core 7 retired
core 0 retired
core 1 retired
core 2 retired
core 6 retired
core 4 retired
core 3 retired
core 5 retired
========== kernel 5 summary ==========
Core: 0
	CORE0_TOT_CYCLES   : 3624821
	CORE0_STALL_CYCLES : 2441444
	CORE0_LD_INSTR     : 995
	CORE0_ST_INSTR     : 252
	CORE0_TENSOR_INSTR : 1024
	CORE0_TOT_INSTR    : 3624821
Core: 1
	CORE1_TOT_CYCLES   : 3624828
	CORE1_STALL_CYCLES : 2444692
	CORE1_LD_INSTR     : 978
	CORE1_ST_INSTR     : 256
	CORE1_TENSOR_INSTR : 1024
	CORE1_TOT_INSTR    : 3624828
Core: 2
	CORE2_TOT_CYCLES   : 3624837
	CORE2_STALL_CYCLES : 2445224
	CORE2_LD_INSTR     : 986
	CORE2_ST_INSTR     : 243
	CORE2_TENSOR_INSTR : 1024
	CORE2_TOT_INSTR    : 3624837
Core: 3
	CORE3_TOT_CYCLES   : 3624843
	CORE3_STALL_CYCLES : 2447014
	CORE3_LD_INSTR     : 973
	CORE3_ST_INSTR     : 235
	CORE3_TENSOR_INSTR : 1024
	CORE3_TOT_INSTR    : 3624843
Core: 4
	CORE4_TOT_CYCLES   : 3624842
	CORE4_STALL_CYCLES : 2433127
	CORE4_LD_INSTR     : 973
	CORE4_ST_INSTR     : 232
	CORE4_TENSOR_INSTR : 1024
	CORE4_TOT_INSTR    : 3624842
Core: 5
	CORE5_TOT_CYCLES   : 3624990
	CORE5_STALL_CYCLES : 2449922
	CORE5_LD_INSTR     : 961
	CORE5_ST_INSTR     : 224
	CORE5_TENSOR_INSTR : 1024
	CORE5_TOT_INSTR    : 3624990
Core: 6
	CORE6_TOT_CYCLES   : 3624840
	CORE6_STALL_CYCLES : 2425905
	CORE6_LD_INSTR     : 980
	CORE6_ST_INSTR     : 243
	CORE6_TENSOR_INSTR : 1024
	CORE6_TOT_INSTR    : 3624840
Core: 7
	CORE7_TOT_CYCLES   : 3624814
	CORE7_STALL_CYCLES : 2459132
	CORE7_LD_INSTR     : 990
	CORE7_ST_INSTR     : 235
	CORE7_TENSOR_INSTR : 1024
	CORE7_TOT_INSTR    : 3624814
========== starting kernel 6 ==========
core 0 retired
core 6 retired
core 3 retired
core 7 retired
core 1 retired
core 5 retired
core 4 retired
core 2 retired
========== kernel 6 summary ==========
Core: 0
	CORE0_TOT_CYCLES   : 3637091
	CORE0_STALL_CYCLES : 2443791
	CORE0_LD_INSTR     : 27
	CORE0_ST_INSTR     : 22
	CORE0_TENSOR_INSTR : 72
	CORE0_TOT_INSTR    : 3637091
Core: 1
	CORE1_TOT_CYCLES   : 3637439
	CORE1_STALL_CYCLES : 2447381
	CORE1_LD_INSTR     : 37
	CORE1_ST_INSTR     : 18
	CORE1_TENSOR_INSTR : 72
	CORE1_TOT_INSTR    : 3637439
Core: 2
	CORE2_TOT_CYCLES   : 3637674
	CORE2_STALL_CYCLES : 2448143
	CORE2_LD_INSTR     : 44
	CORE2_ST_INSTR     : 16
	CORE2_TENSOR_INSTR : 72
	CORE2_TOT_INSTR    : 3637674
Core: 3
	CORE3_TOT_CYCLES   : 3637282
	CORE3_STALL_CYCLES : 2449545
	CORE3_LD_INSTR     : 32
	CORE3_ST_INSTR     : 24
	CORE3_TENSOR_INSTR : 72
	CORE3_TOT_INSTR    : 3637282
Core: 4
	CORE4_TOT_CYCLES   : 3637649
	CORE4_STALL_CYCLES : 2436019
	CORE4_LD_INSTR     : 37
	CORE4_ST_INSTR     : 25
	CORE4_TENSOR_INSTR : 72
	CORE4_TOT_INSTR    : 3637649
Core: 5
	CORE5_TOT_CYCLES   : 3637639
	CORE5_STALL_CYCLES : 2452814
	CORE5_LD_INSTR     : 26
	CORE5_ST_INSTR     : 26
	CORE5_TENSOR_INSTR : 72
	CORE5_TOT_INSTR    : 3637639
Core: 6
	CORE6_TOT_CYCLES   : 3637148
	CORE6_STALL_CYCLES : 2428308
	CORE6_LD_INSTR     : 31
	CORE6_ST_INSTR     : 19
	CORE6_TENSOR_INSTR : 72
	CORE6_TOT_INSTR    : 3637148
Core: 7
	CORE7_TOT_CYCLES   : 3637399
	CORE7_STALL_CYCLES : 2461784
	CORE7_LD_INSTR     : 34
	CORE7_ST_INSTR     : 18
	CORE7_TENSOR_INSTR : 72
	CORE7_TOT_INSTR    : 3637399
========== starting kernel 7 ==========
core 5 retired
core 6 retired
core 7 retired
core 4 retired
core 0 retired
core 1 retired
core 2 retired
core 3 retired
========== kernel 7 summary ==========
Core: 0
	CORE0_TOT_CYCLES   : 3638500
	CORE0_STALL_CYCLES : 2443869
	CORE0_LD_INSTR     : 0
	CORE0_ST_INSTR     : 7
	CORE0_TENSOR_INSTR : 0
	CORE0_TOT_INSTR    : 3638500
Core: 1
	CORE1_TOT_CYCLES   : 3638624
	CORE1_STALL_CYCLES : 2447574
	CORE1_LD_INSTR     : 0
	CORE1_ST_INSTR     : 12
	CORE1_TENSOR_INSTR : 0
	CORE1_TOT_INSTR    : 3638624
Core: 2
	CORE2_TOT_CYCLES   : 3638625
	CORE2_STALL_CYCLES : 2448337
	CORE2_LD_INSTR     : 0
	CORE2_ST_INSTR     : 12
	CORE2_TENSOR_INSTR : 0
	CORE2_TOT_INSTR    : 3638625
Core: 3
	CORE3_TOT_CYCLES   : 3638626
	CORE3_STALL_CYCLES : 2449739
	CORE3_LD_INSTR     : 0
	CORE3_ST_INSTR     : 12
	CORE3_TENSOR_INSTR : 0
	CORE3_TOT_INSTR    : 3638626
Core: 4
	CORE4_TOT_CYCLES   : 3638185
	CORE4_STALL_CYCLES : 2436389
	CORE4_LD_INSTR     : 0
	CORE4_ST_INSTR     : 2
	CORE4_TENSOR_INSTR : 0
	CORE4_TOT_INSTR    : 3638185
Core: 5
	CORE5_TOT_CYCLES   : 3637675
	CORE5_STALL_CYCLES : 2452814
	CORE5_LD_INSTR     : 0
	CORE5_ST_INSTR     : 0
	CORE5_TENSOR_INSTR : 0
	CORE5_TOT_INSTR    : 3637675
Core: 6
	CORE6_TOT_CYCLES   : 3637675
	CORE6_STALL_CYCLES : 2428308
	CORE6_LD_INSTR     : 0
	CORE6_ST_INSTR     : 0
	CORE6_TENSOR_INSTR : 0
	CORE6_TOT_INSTR    : 3637675
Core: 7
	CORE7_TOT_CYCLES   : 3637675
	CORE7_STALL_CYCLES : 2461784
	CORE7_LD_INSTR     : 0
	CORE7_ST_INSTR     : 0
	CORE7_TENSOR_INSTR : 0
	CORE7_TOT_INSTR    : 3637675
========== starting kernel 8 ==========
RAM resp id:273000 m_cycle=3640119 req_time=3639916 resp_time=203 total_latency=30991472
[Cycle: 3700000]: mem_requests: 273530, mem_responses: 273530, avg_latency: 113
[Cycle: 3800000]: mem_requests: 273549, mem_responses: 273549, avg_latency: 113
[Cycle: 3900000]: mem_requests: 273784, mem_responses: 273784, avg_latency: 113
RAM resp id:274000 m_cycle=3918159 req_time=3917956 resp_time=203 total_latency=31170150
[Cycle: 4000000]: mem_requests: 274427, mem_responses: 274427, avg_latency: 113
[Cycle: 4100000]: mem_requests: 274795, mem_responses: 274795, avg_latency: 113
[Cycle: 4200000]: mem_requests: 274958, mem_responses: 274958, avg_latency: 113
RAM resp id:275000 m_cycle=4203736 req_time=4203533 resp_time=203 total_latency=31317739
RAM resp id:276000 m_cycle=4274568 req_time=4274365 resp_time=203 total_latency=31447466
[Cycle: 4300000]: mem_requests: 276024, mem_responses: 276024, avg_latency: 113
[Cycle: 4400000]: mem_requests: 276047, mem_responses: 276047, avg_latency: 113
[Cycle: 4500000]: mem_requests: 276081, mem_responses: 276081, avg_latency: 113
RAM resp id:277000 m_cycle=4580794 req_time=0 resp_time=0 total_latency=31582955
[Cycle: 4600000]: mem_requests: 277367, mem_responses: 277367, avg_latency: 114
[Cycle: 4700000]: mem_requests: 277403, mem_responses: 277403, avg_latency: 114
[Cycle: 4800000]: mem_requests: 277478, mem_responses: 277478, avg_latency: 114
RAM resp id:278000 m_cycle=4889823 req_time=4889620 resp_time=203 total_latency=31715335
[Cycle: 4900000]: mem_requests: 278658, mem_responses: 278658, avg_latency: 114
[Cycle: 5000000]: mem_requests: 278694, mem_responses: 278694, avg_latency: 114
[Cycle: 5100000]: mem_requests: 278728, mem_responses: 278728, avg_latency: 114
RAM resp id:279000 m_cycle=5199738 req_time=5199535 resp_time=203 total_latency=31853025
[Cycle: 5200000]: mem_requests: 279011, mem_responses: 279007, avg_latency: 114
RAM resp id:280000 m_cycle=5220151 req_time=5219948 resp_time=203 total_latency=31979543
[Cycle: 5300000]: mem_requests: 280066, mem_responses: 280066, avg_latency: 114
[Cycle: 5400000]: mem_requests: 280123, mem_responses: 280123, avg_latency: 114
[Cycle: 5500000]: mem_requests: 280278, mem_responses: 280278, avg_latency: 114
RAM resp id:281000 m_cycle=5521263 req_time=5521060 resp_time=203 total_latency=32120876
[Cycle: 5600000]: mem_requests: 281378, mem_responses: 281378, avg_latency: 114
[Cycle: 5700000]: mem_requests: 281420, mem_responses: 281420, avg_latency: 114
[Cycle: 5800000]: mem_requests: 281701, mem_responses: 281701, avg_latency: 114
RAM resp id:282000 m_cycle=5831857 req_time=5831654 resp_time=203 total_latency=32262174
[Cycle: 5900000]: mem_requests: 282621, mem_responses: 282621, avg_latency: 114
[Cycle: 6000000]: mem_requests: 282658, mem_responses: 282658, avg_latency: 114
[Cycle: 6100000]: mem_requests: 282793, mem_responses: 282793, avg_latency: 114
RAM resp id:283000 m_cycle=6140443 req_time=6140240 resp_time=203 total_latency=32393545
core 3 retired
core 6 retired
core 4 retired
core 7 retired
core 1 retired
core 5 retired
core 0 retired
core 2 retired
========== kernel 8 summary ==========
Core: 0
	CORE0_TOT_CYCLES   : 6146534
	CORE0_STALL_CYCLES : 4608245
	CORE0_LD_INSTR     : 544
	CORE0_ST_INSTR     : 435
	CORE0_TENSOR_INSTR : 36992
	CORE0_TOT_INSTR    : 6146534
Core: 1
	CORE1_TOT_CYCLES   : 6146089
	CORE1_STALL_CYCLES : 4611548
	CORE1_LD_INSTR     : 485
	CORE1_ST_INSTR     : 451
	CORE1_TENSOR_INSTR : 36992
	CORE1_TOT_INSTR    : 6146089
Core: 2
	CORE2_TOT_CYCLES   : 6146875
	CORE2_STALL_CYCLES : 4613125
	CORE2_LD_INSTR     : 464
	CORE2_ST_INSTR     : 444
	CORE2_TENSOR_INSTR : 36992
	CORE2_TOT_INSTR    : 6146875
Core: 3
	CORE3_TOT_CYCLES   : 6144812
	CORE3_STALL_CYCLES : 4612462
	CORE3_LD_INSTR     : 467
	CORE3_ST_INSTR     : 443
	CORE3_TENSOR_INSTR : 36992
	CORE3_TOT_INSTR    : 6144812
Core: 4
	CORE4_TOT_CYCLES   : 6145770
	CORE4_STALL_CYCLES : 4600073
	CORE4_LD_INSTR     : 461
	CORE4_ST_INSTR     : 446
	CORE4_TENSOR_INSTR : 36992
	CORE4_TOT_INSTR    : 6145770
Core: 5
	CORE5_TOT_CYCLES   : 6146317
	CORE5_STALL_CYCLES : 4617077
	CORE5_LD_INSTR     : 414
	CORE5_ST_INSTR     : 461
	CORE5_TENSOR_INSTR : 36992
	CORE5_TOT_INSTR    : 6146317
Core: 6
	CORE6_TOT_CYCLES   : 6145643
	CORE6_STALL_CYCLES : 4591870
	CORE6_LD_INSTR     : 436
	CORE6_ST_INSTR     : 466
	CORE6_TENSOR_INSTR : 36992
	CORE6_TOT_INSTR    : 6145643
Core: 7
	CORE7_TOT_CYCLES   : 6145914
	CORE7_STALL_CYCLES : 4625653
	CORE7_LD_INSTR     : 415
	CORE7_ST_INSTR     : 451
	CORE7_TENSOR_INSTR : 36992
	CORE7_TOT_INSTR    : 6145914
========== starting kernel 9 ==========
RAM resp id:284000 m_cycle=6154548 req_time=6154344 resp_time=204 total_latency=32552071
RAM resp id:285000 m_cycle=6164530 req_time=6164327 resp_time=203 total_latency=32710444
RAM resp id:286000 m_cycle=6175057 req_time=6174854 resp_time=203 total_latency=32863765
RAM resp id:287000 m_cycle=6185169 req_time=6184966 resp_time=203 total_latency=33013616
RAM resp id:288000 m_cycle=6194068 req_time=6193865 resp_time=203 total_latency=33164715
[Cycle: 6200000]: mem_requests: 288595, mem_responses: 288595, avg_latency: 115
RAM resp id:289000 m_cycle=6203709 req_time=6203506 resp_time=203 total_latency=33311957
RAM resp id:290000 m_cycle=6214075 req_time=6213872 resp_time=203 total_latency=33467458
RAM resp id:291000 m_cycle=6224710 req_time=6224507 resp_time=203 total_latency=33622347
RAM resp id:292000 m_cycle=6235038 req_time=6234835 resp_time=203 total_latency=33776037
RAM resp id:293000 m_cycle=6244601 req_time=6244398 resp_time=203 total_latency=33919593
RAM resp id:294000 m_cycle=6254719 req_time=6254516 resp_time=203 total_latency=34067002
RAM resp id:295000 m_cycle=6265460 req_time=6265257 resp_time=203 total_latency=34222932
RAM resp id:296000 m_cycle=6274080 req_time=0 resp_time=0 total_latency=34369339
RAM resp id:297000 m_cycle=6283925 req_time=0 resp_time=0 total_latency=34522226
RAM resp id:298000 m_cycle=6294002 req_time=0 resp_time=0 total_latency=34674102
[Cycle: 6300000]: mem_requests: 298633, mem_responses: 298631, avg_latency: 116
RAM resp id:299000 m_cycle=6304201 req_time=0 resp_time=0 total_latency=34824962
RAM resp id:300000 m_cycle=6313077 req_time=6312874 resp_time=203 total_latency=34969335
RAM resp id:301000 m_cycle=6322613 req_time=0 resp_time=0 total_latency=35123655
RAM resp id:302000 m_cycle=6332402 req_time=0 resp_time=0 total_latency=35273927
RAM resp id:303000 m_cycle=6343305 req_time=6343102 resp_time=203 total_latency=35427446
RAM resp id:304000 m_cycle=6353162 req_time=6352959 resp_time=203 total_latency=35579722
RAM resp id:305000 m_cycle=6363107 req_time=6362904 resp_time=203 total_latency=35733212
RAM resp id:306000 m_cycle=6372841 req_time=6372638 resp_time=203 total_latency=35877970
RAM resp id:307000 m_cycle=6383440 req_time=6383237 resp_time=203 total_latency=36032671
RAM resp id:308000 m_cycle=6394030 req_time=0 resp_time=0 total_latency=36185350
[Cycle: 6400000]: mem_requests: 308659, mem_responses: 308652, avg_latency: 117
RAM resp id:309000 m_cycle=6403982 req_time=6403778 resp_time=204 total_latency=36338233
RAM resp id:310000 m_cycle=6412311 req_time=6412108 resp_time=203 total_latency=36480351
RAM resp id:311000 m_cycle=6422500 req_time=6422297 resp_time=203 total_latency=36632010
RAM resp id:312000 m_cycle=6432685 req_time=6432482 resp_time=203 total_latency=36782671
RAM resp id:313000 m_cycle=6442501 req_time=6442298 resp_time=203 total_latency=36931114
RAM resp id:314000 m_cycle=6451021 req_time=6450818 resp_time=203 total_latency=37074499
RAM resp id:315000 m_cycle=6461044 req_time=0 resp_time=0 total_latency=37227792
RAM resp id:316000 m_cycle=6471082 req_time=6470879 resp_time=203 total_latency=37373369
core 5 retired
core 4 retired
core 6 retired
core 2 retired
core 0 retired
core 7 retired
core 3 retired
core 1 retired
========== kernel 9 summary ==========
Core: 0
	CORE0_TOT_CYCLES   : 6475739
	CORE0_STALL_CYCLES : 4847930
	CORE0_LD_INSTR     : 2007
	CORE0_ST_INSTR     : 1067
	CORE0_TENSOR_INSTR : 2048
	CORE0_TOT_INSTR    : 6475739
Core: 1
	CORE1_TOT_CYCLES   : 6475916
	CORE1_STALL_CYCLES : 4851780
	CORE1_LD_INSTR     : 2006
	CORE1_ST_INSTR     : 1090
	CORE1_TENSOR_INSTR : 2048
	CORE1_TOT_INSTR    : 6475916
Core: 2
	CORE2_TOT_CYCLES   : 6475731
	CORE2_STALL_CYCLES : 4853196
	CORE2_LD_INSTR     : 2008
	CORE2_ST_INSTR     : 1064
	CORE2_TENSOR_INSTR : 2048
	CORE2_TOT_INSTR    : 6475731
Core: 3
	CORE3_TOT_CYCLES   : 6475746
	CORE3_STALL_CYCLES : 4852545
	CORE3_LD_INSTR     : 2006
	CORE3_ST_INSTR     : 1069
	CORE3_TENSOR_INSTR : 2048
	CORE3_TOT_INSTR    : 6475746
Core: 4
	CORE4_TOT_CYCLES   : 6475588
	CORE4_STALL_CYCLES : 4839621
	CORE4_LD_INSTR     : 1995
	CORE4_ST_INSTR     : 1065
	CORE4_TENSOR_INSTR : 2048
	CORE4_TOT_INSTR    : 6475588
Core: 5
	CORE5_TOT_CYCLES   : 6475559
	CORE5_STALL_CYCLES : 4857362
	CORE5_LD_INSTR     : 1991
	CORE5_ST_INSTR     : 1087
	CORE5_TENSOR_INSTR : 2048
	CORE5_TOT_INSTR    : 6475559
Core: 6
	CORE6_TOT_CYCLES   : 6475727
	CORE6_STALL_CYCLES : 4831942
	CORE6_LD_INSTR     : 2007
	CORE6_ST_INSTR     : 1060
	CORE6_TENSOR_INSTR : 2048
	CORE6_TOT_INSTR    : 6475727
Core: 7
	CORE7_TOT_CYCLES   : 6475740
	CORE7_STALL_CYCLES : 4866112
	CORE7_LD_INSTR     : 2007
	CORE7_ST_INSTR     : 1078
	CORE7_TENSOR_INSTR : 2048
	CORE7_TOT_INSTR    : 6475740
========== starting kernel 10 ==========
[Cycle: 6500000]: mem_requests: 316756, mem_responses: 316756, avg_latency: 118
RAM resp id:317000 m_cycle=6514594 req_time=6514391 resp_time=203 total_latency=37551725
RAM resp id:318000 m_cycle=6573524 req_time=6573321 resp_time=203 total_latency=37718794
[Cycle: 6600000]: mem_requests: 318525, mem_responses: 318525, avg_latency: 118
RAM resp id:319000 m_cycle=6624871 req_time=6624668 resp_time=203 total_latency=37863330
RAM resp id:320000 m_cycle=6676218 req_time=6676015 resp_time=203 total_latency=38007866
[Cycle: 6700000]: mem_requests: 320493, mem_responses: 320485, avg_latency: 118
RAM resp id:321000 m_cycle=6726066 req_time=0 resp_time=0 total_latency=38153214
RAM resp id:322000 m_cycle=6777253 req_time=6777050 resp_time=203 total_latency=38298562
[Cycle: 6800000]: mem_requests: 322453, mem_responses: 322445, avg_latency: 118
RAM resp id:323000 m_cycle=6827865 req_time=0 resp_time=0 total_latency=38443910
core 0 retired
core 1 retired
core 2 retired
core 3 retired
core 4 retired
core 5 retired
core 6 retired
core 7 retired
========== kernel 10 summary ==========
Core: 0
	CORE0_TOT_CYCLES   : 6841561
	CORE0_STALL_CYCLES : 5113602
	CORE0_LD_INSTR     : 644
	CORE0_ST_INSTR     : 0
	CORE0_TENSOR_INSTR : 4096
	CORE0_TOT_INSTR    : 6841561
Core: 1
	CORE1_TOT_CYCLES   : 6841562
	CORE1_STALL_CYCLES : 5117453
	CORE1_LD_INSTR     : 644
	CORE1_ST_INSTR     : 0
	CORE1_TENSOR_INSTR : 4096
	CORE1_TOT_INSTR    : 6841562
Core: 2
	CORE2_TOT_CYCLES   : 6841563
	CORE2_STALL_CYCLES : 5118870
	CORE2_LD_INSTR     : 644
	CORE2_ST_INSTR     : 0
	CORE2_TENSOR_INSTR : 4096
	CORE2_TOT_INSTR    : 6841563
Core: 3
	CORE3_TOT_CYCLES   : 6841564
	CORE3_STALL_CYCLES : 5118220
	CORE3_LD_INSTR     : 644
	CORE3_ST_INSTR     : 0
	CORE3_TENSOR_INSTR : 4096
	CORE3_TOT_INSTR    : 6841564
Core: 4
	CORE4_TOT_CYCLES   : 6841565
	CORE4_STALL_CYCLES : 5105297
	CORE4_LD_INSTR     : 644
	CORE4_ST_INSTR     : 0
	CORE4_TENSOR_INSTR : 4096
	CORE4_TOT_INSTR    : 6841565
Core: 5
	CORE5_TOT_CYCLES   : 6841566
	CORE5_STALL_CYCLES : 5123039
	CORE5_LD_INSTR     : 644
	CORE5_ST_INSTR     : 0
	CORE5_TENSOR_INSTR : 4096
	CORE5_TOT_INSTR    : 6841566
Core: 6
	CORE6_TOT_CYCLES   : 6841567
	CORE6_STALL_CYCLES : 5097620
	CORE6_LD_INSTR     : 644
	CORE6_ST_INSTR     : 0
	CORE6_TENSOR_INSTR : 4096
	CORE6_TOT_INSTR    : 6841567
Core: 7
	CORE7_TOT_CYCLES   : 6841568
	CORE7_STALL_CYCLES : 5131791
	CORE7_LD_INSTR     : 644
	CORE7_ST_INSTR     : 0
	CORE7_TENSOR_INSTR : 4096
	CORE7_TOT_INSTR    : 6841568
========== starting kernel 11 ==========
RAM resp id:324000 m_cycle=6858387 req_time=6858184 resp_time=203 total_latency=38618602
RAM resp id:325000 m_cycle=6873921 req_time=0 resp_time=0 total_latency=38750958
RAM resp id:326000 m_cycle=6890496 req_time=6890293 resp_time=203 total_latency=38888186
[Cycle: 6900000]: mem_requests: 326669, mem_responses: 326669, avg_latency: 119
RAM resp id:327000 m_cycle=6906030 req_time=0 resp_time=0 total_latency=39023790
RAM resp id:328000 m_cycle=6921415 req_time=6921212 resp_time=203 total_latency=39157770
RAM resp id:329000 m_cycle=6938020 req_time=6937817 resp_time=203 total_latency=39295810
RAM resp id:330000 m_cycle=6953546 req_time=6953343 resp_time=203 total_latency=39427354
RAM resp id:331000 m_cycle=6970129 req_time=6969926 resp_time=203 total_latency=39565394
RAM resp id:332000 m_cycle=6985663 req_time=0 resp_time=0 total_latency=39699374
[Cycle: 7000000]: mem_requests: 332909, mem_responses: 332909, avg_latency: 119
RAM resp id:333000 m_cycle=7001037 req_time=7000834 resp_time=203 total_latency=39834978
RAM resp id:334000 m_cycle=7017772 req_time=0 resp_time=0 total_latency=39972206
RAM resp id:335000 m_cycle=7033168 req_time=7032965 resp_time=203 total_latency=40104562
core 0 retired
core 1 retired
core 2 retired
core 3 retired
core 4 retired
core 5 retired
core 6 retired
core 7 retired
========== kernel 11 summary ==========
Core: 0
	CORE0_TOT_CYCLES   : 7037537
	CORE0_STALL_CYCLES : 5286018
	CORE0_LD_INSTR     : 512
	CORE0_ST_INSTR     : 512
	CORE0_TENSOR_INSTR : 2048
	CORE0_TOT_INSTR    : 7037537
Core: 1
	CORE1_TOT_CYCLES   : 7037538
	CORE1_STALL_CYCLES : 5289870
	CORE1_LD_INSTR     : 512
	CORE1_ST_INSTR     : 512
	CORE1_TENSOR_INSTR : 2048
	CORE1_TOT_INSTR    : 7037538
Core: 2
	CORE2_TOT_CYCLES   : 7037539
	CORE2_STALL_CYCLES : 5291288
	CORE2_LD_INSTR     : 512
	CORE2_ST_INSTR     : 512
	CORE2_TENSOR_INSTR : 2048
	CORE2_TOT_INSTR    : 7037539
Core: 3
	CORE3_TOT_CYCLES   : 7037540
	CORE3_STALL_CYCLES : 5290639
	CORE3_LD_INSTR     : 512
	CORE3_ST_INSTR     : 512
	CORE3_TENSOR_INSTR : 2048
	CORE3_TOT_INSTR    : 7037540
Core: 4
	CORE4_TOT_CYCLES   : 7037541
	CORE4_STALL_CYCLES : 5277717
	CORE4_LD_INSTR     : 512
	CORE4_ST_INSTR     : 512
	CORE4_TENSOR_INSTR : 2048
	CORE4_TOT_INSTR    : 7037541
Core: 5
	CORE5_TOT_CYCLES   : 7037542
	CORE5_STALL_CYCLES : 5295460
	CORE5_LD_INSTR     : 512
	CORE5_ST_INSTR     : 512
	CORE5_TENSOR_INSTR : 2048
	CORE5_TOT_INSTR    : 7037542
Core: 6
	CORE6_TOT_CYCLES   : 7037543
	CORE6_STALL_CYCLES : 5270042
	CORE6_LD_INSTR     : 512
	CORE6_ST_INSTR     : 512
	CORE6_TENSOR_INSTR : 2048
	CORE6_TOT_INSTR    : 7037543
Core: 7
	CORE7_TOT_CYCLES   : 7037544
	CORE7_STALL_CYCLES : 5304214
	CORE7_LD_INSTR     : 512
	CORE7_ST_INSTR     : 512
	CORE7_TENSOR_INSTR : 2048
	CORE7_TOT_INSTR    : 7037544
========== starting kernel 12 ==========
RAM resp id:336000 m_cycle=7064864 req_time=0 resp_time=0 total_latency=40271138
RAM resp id:337000 m_cycle=7091925 req_time=7091722 resp_time=203 total_latency=40397012
[Cycle: 7100000]: mem_requests: 337279, mem_responses: 337275, avg_latency: 119
RAM resp id:338000 m_cycle=7118801 req_time=0 resp_time=0 total_latency=40522900
RAM resp id:339000 m_cycle=7143526 req_time=7143323 resp_time=203 total_latency=40646342
RAM resp id:340000 m_cycle=7170716 req_time=7170513 resp_time=203 total_latency=40771204
RAM resp id:341000 m_cycle=7197256 req_time=7197053 resp_time=203 total_latency=40897688
[Cycle: 7200000]: mem_requests: 341098, mem_responses: 341085, avg_latency: 119
RAM resp id:342000 m_cycle=7222886 req_time=7222683 resp_time=203 total_latency=41019498
RAM resp id:343000 m_cycle=7250971 req_time=7250768 resp_time=203 total_latency=41146178
RAM resp id:344000 m_cycle=7275686 req_time=7275483 resp_time=203 total_latency=41270018
[Cycle: 7300000]: mem_requests: 344949, mem_responses: 344938, avg_latency: 119
RAM resp id:345000 m_cycle=7302651 req_time=7302448 resp_time=203 total_latency=41393652
RAM resp id:346000 m_cycle=7329540 req_time=0 resp_time=0 total_latency=41520543
RAM resp id:347000 m_cycle=7354606 req_time=0 resp_time=0 total_latency=41642961
RAM resp id:348000 m_cycle=7382613 req_time=7382410 resp_time=203 total_latency=41767612
[Cycle: 7400000]: mem_requests: 348676, mem_responses: 348676, avg_latency: 120
RAM resp id:349000 m_cycle=7408003 req_time=7407800 resp_time=203 total_latency=41894091
core 2 retired
core 3 retired
core 7 retired
core 5 retired
core 6 retired
core 1 retired
core 0 retired
core 4 retired
========== kernel 12 summary ==========
Core: 0
	CORE0_TOT_CYCLES   : 7422955
	CORE0_STALL_CYCLES : 5532702
	CORE0_LD_INSTR     : 413
	CORE0_ST_INSTR     : 704
	CORE0_TENSOR_INSTR : 4096
	CORE0_TOT_INSTR    : 7422955
Core: 1
	CORE1_TOT_CYCLES   : 7422801
	CORE1_STALL_CYCLES : 5536698
	CORE1_LD_INSTR     : 414
	CORE1_ST_INSTR     : 704
	CORE1_TENSOR_INSTR : 4096
	CORE1_TOT_INSTR    : 7422801
Core: 2
	CORE2_TOT_CYCLES   : 7421867
	CORE2_STALL_CYCLES : 5537080
	CORE2_LD_INSTR     : 422
	CORE2_ST_INSTR     : 704
	CORE2_TENSOR_INSTR : 4096
	CORE2_TOT_INSTR    : 7421867
Core: 3
	CORE3_TOT_CYCLES   : 7422322
	CORE3_STALL_CYCLES : 5536904
	CORE3_LD_INSTR     : 418
	CORE3_ST_INSTR     : 704
	CORE3_TENSOR_INSTR : 4096
	CORE3_TOT_INSTR    : 7422322
Core: 4
	CORE4_TOT_CYCLES   : 7422966
	CORE4_STALL_CYCLES : 5524551
	CORE4_LD_INSTR     : 413
	CORE4_ST_INSTR     : 704
	CORE4_TENSOR_INSTR : 4096
	CORE4_TOT_INSTR    : 7422966
Core: 5
	CORE5_TOT_CYCLES   : 7422596
	CORE5_STALL_CYCLES : 5541619
	CORE5_LD_INSTR     : 416
	CORE5_ST_INSTR     : 704
	CORE5_TENSOR_INSTR : 4096
	CORE5_TOT_INSTR    : 7422596
Core: 6
	CORE6_TOT_CYCLES   : 7422706
	CORE6_STALL_CYCLES : 5516512
	CORE6_LD_INSTR     : 415
	CORE6_ST_INSTR     : 704
	CORE6_TENSOR_INSTR : 4096
	CORE6_TOT_INSTR    : 7422706
Core: 7
	CORE7_TOT_CYCLES   : 7422441
	CORE7_STALL_CYCLES : 5550673
	CORE7_LD_INSTR     : 417
	CORE7_ST_INSTR     : 704
	CORE7_TENSOR_INSTR : 4096
	CORE7_TOT_INSTR    : 7422441
========== starting kernel 13 ==========
RAM resp id:350000 m_cycle=7459266 req_time=7459063 resp_time=203 total_latency=42050325
core 1 retired
core 2 retired
core 3 retired
core 4 retired
core 6 retired
core 7 retired
core 0 retired
core 5 retired
========== kernel 13 summary ==========
Core: 0
	CORE0_TOT_CYCLES   : 7467522
	CORE0_STALL_CYCLES : 5565670
	CORE0_LD_INSTR     : 65
	CORE0_ST_INSTR     : 2
	CORE0_TENSOR_INSTR : 512
	CORE0_TOT_INSTR    : 7467522
Core: 1
	CORE1_TOT_CYCLES   : 7467323
	CORE1_STALL_CYCLES : 5569467
	CORE1_LD_INSTR     : 65
	CORE1_ST_INSTR     : 2
	CORE1_TENSOR_INSTR : 512
	CORE1_TOT_INSTR    : 7467323
Core: 2
	CORE2_TOT_CYCLES   : 7467324
	CORE2_STALL_CYCLES : 5569851
	CORE2_LD_INSTR     : 64
	CORE2_ST_INSTR     : 2
	CORE2_TENSOR_INSTR : 512
	CORE2_TOT_INSTR    : 7467324
Core: 3
	CORE3_TOT_CYCLES   : 7467325
	CORE3_STALL_CYCLES : 5569676
	CORE3_LD_INSTR     : 64
	CORE3_ST_INSTR     : 2
	CORE3_TENSOR_INSTR : 512
	CORE3_TOT_INSTR    : 7467325
Core: 4
	CORE4_TOT_CYCLES   : 7467326
	CORE4_STALL_CYCLES : 5557324
	CORE4_LD_INSTR     : 64
	CORE4_ST_INSTR     : 2
	CORE4_TENSOR_INSTR : 512
	CORE4_TOT_INSTR    : 7467326
Core: 5
	CORE5_TOT_CYCLES   : 7467527
	CORE5_STALL_CYCLES : 5574592
	CORE5_LD_INSTR     : 65
	CORE5_ST_INSTR     : 2
	CORE5_TENSOR_INSTR : 512
	CORE5_TOT_INSTR    : 7467527
Core: 6
	CORE6_TOT_CYCLES   : 7467327
	CORE6_STALL_CYCLES : 5549286
	CORE6_LD_INSTR     : 64
	CORE6_ST_INSTR     : 2
	CORE6_TENSOR_INSTR : 512
	CORE6_TOT_INSTR    : 7467327
Core: 7
	CORE7_TOT_CYCLES   : 7467328
	CORE7_STALL_CYCLES : 5583448
	CORE7_LD_INSTR     : 64
	CORE7_ST_INSTR     : 2
	CORE7_TENSOR_INSTR : 512
	CORE7_TOT_INSTR    : 7467328
========== starting kernel 14 ==========
core 2 retired
core 3 retired
core 4 retired
core 5 retired
core 6 retired
core 7 retired
core 1 retired
core 0 retired
========== kernel 14 summary ==========
Core: 0
	CORE0_TOT_CYCLES   : 7473139
	CORE0_STALL_CYCLES : 5567738
	CORE0_LD_INSTR     : 4
	CORE0_ST_INSTR     : 0
	CORE0_TENSOR_INSTR : 36
	CORE0_TOT_INSTR    : 7473139
Core: 1
	CORE1_TOT_CYCLES   : 7470704
	CORE1_STALL_CYCLES : 5571132
	CORE1_LD_INSTR     : 5
	CORE1_ST_INSTR     : 1
	CORE1_TENSOR_INSTR : 21
	CORE1_TOT_INSTR    : 7470704
Core: 2
	CORE2_TOT_CYCLES   : 7467528
	CORE2_STALL_CYCLES : 5569851
	CORE2_LD_INSTR     : 0
	CORE2_ST_INSTR     : 0
	CORE2_TENSOR_INSTR : 0
	CORE2_TOT_INSTR    : 7467528
Core: 3
	CORE3_TOT_CYCLES   : 7467528
	CORE3_STALL_CYCLES : 5569676
	CORE3_LD_INSTR     : 0
	CORE3_ST_INSTR     : 0
	CORE3_TENSOR_INSTR : 0
	CORE3_TOT_INSTR    : 7467528
Core: 4
	CORE4_TOT_CYCLES   : 7467528
	CORE4_STALL_CYCLES : 5557324
	CORE4_LD_INSTR     : 0
	CORE4_ST_INSTR     : 0
	CORE4_TENSOR_INSTR : 0
	CORE4_TOT_INSTR    : 7467528
Core: 5
	CORE5_TOT_CYCLES   : 7467528
	CORE5_STALL_CYCLES : 5574592
	CORE5_LD_INSTR     : 0
	CORE5_ST_INSTR     : 0
	CORE5_TENSOR_INSTR : 0
	CORE5_TOT_INSTR    : 7467528
Core: 6
	CORE6_TOT_CYCLES   : 7467528
	CORE6_STALL_CYCLES : 5549286
	CORE6_LD_INSTR     : 0
	CORE6_ST_INSTR     : 0
	CORE6_TENSOR_INSTR : 0
	CORE6_TOT_INSTR    : 7467528
Core: 7
	CORE7_TOT_CYCLES   : 7467528
	CORE7_STALL_CYCLES : 5583448
	CORE7_LD_INSTR     : 0
	CORE7_ST_INSTR     : 0
	CORE7_TENSOR_INSTR : 0
	CORE7_TOT_INSTR    : 7467528
GPU Retired.
**************************************************
Simulation finished @ Wed Feb 18 21:06:27 2026

Total simulation time: 0:0:30

============= MacSim Stats =============
Macsim:
	NUM_CYCLES              : 7473138
	NUM_INSTRS_RETIRED      : 14857416
	NUM_STALL_CYCLES        : 44543047
	NUM_MEM_REQUESTS        : 350099
	NUM_MEM_RESPONSES       : 350099
	AVG_RESPONSE_LATENCY    : 120
	NUM_TTIMEDOUT_REQUESTS  : 0
	INSTR_PER_CYCLE         : 1.988109
Cache:
	CACHE_NUM_ACCESSES    : 1916322
	CACHE_NUM_HITS        : 291549
	CACHE_HIT_RATE_PERC   : 15.21
	MISSES_PER_1000_INSTR : 109.36

========================================

[END OF GPU SIMULATION]
