Reading GPU Configurations...
Block Scheduling Policy: ROUND_ROBIN
Warp Scheduling Policy: GTO
trace type : nvbit
> trace_path: macsim_traces/gemm_float/Kernel1/trace.txt truncate_size: 0
 trace type : nvbit
# of blocks: 64, # of warps: 128, # of Instrs: 29696
> trace_path: macsim_traces/gemm_float/Kernel2/trace.txt truncate_size: 0
 trace type : nvbit
# of blocks: 64, # of warps: 128, # of Instrs: 29696
> trace_path: macsim_traces/gemm_float/Kernel3/trace.txt truncate_size: 0
 trace type : nvbit
# of blocks: 32, # of warps: 256, # of Instrs: 4352
> trace_path: macsim_traces/gemm_float/Kernel4/trace.txt truncate_size: 0
 trace type : nvbit
# of blocks: 16, # of warps: 64, # of Instrs: 210816
> trace_path: macsim_traces/gemm_float/Kernel5/trace.txt truncate_size: 0
 trace type : nvbit
# of blocks: 16, # of warps: 64, # of Instrs: 210816
Macsim started @ Wed Feb 18 21:05:26 2026

**************************************************
========== starting kernel 0 ==========
RAM resp id:0 m_cycle=214 req_time=11 resp_time=203 total_latency=203
RAM resp id:1000 m_cycle=7548 req_time=7345 resp_time=203 total_latency=157414
core 6 retired
core 1 retired
core 7 retired
core 0 retired
core 4 retired
core 2 retired
core 5 retired
core 3 retired
========== kernel 0 summary ==========
Core: 0
	CORE0_TOT_CYCLES   : 8204
	CORE0_STALL_CYCLES : 4838
	CORE0_LD_INSTR     : 42
	CORE0_ST_INSTR     : 60
	CORE0_TENSOR_INSTR : 0
	CORE0_TOT_INSTR    : 8204
Core: 1
	CORE1_TOT_CYCLES   : 8090
	CORE1_STALL_CYCLES : 4263
	CORE1_LD_INSTR     : 48
	CORE1_ST_INSTR     : 49
	CORE1_TENSOR_INSTR : 0
	CORE1_TOT_INSTR    : 8090
Core: 2
	CORE2_TOT_CYCLES   : 8720
	CORE2_STALL_CYCLES : 4877
	CORE2_LD_INSTR     : 48
	CORE2_ST_INSTR     : 65
	CORE2_TENSOR_INSTR : 0
	CORE2_TOT_INSTR    : 8720
Core: 3
	CORE3_TOT_CYCLES   : 9131
	CORE3_STALL_CYCLES : 4830
	CORE3_LD_INSTR     : 54
	CORE3_ST_INSTR     : 51
	CORE3_TENSOR_INSTR : 0
	CORE3_TOT_INSTR    : 9131
Core: 4
	CORE4_TOT_CYCLES   : 8473
	CORE4_STALL_CYCLES : 4631
	CORE4_LD_INSTR     : 48
	CORE4_ST_INSTR     : 64
	CORE4_TENSOR_INSTR : 0
	CORE4_TOT_INSTR    : 8473
Core: 5
	CORE5_TOT_CYCLES   : 9038
	CORE5_STALL_CYCLES : 5191
	CORE5_LD_INSTR     : 48
	CORE5_ST_INSTR     : 69
	CORE5_TENSOR_INSTR : 0
	CORE5_TOT_INSTR    : 9038
Core: 6
	CORE6_TOT_CYCLES   : 8002
	CORE6_STALL_CYCLES : 4168
	CORE6_LD_INSTR     : 48
	CORE6_ST_INSTR     : 56
	CORE6_TENSOR_INSTR : 0
	CORE6_TOT_INSTR    : 8002
Core: 7
	CORE7_TOT_CYCLES   : 8170
	CORE7_STALL_CYCLES : 4334
	CORE7_LD_INSTR     : 48
	CORE7_ST_INSTR     : 58
	CORE7_TENSOR_INSTR : 0
	CORE7_TOT_INSTR    : 8170
========== starting kernel 1 ==========
RAM resp id:2000 m_cycle=15692 req_time=0 resp_time=0 total_latency=311601
core 0 retired
core 3 retired
core 6 retired
core 7 retired
core 1 retired
core 5 retired
core 4 retired
core 2 retired
========== kernel 1 summary ==========
Core: 0
	CORE0_TOT_CYCLES   : 17083
	CORE0_STALL_CYCLES : 9435
	CORE0_LD_INSTR     : 42
	CORE0_ST_INSTR     : 50
	CORE0_TENSOR_INSTR : 0
	CORE0_TOT_INSTR    : 17083
Core: 1
	CORE1_TOT_CYCLES   : 17860
	CORE1_STALL_CYCLES : 9153
	CORE1_LD_INSTR     : 48
	CORE1_ST_INSTR     : 62
	CORE1_TENSOR_INSTR : 0
	CORE1_TOT_INSTR    : 17860
Core: 2
	CORE2_TOT_CYCLES   : 18148
	CORE2_STALL_CYCLES : 9585
	CORE2_LD_INSTR     : 54
	CORE2_ST_INSTR     : 60
	CORE2_TENSOR_INSTR : 0
	CORE2_TOT_INSTR    : 18148
Core: 3
	CORE3_TOT_CYCLES   : 17127
	CORE3_STALL_CYCLES : 8993
	CORE3_LD_INSTR     : 48
	CORE3_ST_INSTR     : 56
	CORE3_TENSOR_INSTR : 0
	CORE3_TOT_INSTR    : 17127
Core: 4
	CORE4_TOT_CYCLES   : 18100
	CORE4_STALL_CYCLES : 9759
	CORE4_LD_INSTR     : 48
	CORE4_ST_INSTR     : 64
	CORE4_TENSOR_INSTR : 0
	CORE4_TOT_INSTR    : 18100
Core: 5
	CORE5_TOT_CYCLES   : 17980
	CORE5_STALL_CYCLES : 10194
	CORE5_LD_INSTR     : 48
	CORE5_ST_INSTR     : 69
	CORE5_TENSOR_INSTR : 0
	CORE5_TOT_INSTR    : 17980
Core: 6
	CORE6_TOT_CYCLES   : 17132
	CORE6_STALL_CYCLES : 8336
	CORE6_LD_INSTR     : 48
	CORE6_ST_INSTR     : 56
	CORE6_TENSOR_INSTR : 0
	CORE6_TOT_INSTR    : 17132
Core: 7
	CORE7_TOT_CYCLES   : 17221
	CORE7_STALL_CYCLES : 8589
	CORE7_LD_INSTR     : 48
	CORE7_ST_INSTR     : 58
	CORE7_TENSOR_INSTR : 0
	CORE7_TOT_INSTR    : 17221
========== starting kernel 2 ==========
core 0 retired
core 1 retired
core 2 retired
core 3 retired
core 4 retired
core 5 retired
core 6 retired
core 7 retired
========== kernel 2 summary ==========
Core: 0
	CORE0_TOT_CYCLES   : 21773
	CORE0_STALL_CYCLES : 12419
	CORE0_LD_INSTR     : 0
	CORE0_ST_INSTR     : 64
	CORE0_TENSOR_INSTR : 0
	CORE0_TOT_INSTR    : 21773
Core: 1
	CORE1_TOT_CYCLES   : 21774
	CORE1_STALL_CYCLES : 12138
	CORE1_LD_INSTR     : 0
	CORE1_ST_INSTR     : 64
	CORE1_TENSOR_INSTR : 0
	CORE1_TOT_INSTR    : 21774
Core: 2
	CORE2_TOT_CYCLES   : 21775
	CORE2_STALL_CYCLES : 12571
	CORE2_LD_INSTR     : 0
	CORE2_ST_INSTR     : 64
	CORE2_TENSOR_INSTR : 0
	CORE2_TOT_INSTR    : 21775
Core: 3
	CORE3_TOT_CYCLES   : 21776
	CORE3_STALL_CYCLES : 11980
	CORE3_LD_INSTR     : 0
	CORE3_ST_INSTR     : 64
	CORE3_TENSOR_INSTR : 0
	CORE3_TOT_INSTR    : 21776
Core: 4
	CORE4_TOT_CYCLES   : 21777
	CORE4_STALL_CYCLES : 12747
	CORE4_LD_INSTR     : 0
	CORE4_ST_INSTR     : 64
	CORE4_TENSOR_INSTR : 0
	CORE4_TOT_INSTR    : 21777
Core: 5
	CORE5_TOT_CYCLES   : 21778
	CORE5_STALL_CYCLES : 13183
	CORE5_LD_INSTR     : 0
	CORE5_ST_INSTR     : 64
	CORE5_TENSOR_INSTR : 0
	CORE5_TOT_INSTR    : 21778
Core: 6
	CORE6_TOT_CYCLES   : 21779
	CORE6_STALL_CYCLES : 11326
	CORE6_LD_INSTR     : 0
	CORE6_ST_INSTR     : 64
	CORE6_TENSOR_INSTR : 0
	CORE6_TOT_INSTR    : 21779
Core: 7
	CORE7_TOT_CYCLES   : 21780
	CORE7_STALL_CYCLES : 11580
	CORE7_LD_INSTR     : 0
	CORE7_ST_INSTR     : 64
	CORE7_TENSOR_INSTR : 0
	CORE7_TOT_INSTR    : 21780
========== starting kernel 3 ==========
RAM resp id:3000 m_cycle=23197 req_time=22994 resp_time=203 total_latency=485391
RAM resp id:4000 m_cycle=34445 req_time=34242 resp_time=203 total_latency=688411
RAM resp id:5000 m_cycle=46974 req_time=46771 resp_time=203 total_latency=883526
core 1 retired
core 2 retired
core 3 retired
core 0 retired
RAM resp id:6000 m_cycle=61793 req_time=61590 resp_time=203 total_latency=1081550
core 4 retired
core 5 retired
core 6 retired
core 7 retired
========== kernel 3 summary ==========
Core: 0
	CORE0_TOT_CYCLES   : 61761
	CORE0_STALL_CYCLES : 25663
	CORE0_LD_INSTR     : 384
	CORE0_ST_INSTR     : 0
	CORE0_TENSOR_INSTR : 0
	CORE0_TOT_INSTR    : 61761
Core: 1
	CORE1_TOT_CYCLES   : 61755
	CORE1_STALL_CYCLES : 25377
	CORE1_LD_INSTR     : 383
	CORE1_ST_INSTR     : 0
	CORE1_TENSOR_INSTR : 0
	CORE1_TOT_INSTR    : 61755
Core: 2
	CORE2_TOT_CYCLES   : 61757
	CORE2_STALL_CYCLES : 25812
	CORE2_LD_INSTR     : 383
	CORE2_ST_INSTR     : 0
	CORE2_TENSOR_INSTR : 0
	CORE2_TOT_INSTR    : 61757
Core: 3
	CORE3_TOT_CYCLES   : 61759
	CORE3_STALL_CYCLES : 25223
	CORE3_LD_INSTR     : 383
	CORE3_ST_INSTR     : 0
	CORE3_TENSOR_INSTR : 0
	CORE3_TOT_INSTR    : 61759
Core: 4
	CORE4_TOT_CYCLES   : 62732
	CORE4_STALL_CYCLES : 26928
	CORE4_LD_INSTR     : 402
	CORE4_ST_INSTR     : 0
	CORE4_TENSOR_INSTR : 0
	CORE4_TOT_INSTR    : 62732
Core: 5
	CORE5_TOT_CYCLES   : 62734
	CORE5_STALL_CYCLES : 27366
	CORE5_LD_INSTR     : 402
	CORE5_ST_INSTR     : 0
	CORE5_TENSOR_INSTR : 0
	CORE5_TOT_INSTR    : 62734
Core: 6
	CORE6_TOT_CYCLES   : 62736
	CORE6_STALL_CYCLES : 25511
	CORE6_LD_INSTR     : 402
	CORE6_ST_INSTR     : 0
	CORE6_TENSOR_INSTR : 0
	CORE6_TOT_INSTR    : 62736
Core: 7
	CORE7_TOT_CYCLES   : 62738
	CORE7_STALL_CYCLES : 25767
	CORE7_LD_INSTR     : 402
	CORE7_ST_INSTR     : 0
	CORE7_TENSOR_INSTR : 0
	CORE7_TOT_INSTR    : 62738
========== starting kernel 4 ==========
RAM resp id:7000 m_cycle=71798 req_time=71595 resp_time=203 total_latency=1284678
RAM resp id:8000 m_cycle=85728 req_time=85525 resp_time=203 total_latency=1484058
RAM resp id:9000 m_cycle=98541 req_time=98338 resp_time=203 total_latency=1677760
[Cycle: 100000]: mem_requests: 9011, mem_responses: 9011, avg_latency: 186
core 1 retired
core 2 retired
core 3 retired
core 0 retired
core 4 retired
core 5 retired
core 6 retired
core 7 retired
========== kernel 4 summary ==========
Core: 0
	CORE0_TOT_CYCLES   : 102711
	CORE0_STALL_CYCLES : 38899
	CORE0_LD_INSTR     : 384
	CORE0_ST_INSTR     : 0
	CORE0_TENSOR_INSTR : 0
	CORE0_TOT_INSTR    : 102711
Core: 1
	CORE1_TOT_CYCLES   : 102705
	CORE1_STALL_CYCLES : 38608
	CORE1_LD_INSTR     : 383
	CORE1_ST_INSTR     : 0
	CORE1_TENSOR_INSTR : 0
	CORE1_TOT_INSTR    : 102705
Core: 2
	CORE2_TOT_CYCLES   : 102707
	CORE2_STALL_CYCLES : 39045
	CORE2_LD_INSTR     : 383
	CORE2_ST_INSTR     : 0
	CORE2_TENSOR_INSTR : 0
	CORE2_TOT_INSTR    : 102707
Core: 3
	CORE3_TOT_CYCLES   : 102709
	CORE3_STALL_CYCLES : 38458
	CORE3_LD_INSTR     : 383
	CORE3_ST_INSTR     : 0
	CORE3_TENSOR_INSTR : 0
	CORE3_TOT_INSTR    : 102709
Core: 4
	CORE4_TOT_CYCLES   : 103680
	CORE4_STALL_CYCLES : 41099
	CORE4_LD_INSTR     : 402
	CORE4_ST_INSTR     : 0
	CORE4_TENSOR_INSTR : 0
	CORE4_TOT_INSTR    : 103680
Core: 5
	CORE5_TOT_CYCLES   : 103682
	CORE5_STALL_CYCLES : 41539
	CORE5_LD_INSTR     : 402
	CORE5_ST_INSTR     : 0
	CORE5_TENSOR_INSTR : 0
	CORE5_TOT_INSTR    : 103682
Core: 6
	CORE6_TOT_CYCLES   : 103684
	CORE6_STALL_CYCLES : 39686
	CORE6_LD_INSTR     : 402
	CORE6_ST_INSTR     : 0
	CORE6_TENSOR_INSTR : 0
	CORE6_TOT_INSTR    : 103684
Core: 7
	CORE7_TOT_CYCLES   : 103686
	CORE7_STALL_CYCLES : 39944
	CORE7_LD_INSTR     : 402
	CORE7_ST_INSTR     : 0
	CORE7_TENSOR_INSTR : 0
	CORE7_TOT_INSTR    : 103686
GPU Retired.
**************************************************
Simulation finished @ Wed Feb 18 21:05:27 2026

Total simulation time: 0:0:1

============= MacSim Stats =============
Macsim:
	NUM_CYCLES              : 103685
	NUM_INSTRS_RETIRED      : 485376
	NUM_STALL_CYCLES        : 317278
	NUM_MEM_REQUESTS        : 9251
	NUM_MEM_RESPONSES       : 9251
	AVG_RESPONSE_LATENCY    : 186
	NUM_TTIMEDOUT_REQUESTS  : 0
	INSTR_PER_CYCLE         : 4.681256
Cache:
	CACHE_NUM_ACCESSES    : 54077
	CACHE_NUM_HITS        : 11746
	CACHE_HIT_RATE_PERC   : 21.72
	MISSES_PER_1000_INSTR : 87.21

========================================

[END OF GPU SIMULATION]
