Reading GPU Configurations...
Block Scheduling Policy: ROUND_ROBIN
Warp Scheduling Policy: GTO
trace type : nvbit
> trace_path: macsim_traces/cnn_float/Kernel0/trace.txt truncate_size: 0
 trace type : nvbit
# of blocks: 184, # of warps: 1472, # of Instrs: 447040
> trace_path: macsim_traces/cnn_float/Kernel1/trace.txt truncate_size: 0
 trace type : nvbit
# of blocks: 17, # of warps: 136, # of Instrs: 11260
> trace_path: macsim_traces/cnn_float/Kernel2/trace.txt truncate_size: 0
 trace type : nvbit
# of blocks: 256, # of warps: 512, # of Instrs: 2130336
> trace_path: macsim_traces/cnn_float/Kernel3/trace.txt truncate_size: 0
 trace type : nvbit
# of blocks: 4096, # of warps: 16384, # of Instrs: 1490944
> trace_path: macsim_traces/cnn_float/Kernel4/trace.txt truncate_size: 0
 trace type : nvbit
# of blocks: 2048, # of warps: 8192, # of Instrs: 294912
> trace_path: macsim_traces/cnn_float/Kernel5/trace.txt truncate_size: 0
 trace type : nvbit
# of blocks: 1024, # of warps: 8192, # of Instrs: 2131126
> trace_path: macsim_traces/cnn_float/Kernel6/trace.txt truncate_size: 0
 trace type : nvbit
# of blocks: 16, # of warps: 64, # of Instrs: 41712
> trace_path: macsim_traces/cnn_float/Kernel7/trace.txt truncate_size: 0
 trace type : nvbit
# of blocks: 128, # of warps: 1024, # of Instrs: 4281472
> trace_path: macsim_traces/cnn_float/Kernel8/trace.txt truncate_size: 0
 trace type : nvbit
# of blocks: 2048, # of warps: 8192, # of Instrs: 745472
> trace_path: macsim_traces/cnn_float/Kernel9/trace.txt truncate_size: 0
 trace type : nvbit
# of blocks: 1024, # of warps: 4096, # of Instrs: 147456
> trace_path: macsim_traces/cnn_float/Kernel10/trace.txt truncate_size: 0
 trace type : nvbit
# of blocks: 512, # of warps: 4096, # of Instrs: 1080947
> trace_path: macsim_traces/cnn_float/Kernel11/trace.txt truncate_size: 0
 trace type : nvbit
# of blocks: 32, # of warps: 512, # of Instrs: 88576
> trace_path: macsim_traces/cnn_float/Kernel12/trace.txt truncate_size: 0
 trace type : nvbit
# of blocks: 2, # of warps: 8, # of Instrs: 4901
Macsim started @ Wed Feb 18 21:05:28 2026

**************************************************
========== starting kernel 0 ==========
RAM resp id:0 m_cycle=467 req_time=264 resp_time=203 total_latency=203
RAM resp id:1000 m_cycle=55612 req_time=0 resp_time=0 total_latency=156940
core 0 retired
core 1 retired
core 2 retired
core 3 retired
core 4 retired
core 5 retired
core 6 retired
core 7 retired
========== kernel 0 summary ==========
Core: 0
	CORE0_TOT_CYCLES   : 56162
	CORE0_STALL_CYCLES : 0
	CORE0_LD_INSTR     : 0
	CORE0_ST_INSTR     : 96
	CORE0_TENSOR_INSTR : 0
	CORE0_TOT_INSTR    : 56162
Core: 1
	CORE1_TOT_CYCLES   : 56162
	CORE1_STALL_CYCLES : 0
	CORE1_LD_INSTR     : 0
	CORE1_ST_INSTR     : 96
	CORE1_TENSOR_INSTR : 0
	CORE1_TOT_INSTR    : 56162
Core: 2
	CORE2_TOT_CYCLES   : 56162
	CORE2_STALL_CYCLES : 0
	CORE2_LD_INSTR     : 0
	CORE2_ST_INSTR     : 96
	CORE2_TENSOR_INSTR : 0
	CORE2_TOT_INSTR    : 56162
Core: 3
	CORE3_TOT_CYCLES   : 56162
	CORE3_STALL_CYCLES : 0
	CORE3_LD_INSTR     : 0
	CORE3_ST_INSTR     : 96
	CORE3_TENSOR_INSTR : 0
	CORE3_TOT_INSTR    : 56162
Core: 4
	CORE4_TOT_CYCLES   : 56162
	CORE4_STALL_CYCLES : 0
	CORE4_LD_INSTR     : 0
	CORE4_ST_INSTR     : 96
	CORE4_TENSOR_INSTR : 0
	CORE4_TOT_INSTR    : 56162
Core: 5
	CORE5_TOT_CYCLES   : 56162
	CORE5_STALL_CYCLES : 0
	CORE5_LD_INSTR     : 0
	CORE5_ST_INSTR     : 96
	CORE5_TENSOR_INSTR : 0
	CORE5_TOT_INSTR    : 56162
Core: 6
	CORE6_TOT_CYCLES   : 56162
	CORE6_STALL_CYCLES : 0
	CORE6_LD_INSTR     : 0
	CORE6_ST_INSTR     : 96
	CORE6_TENSOR_INSTR : 0
	CORE6_TOT_INSTR    : 56162
Core: 7
	CORE7_TOT_CYCLES   : 56162
	CORE7_STALL_CYCLES : 0
	CORE7_LD_INSTR     : 0
	CORE7_ST_INSTR     : 96
	CORE7_TENSOR_INSTR : 0
	CORE7_TOT_INSTR    : 56162
========== starting kernel 1 ==========
core 1 retired
core 2 retired
core 3 retired
core 4 retired
core 5 retired
core 6 retired
core 7 retired
core 0 retired
========== kernel 1 summary ==========
Core: 0
	CORE0_TOT_CYCLES   : 58318
	CORE0_STALL_CYCLES : 592
	CORE0_LD_INSTR     : 0
	CORE0_ST_INSTR     : 25
	CORE0_TENSOR_INSTR : 0
	CORE0_TOT_INSTR    : 58318
Core: 1
	CORE1_TOT_CYCLES   : 58040
	CORE1_STALL_CYCLES : 445
	CORE1_LD_INSTR     : 0
	CORE1_ST_INSTR     : 24
	CORE1_TENSOR_INSTR : 0
	CORE1_TOT_INSTR    : 58040
Core: 2
	CORE2_TOT_CYCLES   : 58042
	CORE2_STALL_CYCLES : 447
	CORE2_LD_INSTR     : 0
	CORE2_ST_INSTR     : 24
	CORE2_TENSOR_INSTR : 0
	CORE2_TOT_INSTR    : 58042
Core: 3
	CORE3_TOT_CYCLES   : 58043
	CORE3_STALL_CYCLES : 448
	CORE3_LD_INSTR     : 0
	CORE3_ST_INSTR     : 24
	CORE3_TENSOR_INSTR : 0
	CORE3_TOT_INSTR    : 58043
Core: 4
	CORE4_TOT_CYCLES   : 58044
	CORE4_STALL_CYCLES : 449
	CORE4_LD_INSTR     : 0
	CORE4_ST_INSTR     : 24
	CORE4_TENSOR_INSTR : 0
	CORE4_TOT_INSTR    : 58044
Core: 5
	CORE5_TOT_CYCLES   : 58045
	CORE5_STALL_CYCLES : 450
	CORE5_LD_INSTR     : 0
	CORE5_ST_INSTR     : 24
	CORE5_TENSOR_INSTR : 0
	CORE5_TOT_INSTR    : 58045
Core: 6
	CORE6_TOT_CYCLES   : 58046
	CORE6_STALL_CYCLES : 451
	CORE6_LD_INSTR     : 0
	CORE6_ST_INSTR     : 24
	CORE6_TENSOR_INSTR : 0
	CORE6_TOT_INSTR    : 58046
Core: 7
	CORE7_TOT_CYCLES   : 58048
	CORE7_STALL_CYCLES : 451
	CORE7_LD_INSTR     : 0
	CORE7_ST_INSTR     : 24
	CORE7_TENSOR_INSTR : 0
	CORE7_TOT_INSTR    : 58048
========== starting kernel 2 ==========
RAM resp id:2000 m_cycle=74763 req_time=0 resp_time=0 total_latency=338552
RAM resp id:3000 m_cycle=79100 req_time=78897 resp_time=203 total_latency=441517
RAM resp id:4000 m_cycle=92951 req_time=0 resp_time=0 total_latency=564765
[Cycle: 100000]: mem_requests: 4742, mem_responses: 4731, avg_latency: 138
RAM resp id:5000 m_cycle=108636 req_time=108433 resp_time=203 total_latency=689424
RAM resp id:6000 m_cycle=114893 req_time=0 resp_time=0 total_latency=805138
RAM resp id:7000 m_cycle=122728 req_time=122525 resp_time=203 total_latency=916192
RAM resp id:8000 m_cycle=134826 req_time=0 resp_time=0 total_latency=1031312
RAM resp id:9000 m_cycle=147126 req_time=0 resp_time=0 total_latency=1138512
RAM resp id:10000 m_cycle=154542 req_time=0 resp_time=0 total_latency=1255457
RAM resp id:11000 m_cycle=167016 req_time=0 resp_time=0 total_latency=1362654
RAM resp id:12000 m_cycle=174492 req_time=0 resp_time=0 total_latency=1477160
RAM resp id:13000 m_cycle=186511 req_time=186308 resp_time=203 total_latency=1582325
RAM resp id:14000 m_cycle=194593 req_time=0 resp_time=0 total_latency=1690334
[Cycle: 200000]: mem_requests: 14254, mem_responses: 14246, avg_latency: 120
RAM resp id:15000 m_cycle=207910 req_time=207707 resp_time=203 total_latency=1806667
RAM resp id:16000 m_cycle=217259 req_time=0 resp_time=0 total_latency=1912241
RAM resp id:17000 m_cycle=227217 req_time=0 resp_time=0 total_latency=2022275
RAM resp id:18000 m_cycle=240389 req_time=0 resp_time=0 total_latency=2131499
RAM resp id:19000 m_cycle=246612 req_time=0 resp_time=0 total_latency=2240123
RAM resp id:20000 m_cycle=261046 req_time=260843 resp_time=203 total_latency=2352998
RAM resp id:21000 m_cycle=267713 req_time=267510 resp_time=203 total_latency=2461019
RAM resp id:22000 m_cycle=280171 req_time=279968 resp_time=203 total_latency=2569842
RAM resp id:23000 m_cycle=288314 req_time=288111 resp_time=203 total_latency=2675618
[Cycle: 300000]: mem_requests: 24014, mem_responses: 23977, avg_latency: 116
RAM resp id:24000 m_cycle=300135 req_time=0 resp_time=0 total_latency=2792563
RAM resp id:25000 m_cycle=311072 req_time=0 resp_time=0 total_latency=2897528
RAM resp id:26000 m_cycle=320240 req_time=320037 resp_time=203 total_latency=3009601
RAM resp id:27000 m_cycle=330922 req_time=0 resp_time=0 total_latency=3116593
RAM resp id:28000 m_cycle=340408 req_time=340205 resp_time=203 total_latency=3228452
RAM resp id:29000 m_cycle=352222 req_time=352019 resp_time=203 total_latency=3338694
RAM resp id:30000 m_cycle=362368 req_time=362165 resp_time=203 total_latency=3445283
RAM resp id:31000 m_cycle=371749 req_time=0 resp_time=0 total_latency=3554510
RAM resp id:32000 m_cycle=383514 req_time=0 resp_time=0 total_latency=3662716
RAM resp id:33000 m_cycle=392905 req_time=0 resp_time=0 total_latency=3772554
[Cycle: 400000]: mem_requests: 33725, mem_responses: 33711, avg_latency: 114
RAM resp id:34000 m_cycle=404306 req_time=0 resp_time=0 total_latency=3881176
core 7 retired
core 6 retired
RAM resp id:35000 m_cycle=413765 req_time=413562 resp_time=203 total_latency=3988985
core 3 retired
core 2 retired
core 5 retired
core 0 retired
core 1 retired
core 4 retired
========== kernel 2 summary ==========
Core: 0
	CORE0_TOT_CYCLES   : 419204
	CORE0_STALL_CYCLES : 84315
	CORE0_LD_INSTR     : 417
	CORE0_ST_INSTR     : 2065
	CORE0_TENSOR_INSTR : 0
	CORE0_TOT_INSTR    : 419204
Core: 1
	CORE1_TOT_CYCLES   : 420140
	CORE1_STALL_CYCLES : 93468
	CORE1_LD_INSTR     : 438
	CORE1_ST_INSTR     : 2004
	CORE1_TENSOR_INSTR : 0
	CORE1_TOT_INSTR    : 420140
Core: 2
	CORE2_TOT_CYCLES   : 417962
	CORE2_STALL_CYCLES : 91361
	CORE2_LD_INSTR     : 390
	CORE2_ST_INSTR     : 1995
	CORE2_TENSOR_INSTR : 0
	CORE2_TOT_INSTR    : 417962
Core: 3
	CORE3_TOT_CYCLES   : 413961
	CORE3_STALL_CYCLES : 95732
	CORE3_LD_INSTR     : 398
	CORE3_ST_INSTR     : 1934
	CORE3_TENSOR_INSTR : 0
	CORE3_TOT_INSTR    : 413961
Core: 4
	CORE4_TOT_CYCLES   : 430484
	CORE4_STALL_CYCLES : 95524
	CORE4_LD_INSTR     : 357
	CORE4_ST_INSTR     : 2065
	CORE4_TENSOR_INSTR : 0
	CORE4_TOT_INSTR    : 430484
Core: 5
	CORE5_TOT_CYCLES   : 418243
	CORE5_STALL_CYCLES : 91630
	CORE5_LD_INSTR     : 381
	CORE5_ST_INSTR     : 2001
	CORE5_TENSOR_INSTR : 0
	CORE5_TOT_INSTR    : 418243
Core: 6
	CORE6_TOT_CYCLES   : 410352
	CORE6_STALL_CYCLES : 83771
	CORE6_LD_INSTR     : 348
	CORE6_ST_INSTR     : 1997
	CORE6_TENSOR_INSTR : 0
	CORE6_TOT_INSTR    : 410352
Core: 7
	CORE7_TOT_CYCLES   : 410049
	CORE7_STALL_CYCLES : 91848
	CORE7_LD_INSTR     : 360
	CORE7_ST_INSTR     : 1929
	CORE7_TENSOR_INSTR : 0
	CORE7_TOT_INSTR    : 410049
========== starting kernel 3 ==========
RAM resp id:36000 m_cycle=432335 req_time=432132 resp_time=203 total_latency=4110295
RAM resp id:37000 m_cycle=441051 req_time=440848 resp_time=203 total_latency=4287535
RAM resp id:38000 m_cycle=447415 req_time=447212 resp_time=203 total_latency=4419695
RAM resp id:39000 m_cycle=452882 req_time=0 resp_time=0 total_latency=4535358
RAM resp id:40000 m_cycle=457824 req_time=457621 resp_time=203 total_latency=4637897
RAM resp id:41000 m_cycle=462748 req_time=462545 resp_time=203 total_latency=4736985
RAM resp id:42000 m_cycle=467666 req_time=0 resp_time=0 total_latency=4839727
RAM resp id:43000 m_cycle=472678 req_time=0 resp_time=0 total_latency=4944698
RAM resp id:44000 m_cycle=477620 req_time=477417 resp_time=203 total_latency=5047237
RAM resp id:45000 m_cycle=482544 req_time=482341 resp_time=203 total_latency=5146325
RAM resp id:46000 m_cycle=487462 req_time=0 resp_time=0 total_latency=5249067
RAM resp id:47000 m_cycle=492363 req_time=0 resp_time=0 total_latency=5351199
RAM resp id:48000 m_cycle=497366 req_time=0 resp_time=0 total_latency=5452722
[Cycle: 500000]: mem_requests: 48579, mem_responses: 48547, avg_latency: 113
RAM resp id:49000 m_cycle=502339 req_time=0 resp_time=0 total_latency=5554448
RAM resp id:50000 m_cycle=507236 req_time=507033 resp_time=203 total_latency=5654754
RAM resp id:51000 m_cycle=512154 req_time=0 resp_time=0 total_latency=5755872
RAM resp id:52000 m_cycle=517162 req_time=0 resp_time=0 total_latency=5862061
RAM resp id:53000 m_cycle=522135 req_time=0 resp_time=0 total_latency=5963787
RAM resp id:54000 m_cycle=527032 req_time=526829 resp_time=203 total_latency=6064093
RAM resp id:55000 m_cycle=531950 req_time=0 resp_time=0 total_latency=6165211
RAM resp id:56000 m_cycle=536847 req_time=536644 resp_time=203 total_latency=6268765
RAM resp id:57000 m_cycle=541819 req_time=0 resp_time=0 total_latency=6369678
RAM resp id:58000 m_cycle=546822 req_time=0 resp_time=0 total_latency=6471201
RAM resp id:59000 m_cycle=551724 req_time=551521 resp_time=203 total_latency=6572522
RAM resp id:60000 m_cycle=556643 req_time=556440 resp_time=203 total_latency=6678104
RAM resp id:61000 m_cycle=561615 req_time=0 resp_time=0 total_latency=6779017
RAM resp id:62000 m_cycle=566618 req_time=0 resp_time=0 total_latency=6880540
RAM resp id:63000 m_cycle=571520 req_time=571317 resp_time=203 total_latency=6981861
RAM resp id:64000 m_cycle=576438 req_time=0 resp_time=0 total_latency=7081355
RAM resp id:65000 m_cycle=581362 req_time=0 resp_time=0 total_latency=7185315
RAM resp id:66000 m_cycle=586298 req_time=0 resp_time=0 total_latency=7286635
RAM resp id:67000 m_cycle=591275 req_time=0 resp_time=0 total_latency=7388157
RAM resp id:68000 m_cycle=596226 req_time=0 resp_time=0 total_latency=7490694
[Cycle: 600000]: mem_requests: 68798, mem_responses: 68763, avg_latency: 110
RAM resp id:69000 m_cycle=601158 req_time=0 resp_time=0 total_latency=7594654
RAM resp id:70000 m_cycle=606094 req_time=0 resp_time=0 total_latency=7695974
RAM resp id:71000 m_cycle=611071 req_time=0 resp_time=0 total_latency=7797496
RAM resp id:72000 m_cycle=616008 req_time=615805 resp_time=203 total_latency=7899629
RAM resp id:73000 m_cycle=620932 req_time=620729 resp_time=203 total_latency=7998717
RAM resp id:74000 m_cycle=625850 req_time=0 resp_time=0 total_latency=8101459
RAM resp id:75000 m_cycle=630751 req_time=0 resp_time=0 total_latency=8203591
RAM resp id:76000 m_cycle=635796 req_time=635593 resp_time=203 total_latency=8308156
RAM resp id:77000 m_cycle=640728 req_time=640525 resp_time=203 total_latency=8408056
RAM resp id:78000 m_cycle=645646 req_time=0 resp_time=0 total_latency=8510798
RAM resp id:79000 m_cycle=650547 req_time=0 resp_time=0 total_latency=8612930
RAM resp id:80000 m_cycle=655550 req_time=0 resp_time=0 total_latency=8714453
RAM resp id:81000 m_cycle=660523 req_time=0 resp_time=0 total_latency=8816179
RAM resp id:82000 m_cycle=665420 req_time=665217 resp_time=203 total_latency=8916485
RAM resp id:83000 m_cycle=670338 req_time=0 resp_time=0 total_latency=9017603
RAM resp id:84000 m_cycle=675310 req_time=675107 resp_time=203 total_latency=9122981
RAM resp id:85000 m_cycle=680319 req_time=0 resp_time=0 total_latency=9225518
RAM resp id:86000 m_cycle=685216 req_time=685013 resp_time=203 total_latency=9325824
RAM resp id:87000 m_cycle=690134 req_time=0 resp_time=0 total_latency=9426942
RAM resp id:88000 m_cycle=695031 req_time=694828 resp_time=203 total_latency=9530496
[Cycle: 700000]: mem_requests: 89041, mem_responses: 88999, avg_latency: 108
RAM resp id:89000 m_cycle=700003 req_time=0 resp_time=0 total_latency=9631409
RAM resp id:90000 m_cycle=705006 req_time=0 resp_time=0 total_latency=9732932
RAM resp id:91000 m_cycle=709908 req_time=709705 resp_time=203 total_latency=9834253
RAM resp id:92000 m_cycle=714826 req_time=0 resp_time=0 total_latency=9933747
RAM resp id:93000 m_cycle=719799 req_time=0 resp_time=0 total_latency=10040748
RAM resp id:94000 m_cycle=724802 req_time=0 resp_time=0 total_latency=10142271
RAM resp id:95000 m_cycle=729704 req_time=729501 resp_time=203 total_latency=10243592
RAM resp id:96000 m_cycle=734622 req_time=0 resp_time=0 total_latency=10343086
RAM resp id:97000 m_cycle=739546 req_time=0 resp_time=0 total_latency=10447046
RAM resp id:98000 m_cycle=744482 req_time=0 resp_time=0 total_latency=10548366
RAM resp id:99000 m_cycle=749459 req_time=0 resp_time=0 total_latency=10649888
RAM resp id:100000 m_cycle=754396 req_time=754193 resp_time=203 total_latency=10752021
core 0 retired
core 1 retired
core 2 retired
core 3 retired
core 4 retired
core 5 retired
core 6 retired
core 7 retired
========== kernel 3 summary ==========
Core: 0
	CORE0_TOT_CYCLES   : 755905
	CORE0_STALL_CYCLES : 217187
	CORE0_LD_INSTR     : 4132
	CORE0_ST_INSTR     : 0
	CORE0_TENSOR_INSTR : 0
	CORE0_TOT_INSTR    : 755905
Core: 1
	CORE1_TOT_CYCLES   : 755907
	CORE1_STALL_CYCLES : 226342
	CORE1_LD_INSTR     : 4132
	CORE1_ST_INSTR     : 0
	CORE1_TENSOR_INSTR : 0
	CORE1_TOT_INSTR    : 755907
Core: 2
	CORE2_TOT_CYCLES   : 755909
	CORE2_STALL_CYCLES : 224237
	CORE2_LD_INSTR     : 4132
	CORE2_ST_INSTR     : 0
	CORE2_TENSOR_INSTR : 0
	CORE2_TOT_INSTR    : 755909
Core: 3
	CORE3_TOT_CYCLES   : 755911
	CORE3_STALL_CYCLES : 228610
	CORE3_LD_INSTR     : 4132
	CORE3_ST_INSTR     : 0
	CORE3_TENSOR_INSTR : 0
	CORE3_TOT_INSTR    : 755911
Core: 4
	CORE4_TOT_CYCLES   : 755913
	CORE4_STALL_CYCLES : 228404
	CORE4_LD_INSTR     : 4132
	CORE4_ST_INSTR     : 0
	CORE4_TENSOR_INSTR : 0
	CORE4_TOT_INSTR    : 755913
Core: 5
	CORE5_TOT_CYCLES   : 755915
	CORE5_STALL_CYCLES : 224512
	CORE5_LD_INSTR     : 4132
	CORE5_ST_INSTR     : 0
	CORE5_TENSOR_INSTR : 0
	CORE5_TOT_INSTR    : 755915
Core: 6
	CORE6_TOT_CYCLES   : 755918
	CORE6_STALL_CYCLES : 216656
	CORE6_LD_INSTR     : 4132
	CORE6_ST_INSTR     : 0
	CORE6_TENSOR_INSTR : 0
	CORE6_TOT_INSTR    : 755918
Core: 7
	CORE7_TOT_CYCLES   : 755919
	CORE7_STALL_CYCLES : 224734
	CORE7_LD_INSTR     : 4132
	CORE7_ST_INSTR     : 0
	CORE7_TENSOR_INSTR : 0
	CORE7_TOT_INSTR    : 755919
========== starting kernel 4 ==========
RAM resp id:101000 m_cycle=760935 req_time=760732 resp_time=203 total_latency=10909670
RAM resp id:102000 m_cycle=766239 req_time=0 resp_time=0 total_latency=11044868
RAM resp id:103000 m_cycle=771405 req_time=771202 resp_time=203 total_latency=11179254
RAM resp id:104000 m_cycle=776746 req_time=776543 resp_time=203 total_latency=11317294
RAM resp id:105000 m_cycle=782047 req_time=781844 resp_time=203 total_latency=11448838
RAM resp id:106000 m_cycle=787372 req_time=787169 resp_time=203 total_latency=11586878
RAM resp id:107000 m_cycle=792676 req_time=0 resp_time=0 total_latency=11720452
RAM resp id:108000 m_cycle=797834 req_time=797631 resp_time=203 total_latency=11856462
[Cycle: 800000]: mem_requests: 108419, mem_responses: 108387, avg_latency: 109
RAM resp id:109000 m_cycle=803302 req_time=0 resp_time=0 total_latency=11993284
RAM resp id:110000 m_cycle=808476 req_time=808273 resp_time=203 total_latency=12126046
RAM resp id:111000 m_cycle=813809 req_time=813606 resp_time=203 total_latency=12264086
RAM resp id:112000 m_cycle=819113 req_time=0 resp_time=0 total_latency=12396036
RAM resp id:113000 m_cycle=824435 req_time=824232 resp_time=203 total_latency=12533670
RAM resp id:114000 m_cycle=829739 req_time=0 resp_time=0 total_latency=12668868
RAM resp id:115000 m_cycle=834905 req_time=834702 resp_time=203 total_latency=12803254
RAM resp id:116000 m_cycle=840246 req_time=840043 resp_time=203 total_latency=12941294
RAM resp id:117000 m_cycle=845547 req_time=845344 resp_time=203 total_latency=13072838
RAM resp id:118000 m_cycle=850872 req_time=850669 resp_time=203 total_latency=13210878
RAM resp id:119000 m_cycle=856176 req_time=0 resp_time=0 total_latency=13344452
RAM resp id:120000 m_cycle=861334 req_time=861131 resp_time=203 total_latency=13480462
RAM resp id:121000 m_cycle=866802 req_time=0 resp_time=0 total_latency=13617284
RAM resp id:122000 m_cycle=871976 req_time=871773 resp_time=203 total_latency=13750046
RAM resp id:123000 m_cycle=877309 req_time=877106 resp_time=203 total_latency=13888086
RAM resp id:124000 m_cycle=882613 req_time=0 resp_time=0 total_latency=14020036
core 0 retired
core 1 retired
core 2 retired
core 3 retired
core 4 retired
core 5 retired
core 6 retired
core 7 retired
========== kernel 4 summary ==========
Core: 0
	CORE0_TOT_CYCLES   : 885968
	CORE0_STALL_CYCLES : 307299
	CORE0_LD_INSTR     : 1024
	CORE0_ST_INSTR     : 1024
	CORE0_TENSOR_INSTR : 0
	CORE0_TOT_INSTR    : 885968
Core: 1
	CORE1_TOT_CYCLES   : 885969
	CORE1_STALL_CYCLES : 316455
	CORE1_LD_INSTR     : 1024
	CORE1_ST_INSTR     : 1024
	CORE1_TENSOR_INSTR : 0
	CORE1_TOT_INSTR    : 885969
Core: 2
	CORE2_TOT_CYCLES   : 885970
	CORE2_STALL_CYCLES : 314351
	CORE2_LD_INSTR     : 1024
	CORE2_ST_INSTR     : 1024
	CORE2_TENSOR_INSTR : 0
	CORE2_TOT_INSTR    : 885970
Core: 3
	CORE3_TOT_CYCLES   : 885971
	CORE3_STALL_CYCLES : 318725
	CORE3_LD_INSTR     : 1024
	CORE3_ST_INSTR     : 1024
	CORE3_TENSOR_INSTR : 0
	CORE3_TOT_INSTR    : 885971
Core: 4
	CORE4_TOT_CYCLES   : 885972
	CORE4_STALL_CYCLES : 318520
	CORE4_LD_INSTR     : 1024
	CORE4_ST_INSTR     : 1024
	CORE4_TENSOR_INSTR : 0
	CORE4_TOT_INSTR    : 885972
Core: 5
	CORE5_TOT_CYCLES   : 885973
	CORE5_STALL_CYCLES : 314629
	CORE5_LD_INSTR     : 1024
	CORE5_ST_INSTR     : 1024
	CORE5_TENSOR_INSTR : 0
	CORE5_TOT_INSTR    : 885973
Core: 6
	CORE6_TOT_CYCLES   : 885974
	CORE6_STALL_CYCLES : 306774
	CORE6_LD_INSTR     : 1024
	CORE6_ST_INSTR     : 1024
	CORE6_TENSOR_INSTR : 0
	CORE6_TOT_INSTR    : 885974
Core: 7
	CORE7_TOT_CYCLES   : 885975
	CORE7_STALL_CYCLES : 314853
	CORE7_LD_INSTR     : 1024
	CORE7_ST_INSTR     : 1024
	CORE7_TENSOR_INSTR : 0
	CORE7_TOT_INSTR    : 885975
========== starting kernel 5 ==========
RAM resp id:125000 m_cycle=890999 req_time=890796 resp_time=203 total_latency=14177438
[Cycle: 900000]: mem_requests: 125815, mem_responses: 125793, avg_latency: 113
RAM resp id:126000 m_cycle=902105 req_time=901902 resp_time=203 total_latency=14320835
RAM resp id:127000 m_cycle=911672 req_time=911469 resp_time=203 total_latency=14446733
RAM resp id:128000 m_cycle=920987 req_time=920784 resp_time=203 total_latency=14573477
RAM resp id:129000 m_cycle=930611 req_time=0 resp_time=0 total_latency=14699205
RAM resp id:130000 m_cycle=940130 req_time=939927 resp_time=203 total_latency=14826098
RAM resp id:131000 m_cycle=949660 req_time=0 resp_time=0 total_latency=14951362
RAM resp id:132000 m_cycle=959138 req_time=958935 resp_time=203 total_latency=15077260
RAM resp id:133000 m_cycle=968641 req_time=968438 resp_time=203 total_latency=15203750
RAM resp id:134000 m_cycle=978121 req_time=977918 resp_time=203 total_latency=15329424
RAM resp id:135000 m_cycle=987605 req_time=987402 resp_time=203 total_latency=15455312
RAM resp id:136000 m_cycle=997186 req_time=0 resp_time=0 total_latency=15580578
[Cycle: 1000000]: mem_requests: 136313, mem_responses: 136290, avg_latency: 114
RAM resp id:137000 m_cycle=1006616 req_time=1006413 resp_time=203 total_latency=15706656
RAM resp id:138000 m_cycle=1016167 req_time=1015964 resp_time=203 total_latency=15832735
RAM resp id:139000 m_cycle=1025723 req_time=1025520 resp_time=203 total_latency=15959015
RAM resp id:140000 m_cycle=1035153 req_time=1034950 resp_time=203 total_latency=16084476
RAM resp id:141000 m_cycle=1044717 req_time=0 resp_time=0 total_latency=16211570
RAM resp id:142000 m_cycle=1054304 req_time=0 resp_time=0 total_latency=16337048
RAM resp id:143000 m_cycle=1063777 req_time=1063574 resp_time=203 total_latency=16463535
RAM resp id:144000 m_cycle=1073302 req_time=0 resp_time=0 total_latency=16589618
RAM resp id:145000 m_cycle=1082894 req_time=1082691 resp_time=203 total_latency=16716915
RAM resp id:146000 m_cycle=1092461 req_time=1092258 resp_time=203 total_latency=16842801
[Cycle: 1100000]: mem_requests: 146814, mem_responses: 146789, avg_latency: 115
RAM resp id:147000 m_cycle=1101901 req_time=1101698 resp_time=203 total_latency=16969081
RAM resp id:148000 m_cycle=1111544 req_time=1111341 resp_time=203 total_latency=17095164
RAM resp id:149000 m_cycle=1121029 req_time=0 resp_time=0 total_latency=17220843
RAM resp id:150000 m_cycle=1130471 req_time=0 resp_time=0 total_latency=17347124
RAM resp id:151000 m_cycle=1140068 req_time=1139865 resp_time=203 total_latency=17473203
RAM resp id:152000 m_cycle=1149533 req_time=1149330 resp_time=203 total_latency=17598877
RAM resp id:153000 m_cycle=1159004 req_time=1158801 resp_time=203 total_latency=17725171
RAM resp id:154000 m_cycle=1168540 req_time=1168337 resp_time=203 total_latency=17851473
RAM resp id:155000 m_cycle=1178120 req_time=1177917 resp_time=203 total_latency=17977552
RAM resp id:156000 m_cycle=1187507 req_time=0 resp_time=0 total_latency=18103436
RAM resp id:157000 m_cycle=1197152 req_time=1196949 resp_time=203 total_latency=18229108
[Cycle: 1200000]: mem_requests: 157322, mem_responses: 157305, avg_latency: 116
core 1 retired
RAM resp id:158000 m_cycle=1206713 req_time=0 resp_time=0 total_latency=18355581
core 3 retired
core 7 retired
core 0 retired
core 6 retired
core 5 retired
core 2 retired
core 4 retired
========== kernel 5 summary ==========
Core: 0
	CORE0_TOT_CYCLES   : 1207901
	CORE0_STALL_CYCLES : 359194
	CORE0_LD_INSTR     : 1024
	CORE0_ST_INSTR     : 1601
	CORE0_TENSOR_INSTR : 0
	CORE0_TOT_INSTR    : 1207901
Core: 1
	CORE1_TOT_CYCLES   : 1206162
	CORE1_STALL_CYCLES : 366541
	CORE1_LD_INSTR     : 1024
	CORE1_ST_INSTR     : 1591
	CORE1_TENSOR_INSTR : 0
	CORE1_TOT_INSTR    : 1206162
Core: 2
	CORE2_TOT_CYCLES   : 1208369
	CORE2_STALL_CYCLES : 366804
	CORE2_LD_INSTR     : 1024
	CORE2_ST_INSTR     : 1604
	CORE2_TENSOR_INSTR : 0
	CORE2_TOT_INSTR    : 1208369
Core: 3
	CORE3_TOT_CYCLES   : 1206732
	CORE3_STALL_CYCLES : 371588
	CORE3_LD_INSTR     : 1016
	CORE3_ST_INSTR     : 1596
	CORE3_TENSOR_INSTR : 0
	CORE3_TOT_INSTR    : 1206732
Core: 4
	CORE4_TOT_CYCLES   : 1208482
	CORE4_STALL_CYCLES : 368928
	CORE4_LD_INSTR     : 1032
	CORE4_ST_INSTR     : 1603
	CORE4_TENSOR_INSTR : 0
	CORE4_TOT_INSTR    : 1208482
Core: 5
	CORE5_TOT_CYCLES   : 1208311
	CORE5_STALL_CYCLES : 366909
	CORE5_LD_INSTR     : 1024
	CORE5_ST_INSTR     : 1603
	CORE5_TENSOR_INSTR : 0
	CORE5_TOT_INSTR    : 1208311
Core: 6
	CORE6_TOT_CYCLES   : 1208201
	CORE6_STALL_CYCLES : 358876
	CORE6_LD_INSTR     : 1024
	CORE6_ST_INSTR     : 1602
	CORE6_TENSOR_INSTR : 0
	CORE6_TOT_INSTR    : 1208201
Core: 7
	CORE7_TOT_CYCLES   : 1207604
	CORE7_STALL_CYCLES : 366411
	CORE7_LD_INSTR     : 1024
	CORE7_ST_INSTR     : 1599
	CORE7_TENSOR_INSTR : 0
	CORE7_TOT_INSTR    : 1207604
========== starting kernel 6 ==========
RAM resp id:159000 m_cycle=1214528 req_time=1214325 resp_time=203 total_latency=18545813
RAM resp id:160000 m_cycle=1221811 req_time=0 resp_time=0 total_latency=18745807
core 2 retired
core 4 retired
core 1 retired
core 7 retired
RAM resp id:161000 m_cycle=1227801 req_time=1227598 resp_time=203 total_latency=18908852
core 0 retired
core 6 retired
core 3 retired
core 5 retired
========== kernel 6 summary ==========
Core: 0
	CORE0_TOT_CYCLES   : 1231305
	CORE0_STALL_CYCLES : 376394
	CORE0_LD_INSTR     : 337
	CORE0_ST_INSTR     : 63
	CORE0_TENSOR_INSTR : 0
	CORE0_TOT_INSTR    : 1231305
Core: 1
	CORE1_TOT_CYCLES   : 1227514
	CORE1_STALL_CYCLES : 380032
	CORE1_LD_INSTR     : 254
	CORE1_ST_INSTR     : 64
	CORE1_TENSOR_INSTR : 0
	CORE1_TOT_INSTR    : 1227514
Core: 2
	CORE2_TOT_CYCLES   : 1227190
	CORE2_STALL_CYCLES : 379972
	CORE2_LD_INSTR     : 255
	CORE2_ST_INSTR     : 62
	CORE2_TENSOR_INSTR : 0
	CORE2_TOT_INSTR    : 1227190
Core: 3
	CORE3_TOT_CYCLES   : 1231519
	CORE3_STALL_CYCLES : 389001
	CORE3_LD_INSTR     : 338
	CORE3_ST_INSTR     : 63
	CORE3_TENSOR_INSTR : 0
	CORE3_TOT_INSTR    : 1231519
Core: 4
	CORE4_TOT_CYCLES   : 1227221
	CORE4_STALL_CYCLES : 382124
	CORE4_LD_INSTR     : 259
	CORE4_ST_INSTR     : 61
	CORE4_TENSOR_INSTR : 0
	CORE4_TOT_INSTR    : 1227221
Core: 5
	CORE5_TOT_CYCLES   : 1231653
	CORE5_STALL_CYCLES : 384451
	CORE5_LD_INSTR     : 343
	CORE5_ST_INSTR     : 63
	CORE5_TENSOR_INSTR : 0
	CORE5_TOT_INSTR    : 1231653
Core: 6
	CORE6_TOT_CYCLES   : 1231347
	CORE6_STALL_CYCLES : 376116
	CORE6_LD_INSTR     : 340
	CORE6_ST_INSTR     : 62
	CORE6_TENSOR_INSTR : 0
	CORE6_TOT_INSTR    : 1231347
Core: 7
	CORE7_TOT_CYCLES   : 1227543
	CORE7_STALL_CYCLES : 379926
	CORE7_LD_INSTR     : 260
	CORE7_ST_INSTR     : 63
	CORE7_TENSOR_INSTR : 0
	CORE7_TOT_INSTR    : 1227543
========== starting kernel 7 ==========
RAM resp id:162000 m_cycle=1241370 req_time=1241167 resp_time=203 total_latency=19104765
RAM resp id:163000 m_cycle=1255601 req_time=1255398 resp_time=203 total_latency=19256151
RAM resp id:164000 m_cycle=1274261 req_time=1274058 resp_time=203 total_latency=19420212
RAM resp id:165000 m_cycle=1292037 req_time=0 resp_time=0 total_latency=19601725
[Cycle: 1300000]: mem_requests: 165783, mem_responses: 165783, avg_latency: 118
RAM resp id:166000 m_cycle=1304213 req_time=1304010 resp_time=203 total_latency=19761298
RAM resp id:167000 m_cycle=1318544 req_time=1318341 resp_time=203 total_latency=19911735
RAM resp id:168000 m_cycle=1336537 req_time=0 resp_time=0 total_latency=20082067
RAM resp id:169000 m_cycle=1353380 req_time=1353177 resp_time=203 total_latency=20264600
RAM resp id:170000 m_cycle=1363882 req_time=1363679 resp_time=203 total_latency=20416082
RAM resp id:171000 m_cycle=1379521 req_time=1379318 resp_time=203 total_latency=20567558
RAM resp id:172000 m_cycle=1398303 req_time=1398100 resp_time=203 total_latency=20732026
[Cycle: 1400000]: mem_requests: 172278, mem_responses: 172264, avg_latency: 120
RAM resp id:173000 m_cycle=1415981 req_time=1415778 resp_time=203 total_latency=20911713
RAM resp id:174000 m_cycle=1427384 req_time=1427180 resp_time=204 total_latency=21070904
RAM resp id:175000 m_cycle=1442016 req_time=1441813 resp_time=203 total_latency=21219524
RAM resp id:176000 m_cycle=1459595 req_time=1459392 resp_time=203 total_latency=21373825
RAM resp id:177000 m_cycle=1478599 req_time=1478396 resp_time=203 total_latency=21533197
RAM resp id:178000 m_cycle=1496987 req_time=1496784 resp_time=203 total_latency=21688325
[Cycle: 1500000]: mem_requests: 178293, mem_responses: 178286, avg_latency: 121
RAM resp id:179000 m_cycle=1516192 req_time=0 resp_time=0 total_latency=21833283
RAM resp id:180000 m_cycle=1535224 req_time=1535021 resp_time=203 total_latency=21981897
RAM resp id:181000 m_cycle=1554889 req_time=1554686 resp_time=203 total_latency=22124829
RAM resp id:182000 m_cycle=1572929 req_time=1572726 resp_time=203 total_latency=22267969
RAM resp id:183000 m_cycle=1591848 req_time=1591645 resp_time=203 total_latency=22423696
[Cycle: 1600000]: mem_requests: 183391, mem_responses: 183384, avg_latency: 122
RAM resp id:184000 m_cycle=1610397 req_time=1610194 resp_time=203 total_latency=22573734
RAM resp id:185000 m_cycle=1629565 req_time=1629362 resp_time=203 total_latency=22716256
RAM resp id:186000 m_cycle=1648059 req_time=1647856 resp_time=203 total_latency=22872406
RAM resp id:187000 m_cycle=1667268 req_time=1667065 resp_time=203 total_latency=23021838
RAM resp id:188000 m_cycle=1685311 req_time=1685108 resp_time=203 total_latency=23172892
[Cycle: 1700000]: mem_requests: 188596, mem_responses: 188584, avg_latency: 123
RAM resp id:189000 m_cycle=1704351 req_time=1704148 resp_time=203 total_latency=23318259
RAM resp id:190000 m_cycle=1722283 req_time=1722080 resp_time=203 total_latency=23477026
RAM resp id:191000 m_cycle=1740273 req_time=1740070 resp_time=203 total_latency=23637015
RAM resp id:192000 m_cycle=1759516 req_time=0 resp_time=0 total_latency=23796601
RAM resp id:193000 m_cycle=1777316 req_time=1777113 resp_time=203 total_latency=23951719
RAM resp id:194000 m_cycle=1796879 req_time=1796676 resp_time=203 total_latency=24102162
[Cycle: 1800000]: mem_requests: 194360, mem_responses: 194349, avg_latency: 124
RAM resp id:195000 m_cycle=1815237 req_time=0 resp_time=0 total_latency=24249761
RAM resp id:196000 m_cycle=1835151 req_time=1834948 resp_time=203 total_latency=24396748
core 4 retired
core 5 retired
core 3 retired
core 7 retired
core 1 retired
core 2 retired
core 0 retired
RAM resp id:197000 m_cycle=1858517 req_time=1858314 resp_time=203 total_latency=24537643
core 6 retired
========== kernel 7 summary ==========
Core: 0
	CORE0_TOT_CYCLES   : 1856266
	CORE0_STALL_CYCLES : 462287
	CORE0_LD_INSTR     : 2359
	CORE0_ST_INSTR     : 1048
	CORE0_TENSOR_INSTR : 0
	CORE0_TOT_INSTR    : 1856266
Core: 1
	CORE1_TOT_CYCLES   : 1855781
	CORE1_STALL_CYCLES : 465458
	CORE1_LD_INSTR     : 2347
	CORE1_ST_INSTR     : 1042
	CORE1_TENSOR_INSTR : 0
	CORE1_TOT_INSTR    : 1855781
Core: 2
	CORE2_TOT_CYCLES   : 1855920
	CORE2_STALL_CYCLES : 465529
	CORE2_LD_INSTR     : 2351
	CORE2_ST_INSTR     : 1046
	CORE2_TENSOR_INSTR : 0
	CORE2_TOT_INSTR    : 1855920
Core: 3
	CORE3_TOT_CYCLES   : 1853819
	CORE3_STALL_CYCLES : 472438
	CORE3_LD_INSTR     : 2373
	CORE3_ST_INSTR     : 1043
	CORE3_TENSOR_INSTR : 0
	CORE3_TOT_INSTR    : 1853819
Core: 4
	CORE4_TOT_CYCLES   : 1852523
	CORE4_STALL_CYCLES : 464165
	CORE4_LD_INSTR     : 2478
	CORE4_ST_INSTR     : 1038
	CORE4_TENSOR_INSTR : 0
	CORE4_TOT_INSTR    : 1852523
Core: 5
	CORE5_TOT_CYCLES   : 1853742
	CORE5_STALL_CYCLES : 467813
	CORE5_LD_INSTR     : 2372
	CORE5_ST_INSTR     : 1042
	CORE5_TENSOR_INSTR : 0
	CORE5_TOT_INSTR    : 1853742
Core: 6
	CORE6_TOT_CYCLES   : 1867352
	CORE6_STALL_CYCLES : 472956
	CORE6_LD_INSTR     : 2492
	CORE6_ST_INSTR     : 1054
	CORE6_TENSOR_INSTR : 0
	CORE6_TOT_INSTR    : 1867352
Core: 7
	CORE7_TOT_CYCLES   : 1854205
	CORE7_STALL_CYCLES : 463744
	CORE7_LD_INSTR     : 2377
	CORE7_ST_INSTR     : 1044
	CORE7_TENSOR_INSTR : 0
	CORE7_TOT_INSTR    : 1854205
========== starting kernel 8 ==========
RAM resp id:198000 m_cycle=1875843 req_time=1875640 resp_time=203 total_latency=24721555
RAM resp id:199000 m_cycle=1882800 req_time=1882597 resp_time=203 total_latency=24866539
RAM resp id:200000 m_cycle=1888556 req_time=0 resp_time=0 total_latency=24987119
RAM resp id:201000 m_cycle=1893563 req_time=1893359 resp_time=204 total_latency=25093575
RAM resp id:202000 m_cycle=1898537 req_time=0 resp_time=0 total_latency=25195165
[Cycle: 1900000]: mem_requests: 202350, mem_responses: 202294, avg_latency: 124
RAM resp id:203000 m_cycle=1903456 req_time=0 resp_time=0 total_latency=25299183
RAM resp id:204000 m_cycle=1908355 req_time=1908151 resp_time=204 total_latency=25401591
RAM resp id:205000 m_cycle=1913410 req_time=1913207 resp_time=203 total_latency=25507018
RAM resp id:206000 m_cycle=1918334 req_time=1918131 resp_time=203 total_latency=25606178
RAM resp id:207000 m_cycle=1923290 req_time=0 resp_time=0 total_latency=25712630
RAM resp id:208000 m_cycle=1928267 req_time=1928063 resp_time=204 total_latency=25814423
RAM resp id:209000 m_cycle=1933220 req_time=0 resp_time=0 total_latency=25916816
RAM resp id:210000 m_cycle=1938152 req_time=0 resp_time=0 total_latency=26020845
RAM resp id:211000 m_cycle=1943199 req_time=1942995 resp_time=204 total_latency=26125261
RAM resp id:212000 m_cycle=1948106 req_time=1947903 resp_time=203 total_latency=26227056
RAM resp id:213000 m_cycle=1953017 req_time=1952814 resp_time=203 total_latency=26331889
RAM resp id:214000 m_cycle=1957995 req_time=1957791 resp_time=204 total_latency=26433681
RAM resp id:215000 m_cycle=1962998 req_time=1962795 resp_time=203 total_latency=26536679
RAM resp id:216000 m_cycle=1967924 req_time=0 resp_time=0 total_latency=26638475
RAM resp id:217000 m_cycle=1972927 req_time=1972723 resp_time=204 total_latency=26744519
RAM resp id:218000 m_cycle=1977905 req_time=0 resp_time=0 total_latency=26846513
RAM resp id:219000 m_cycle=1982816 req_time=0 resp_time=0 total_latency=26950534
RAM resp id:220000 m_cycle=1987723 req_time=1987519 resp_time=204 total_latency=27052939
RAM resp id:221000 m_cycle=1992734 req_time=1992531 resp_time=203 total_latency=27156748
RAM resp id:222000 m_cycle=1997702 req_time=1997499 resp_time=203 total_latency=27257526
[Cycle: 2000000]: mem_requests: 222506, mem_responses: 222474, avg_latency: 122
RAM resp id:223000 m_cycle=2002621 req_time=2002418 resp_time=203 total_latency=27363174
RAM resp id:224000 m_cycle=2007635 req_time=2007431 resp_time=204 total_latency=27465771
RAM resp id:225000 m_cycle=2012570 req_time=2012367 resp_time=203 total_latency=27567972
RAM resp id:226000 m_cycle=2017520 req_time=0 resp_time=0 total_latency=27672193
RAM resp id:227000 m_cycle=2022455 req_time=2022251 resp_time=204 total_latency=27773787
RAM resp id:228000 m_cycle=2027474 req_time=2027271 resp_time=203 total_latency=27878404
RAM resp id:229000 m_cycle=2032392 req_time=0 resp_time=0 total_latency=27977767
core 0 retired
core 1 retired
core 2 retired
core 3 retired
core 4 retired
core 5 retired
core 6 retired
core 7 retired
========== kernel 8 summary ==========
Core: 0
	CORE0_TOT_CYCLES   : 2032817
	CORE0_STALL_CYCLES : 531423
	CORE0_LD_INSTR     : 2120
	CORE0_ST_INSTR     : 0
	CORE0_TENSOR_INSTR : 0
	CORE0_TOT_INSTR    : 2032817
Core: 1
	CORE1_TOT_CYCLES   : 2032818
	CORE1_STALL_CYCLES : 534595
	CORE1_LD_INSTR     : 2120
	CORE1_ST_INSTR     : 0
	CORE1_TENSOR_INSTR : 0
	CORE1_TOT_INSTR    : 2032818
Core: 2
	CORE2_TOT_CYCLES   : 2032821
	CORE2_STALL_CYCLES : 534669
	CORE2_LD_INSTR     : 2120
	CORE2_ST_INSTR     : 0
	CORE2_TENSOR_INSTR : 0
	CORE2_TOT_INSTR    : 2032821
Core: 3
	CORE3_TOT_CYCLES   : 2032822
	CORE3_STALL_CYCLES : 541579
	CORE3_LD_INSTR     : 2120
	CORE3_ST_INSTR     : 0
	CORE3_TENSOR_INSTR : 0
	CORE3_TOT_INSTR    : 2032822
Core: 4
	CORE4_TOT_CYCLES   : 2032825
	CORE4_STALL_CYCLES : 533309
	CORE4_LD_INSTR     : 2120
	CORE4_ST_INSTR     : 0
	CORE4_TENSOR_INSTR : 0
	CORE4_TOT_INSTR    : 2032825
Core: 5
	CORE5_TOT_CYCLES   : 2032826
	CORE5_STALL_CYCLES : 536958
	CORE5_LD_INSTR     : 2120
	CORE5_ST_INSTR     : 0
	CORE5_TENSOR_INSTR : 0
	CORE5_TOT_INSTR    : 2032826
Core: 6
	CORE6_TOT_CYCLES   : 2032829
	CORE6_STALL_CYCLES : 542104
	CORE6_LD_INSTR     : 2120
	CORE6_ST_INSTR     : 0
	CORE6_TENSOR_INSTR : 0
	CORE6_TOT_INSTR    : 2032829
Core: 7
	CORE7_TOT_CYCLES   : 2032830
	CORE7_STALL_CYCLES : 532893
	CORE7_LD_INSTR     : 2120
	CORE7_ST_INSTR     : 0
	CORE7_TENSOR_INSTR : 0
	CORE7_TOT_INSTR    : 2032830
========== starting kernel 9 ==========
RAM resp id:230000 m_cycle=2039066 req_time=0 resp_time=0 total_latency=28146787
RAM resp id:231000 m_cycle=2044240 req_time=2044037 resp_time=203 total_latency=28279752
RAM resp id:232000 m_cycle=2049573 req_time=2049370 resp_time=203 total_latency=28417792
RAM resp id:233000 m_cycle=2054877 req_time=0 resp_time=0 total_latency=28549539
RAM resp id:234000 m_cycle=2060199 req_time=2059996 resp_time=203 total_latency=28687376
RAM resp id:235000 m_cycle=2065503 req_time=0 resp_time=0 total_latency=28822371
RAM resp id:236000 m_cycle=2070669 req_time=2070466 resp_time=203 total_latency=28956960
RAM resp id:237000 m_cycle=2076010 req_time=2075807 resp_time=203 total_latency=29095000
RAM resp id:238000 m_cycle=2081311 req_time=2081108 resp_time=203 total_latency=29226544
RAM resp id:239000 m_cycle=2086636 req_time=2086433 resp_time=203 total_latency=29364584
RAM resp id:240000 m_cycle=2091940 req_time=0 resp_time=0 total_latency=29497955
RAM resp id:241000 m_cycle=2097098 req_time=2096895 resp_time=203 total_latency=29634168
core 0 retired
core 1 retired
core 2 retired
core 3 retired
core 4 retired
core 5 retired
core 6 retired
core 7 retired
========== kernel 9 summary ==========
Core: 0
	CORE0_TOT_CYCLES   : 2097855
	CORE0_STALL_CYCLES : 576479
	CORE0_LD_INSTR     : 512
	CORE0_ST_INSTR     : 512
	CORE0_TENSOR_INSTR : 0
	CORE0_TOT_INSTR    : 2097855
Core: 1
	CORE1_TOT_CYCLES   : 2097856
	CORE1_STALL_CYCLES : 579652
	CORE1_LD_INSTR     : 512
	CORE1_ST_INSTR     : 512
	CORE1_TENSOR_INSTR : 0
	CORE1_TOT_INSTR    : 2097856
Core: 2
	CORE2_TOT_CYCLES   : 2097857
	CORE2_STALL_CYCLES : 579727
	CORE2_LD_INSTR     : 512
	CORE2_ST_INSTR     : 512
	CORE2_TENSOR_INSTR : 0
	CORE2_TOT_INSTR    : 2097857
Core: 3
	CORE3_TOT_CYCLES   : 2097858
	CORE3_STALL_CYCLES : 586638
	CORE3_LD_INSTR     : 512
	CORE3_ST_INSTR     : 512
	CORE3_TENSOR_INSTR : 0
	CORE3_TOT_INSTR    : 2097858
Core: 4
	CORE4_TOT_CYCLES   : 2097859
	CORE4_STALL_CYCLES : 578369
	CORE4_LD_INSTR     : 512
	CORE4_ST_INSTR     : 512
	CORE4_TENSOR_INSTR : 0
	CORE4_TOT_INSTR    : 2097859
Core: 5
	CORE5_TOT_CYCLES   : 2097860
	CORE5_STALL_CYCLES : 582019
	CORE5_LD_INSTR     : 512
	CORE5_ST_INSTR     : 512
	CORE5_TENSOR_INSTR : 0
	CORE5_TOT_INSTR    : 2097860
Core: 6
	CORE6_TOT_CYCLES   : 2097861
	CORE6_STALL_CYCLES : 587166
	CORE6_LD_INSTR     : 512
	CORE6_ST_INSTR     : 512
	CORE6_TENSOR_INSTR : 0
	CORE6_TOT_INSTR    : 2097861
Core: 7
	CORE7_TOT_CYCLES   : 2097862
	CORE7_STALL_CYCLES : 577956
	CORE7_LD_INSTR     : 512
	CORE7_ST_INSTR     : 512
	CORE7_TENSOR_INSTR : 0
	CORE7_TOT_INSTR    : 2097862
========== starting kernel 10 ==========
[Cycle: 2100000]: mem_requests: 241291, mem_responses: 241282, avg_latency: 123
RAM resp id:242000 m_cycle=2109313 req_time=2109110 resp_time=203 total_latency=29802361
RAM resp id:243000 m_cycle=2119125 req_time=2118922 resp_time=203 total_latency=29927430
RAM resp id:244000 m_cycle=2128508 req_time=2128305 resp_time=203 total_latency=30052694
RAM resp id:245000 m_cycle=2138118 req_time=2137915 resp_time=203 total_latency=30179179
RAM resp id:246000 m_cycle=2147757 req_time=0 resp_time=0 total_latency=30304849
RAM resp id:247000 m_cycle=2157430 req_time=2157227 resp_time=203 total_latency=30431531
RAM resp id:248000 m_cycle=2167125 req_time=2166922 resp_time=203 total_latency=30557815
RAM resp id:249000 m_cycle=2176584 req_time=2176381 resp_time=203 total_latency=30684299
RAM resp id:250000 m_cycle=2186298 req_time=2186095 resp_time=203 total_latency=30810581
RAM resp id:251000 m_cycle=2195870 req_time=0 resp_time=0 total_latency=30936260
[Cycle: 2200000]: mem_requests: 251436, mem_responses: 251415, avg_latency: 123
RAM resp id:252000 m_cycle=2205626 req_time=0 resp_time=0 total_latency=31062745
RAM resp id:253000 m_cycle=2215242 req_time=0 resp_time=0 total_latency=31189433
RAM resp id:254000 m_cycle=2224882 req_time=2224679 resp_time=203 total_latency=31315511
RAM resp id:255000 m_cycle=2234383 req_time=0 resp_time=0 total_latency=31442003
RAM resp id:256000 m_cycle=2244164 req_time=0 resp_time=0 total_latency=31567463
RAM resp id:257000 m_cycle=2253819 req_time=2253616 resp_time=203 total_latency=31693945
core 0 retired
core 5 retired
core 4 retired
core 1 retired
core 6 retired
core 3 retired
core 7 retired
core 2 retired
========== kernel 10 summary ==========
Core: 0
	CORE0_TOT_CYCLES   : 2259406
	CORE0_STALL_CYCLES : 601007
	CORE0_LD_INSTR     : 512
	CORE0_ST_INSTR     : 794
	CORE0_TENSOR_INSTR : 0
	CORE0_TOT_INSTR    : 2259406
Core: 1
	CORE1_TOT_CYCLES   : 2260620
	CORE1_STALL_CYCLES : 605480
	CORE1_LD_INSTR     : 512
	CORE1_ST_INSTR     : 801
	CORE1_TENSOR_INSTR : 0
	CORE1_TOT_INSTR    : 2260620
Core: 2
	CORE2_TOT_CYCLES   : 2261199
	CORE2_STALL_CYCLES : 606085
	CORE2_LD_INSTR     : 512
	CORE2_ST_INSTR     : 804
	CORE2_TENSOR_INSTR : 0
	CORE2_TOT_INSTR    : 2261199
Core: 3
	CORE3_TOT_CYCLES   : 2260813
	CORE3_STALL_CYCLES : 612646
	CORE3_LD_INSTR     : 512
	CORE3_ST_INSTR     : 802
	CORE3_TENSOR_INSTR : 0
	CORE3_TOT_INSTR    : 2260813
Core: 4
	CORE4_TOT_CYCLES   : 2259736
	CORE4_STALL_CYCLES : 603292
	CORE4_LD_INSTR     : 512
	CORE4_ST_INSTR     : 796
	CORE4_TENSOR_INSTR : 0
	CORE4_TOT_INSTR    : 2259736
Core: 5
	CORE5_TOT_CYCLES   : 2259688
	CORE5_STALL_CYCLES : 606934
	CORE5_LD_INSTR     : 512
	CORE5_ST_INSTR     : 796
	CORE5_TENSOR_INSTR : 0
	CORE5_TOT_INSTR    : 2259688
Core: 6
	CORE6_TOT_CYCLES   : 2260719
	CORE6_STALL_CYCLES : 613200
	CORE6_LD_INSTR     : 512
	CORE6_ST_INSTR     : 802
	CORE6_TENSOR_INSTR : 0
	CORE6_TOT_INSTR    : 2260719
Core: 7
	CORE7_TOT_CYCLES   : 2260855
	CORE7_STALL_CYCLES : 603958
	CORE7_LD_INSTR     : 512
	CORE7_ST_INSTR     : 802
	CORE7_TENSOR_INSTR : 0
	CORE7_TOT_INSTR    : 2260855
========== starting kernel 11 ==========
RAM resp id:258000 m_cycle=2264437 req_time=2264234 resp_time=203 total_latency=31835975
core 1 retired
core 2 retired
core 3 retired
core 4 retired
core 5 retired
core 7 retired
core 0 retired
core 6 retired
========== kernel 11 summary ==========
Core: 0
	CORE0_TOT_CYCLES   : 2275674
	CORE0_STALL_CYCLES : 604208
	CORE0_LD_INSTR     : 129
	CORE0_ST_INSTR     : 8
	CORE0_TENSOR_INSTR : 0
	CORE0_TOT_INSTR    : 2275674
Core: 1
	CORE1_TOT_CYCLES   : 2275609
	CORE1_STALL_CYCLES : 608617
	CORE1_LD_INSTR     : 128
	CORE1_ST_INSTR     : 8
	CORE1_TENSOR_INSTR : 0
	CORE1_TOT_INSTR    : 2275609
Core: 2
	CORE2_TOT_CYCLES   : 2275611
	CORE2_STALL_CYCLES : 609224
	CORE2_LD_INSTR     : 128
	CORE2_ST_INSTR     : 8
	CORE2_TENSOR_INSTR : 0
	CORE2_TOT_INSTR    : 2275611
Core: 3
	CORE3_TOT_CYCLES   : 2275612
	CORE3_STALL_CYCLES : 615786
	CORE3_LD_INSTR     : 128
	CORE3_ST_INSTR     : 8
	CORE3_TENSOR_INSTR : 0
	CORE3_TOT_INSTR    : 2275612
Core: 4
	CORE4_TOT_CYCLES   : 2275613
	CORE4_STALL_CYCLES : 606433
	CORE4_LD_INSTR     : 128
	CORE4_ST_INSTR     : 8
	CORE4_TENSOR_INSTR : 0
	CORE4_TOT_INSTR    : 2275613
Core: 5
	CORE5_TOT_CYCLES   : 2275614
	CORE5_STALL_CYCLES : 610076
	CORE5_LD_INSTR     : 128
	CORE5_ST_INSTR     : 8
	CORE5_TENSOR_INSTR : 0
	CORE5_TOT_INSTR    : 2275614
Core: 6
	CORE6_TOT_CYCLES   : 2275681
	CORE6_STALL_CYCLES : 616408
	CORE6_LD_INSTR     : 129
	CORE6_ST_INSTR     : 8
	CORE6_TENSOR_INSTR : 0
	CORE6_TOT_INSTR    : 2275681
Core: 7
	CORE7_TOT_CYCLES   : 2275615
	CORE7_STALL_CYCLES : 607101
	CORE7_LD_INSTR     : 128
	CORE7_ST_INSTR     : 8
	CORE7_TENSOR_INSTR : 0
	CORE7_TOT_INSTR    : 2275615
========== starting kernel 12 ==========
core 2 retired
core 3 retired
core 4 retired
core 5 retired
core 6 retired
core 7 retired
core 1 retired
core 0 retired
========== kernel 12 summary ==========
Core: 0
	CORE0_TOT_CYCLES   : 2279146
	CORE0_STALL_CYCLES : 604208
	CORE0_LD_INSTR     : 8
	CORE0_ST_INSTR     : 1
	CORE0_TENSOR_INSTR : 0
	CORE0_TOT_INSTR    : 2279146
Core: 1
	CORE1_TOT_CYCLES   : 2277708
	CORE1_STALL_CYCLES : 609182
	CORE1_LD_INSTR     : 7
	CORE1_ST_INSTR     : 0
	CORE1_TENSOR_INSTR : 0
	CORE1_TOT_INSTR    : 2277708
Core: 2
	CORE2_TOT_CYCLES   : 2275682
	CORE2_STALL_CYCLES : 609224
	CORE2_LD_INSTR     : 0
	CORE2_ST_INSTR     : 0
	CORE2_TENSOR_INSTR : 0
	CORE2_TOT_INSTR    : 2275682
Core: 3
	CORE3_TOT_CYCLES   : 2275682
	CORE3_STALL_CYCLES : 615786
	CORE3_LD_INSTR     : 0
	CORE3_ST_INSTR     : 0
	CORE3_TENSOR_INSTR : 0
	CORE3_TOT_INSTR    : 2275682
Core: 4
	CORE4_TOT_CYCLES   : 2275682
	CORE4_STALL_CYCLES : 606433
	CORE4_LD_INSTR     : 0
	CORE4_ST_INSTR     : 0
	CORE4_TENSOR_INSTR : 0
	CORE4_TOT_INSTR    : 2275682
Core: 5
	CORE5_TOT_CYCLES   : 2275682
	CORE5_STALL_CYCLES : 610076
	CORE5_LD_INSTR     : 0
	CORE5_ST_INSTR     : 0
	CORE5_TENSOR_INSTR : 0
	CORE5_TOT_INSTR    : 2275682
Core: 6
	CORE6_TOT_CYCLES   : 2275682
	CORE6_STALL_CYCLES : 616408
	CORE6_LD_INSTR     : 0
	CORE6_ST_INSTR     : 0
	CORE6_TENSOR_INSTR : 0
	CORE6_TOT_INSTR    : 2275682
Core: 7
	CORE7_TOT_CYCLES   : 2275682
	CORE7_STALL_CYCLES : 607101
	CORE7_LD_INSTR     : 0
	CORE7_ST_INSTR     : 0
	CORE7_TENSOR_INSTR : 0
	CORE7_TOT_INSTR    : 2275682
GPU Retired.
**************************************************
Simulation finished @ Wed Feb 18 21:05:56 2026

Total simulation time: 0:0:28

============= MacSim Stats =============
Macsim:
	NUM_CYCLES              : 2279145
	NUM_INSTRS_RETIRED      : 12896154
	NUM_STALL_CYCLES        : 4878418
	NUM_MEM_REQUESTS        : 258899
	NUM_MEM_RESPONSES       : 258899
	AVG_RESPONSE_LATENCY    : 123
	NUM_TTIMEDOUT_REQUESTS  : 0
	INSTR_PER_CYCLE         : 5.658330
Cache:
	CACHE_NUM_ACCESSES    : 726982
	CACHE_NUM_HITS        : 276185
	CACHE_HIT_RATE_PERC   : 37.99
	MISSES_PER_1000_INSTR : 34.96

========================================

[END OF GPU SIMULATION]
